This file contains any messages produced by compilers while
running configure, to aid debugging if configure makes a mistake.

It was created by capdAlg configure 1.0, which was
generated by GNU Autoconf 2.69.  Invocation command line was

  $ ./configure --disable-option-checking --prefix=/usr/local --cache-file=/dev/null --srcdir=.

## --------- ##
## Platform. ##
## --------- ##

hostname = parasara-HPENVY
uname -m = i686
uname -r = 3.0.0-32-generic-pae
uname -s = Linux
uname -v = #51-Ubuntu SMP Thu Mar 21 16:09:48 UTC 2013

/usr/bin/uname -p = unknown
/bin/uname -X     = unknown

/bin/arch              = unknown
/usr/bin/arch -k       = unknown
/usr/convex/getsysinfo = unknown
/usr/bin/hostinfo      = unknown
/bin/machine           = unknown
/usr/bin/oslevel       = unknown
/bin/universe          = unknown

PATH: /usr/lib/lightdm/lightdm
PATH: /usr/local/sbin
PATH: /usr/local/bin
PATH: /usr/sbin
PATH: /usr/bin
PATH: /sbin
PATH: /bin
PATH: /usr/games


## ----------- ##
## Core tests. ##
## ----------- ##

configure:2014: checking for /home/parasara/Documents/SimulinkSimulations/CAPD/newVer/DynSysNew/capd/capdAlg/./../capdMake
configure:2028: result: yes
configure:2084: checking for a BSD-compatible install
configure:2152: result: /usr/bin/install -c
configure:2163: checking whether build environment is sane
configure:2218: result: yes
configure:2369: checking for a thread-safe mkdir -p
configure:2408: result: /bin/mkdir -p
configure:2415: checking for gawk
configure:2431: found /usr/bin/gawk
configure:2442: result: gawk
configure:2453: checking whether make sets $(MAKE)
configure:2475: result: yes
configure:2504: checking whether make supports nested variables
configure:2521: result: yes
configure:2608: checking for style of include used by make
configure:2636: result: GNU
configure:2707: checking for gcc
configure:2723: found /usr/bin/gcc
configure:2734: result: gcc
configure:2963: checking for C compiler version
configure:2972: gcc --version >&5
gcc (Ubuntu/Linaro 4.6.1-9ubuntu3) 4.6.1
Copyright (C) 2011 Free Software Foundation, Inc.
This is free software; see the source for copying conditions.  There is NO
warranty; not even for MERCHANTABILITY or FITNESS FOR A PARTICULAR PURPOSE.

configure:2983: $? = 0
configure:2972: gcc -v >&5
Using built-in specs.
COLLECT_GCC=gcc
COLLECT_LTO_WRAPPER=/usr/lib/gcc/i686-linux-gnu/4.6.1/lto-wrapper
Target: i686-linux-gnu
Configured with: ../src/configure -v --with-pkgversion='Ubuntu/Linaro 4.6.1-9ubuntu3' --with-bugurl=file:///usr/share/doc/gcc-4.6/README.Bugs --enable-languages=c,c++,fortran,objc,obj-c++,go --prefix=/usr --program-suffix=-4.6 --enable-shared --enable-linker-build-id --with-system-zlib --libexecdir=/usr/lib --without-included-gettext --enable-threads=posix --with-gxx-include-dir=/usr/include/c++/4.6 --libdir=/usr/lib --enable-nls --with-sysroot=/ --enable-clocale=gnu --enable-libstdcxx-debug --enable-libstdcxx-time=yes --enable-plugin --enable-objc-gc --enable-targets=all --disable-werror --with-arch-32=i686 --with-tune=generic --enable-checking=release --build=i686-linux-gnu --host=i686-linux-gnu --target=i686-linux-gnu
Thread model: posix
gcc version 4.6.1 (Ubuntu/Linaro 4.6.1-9ubuntu3) 
configure:2983: $? = 0
configure:2972: gcc -V >&5
gcc: error: unrecognized option '-V'
gcc: fatal error: no input files
compilation terminated.
configure:2983: $? = 4
configure:2972: gcc -qversion >&5
gcc: error: unrecognized option '-qversion'
gcc: fatal error: no input files
compilation terminated.
configure:2983: $? = 4
configure:3003: checking whether the C compiler works
configure:3025: gcc    conftest.c  >&5
configure:3029: $? = 0
configure:3077: result: yes
configure:3080: checking for C compiler default output file name
configure:3082: result: a.out
configure:3088: checking for suffix of executables
configure:3095: gcc -o conftest    conftest.c  >&5
configure:3099: $? = 0
configure:3121: result: 
configure:3143: checking whether we are cross compiling
configure:3151: gcc -o conftest    conftest.c  >&5
configure:3155: $? = 0
configure:3162: ./conftest
configure:3166: $? = 0
configure:3181: result: no
configure:3186: checking for suffix of object files
configure:3208: gcc -c   conftest.c >&5
configure:3212: $? = 0
configure:3233: result: o
configure:3237: checking whether we are using the GNU C compiler
configure:3256: gcc -c   conftest.c >&5
configure:3256: $? = 0
configure:3265: result: yes
configure:3274: checking whether gcc accepts -g
configure:3294: gcc -c -g  conftest.c >&5
configure:3294: $? = 0
configure:3335: result: yes
configure:3352: checking for gcc option to accept ISO C89
configure:3415: gcc  -c -g -O2  conftest.c >&5
configure:3415: $? = 0
configure:3428: result: none needed
configure:3450: checking dependency style of gcc
configure:3561: result: gcc3
configure:3577: checking whether gcc and cc understand -c and -o together
configure:3608: gcc -c conftest.cpp -o conftest2.o >&5
configure:3612: $? = 0
configure:3618: gcc -c conftest.cpp -o conftest2.o >&5
configure:3622: $? = 0
configure:3633: cc -c conftest.cpp >&5
configure:3637: $? = 0
configure:3645: cc -c conftest.cpp -o conftest2.o >&5
configure:3649: $? = 0
configure:3655: cc -c conftest.cpp -o conftest2.o >&5
configure:3659: $? = 0
configure:3677: result: yes
configure:3710: checking whether to enable maintainer-specific portions of Makefiles
configure:3719: result: no
configure:3803: checking for g++
configure:3819: found /usr/bin/g++
configure:3830: result: g++
configure:3857: checking for C++ compiler version
configure:3866: g++ --version >&5
g++ (Ubuntu/Linaro 4.6.1-9ubuntu3) 4.6.1
Copyright (C) 2011 Free Software Foundation, Inc.
This is free software; see the source for copying conditions.  There is NO
warranty; not even for MERCHANTABILITY or FITNESS FOR A PARTICULAR PURPOSE.

configure:3877: $? = 0
configure:3866: g++ -v >&5
Using built-in specs.
COLLECT_GCC=g++
COLLECT_LTO_WRAPPER=/usr/lib/gcc/i686-linux-gnu/4.6.1/lto-wrapper
Target: i686-linux-gnu
Configured with: ../src/configure -v --with-pkgversion='Ubuntu/Linaro 4.6.1-9ubuntu3' --with-bugurl=file:///usr/share/doc/gcc-4.6/README.Bugs --enable-languages=c,c++,fortran,objc,obj-c++,go --prefix=/usr --program-suffix=-4.6 --enable-shared --enable-linker-build-id --with-system-zlib --libexecdir=/usr/lib --without-included-gettext --enable-threads=posix --with-gxx-include-dir=/usr/include/c++/4.6 --libdir=/usr/lib --enable-nls --with-sysroot=/ --enable-clocale=gnu --enable-libstdcxx-debug --enable-libstdcxx-time=yes --enable-plugin --enable-objc-gc --enable-targets=all --disable-werror --with-arch-32=i686 --with-tune=generic --enable-checking=release --build=i686-linux-gnu --host=i686-linux-gnu --target=i686-linux-gnu
Thread model: posix
gcc version 4.6.1 (Ubuntu/Linaro 4.6.1-9ubuntu3) 
configure:3877: $? = 0
configure:3866: g++ -V >&5
g++: error: unrecognized option '-V'
g++: fatal error: no input files
compilation terminated.
configure:3877: $? = 4
configure:3866: g++ -qversion >&5
g++: error: unrecognized option '-qversion'
g++: fatal error: no input files
compilation terminated.
configure:3877: $? = 4
configure:3881: checking whether we are using the GNU C++ compiler
configure:3900: g++ -c   conftest.cpp >&5
configure:3900: $? = 0
configure:3909: result: yes
configure:3918: checking whether g++ accepts -g
configure:3938: g++ -c -g  conftest.cpp >&5
configure:3938: $? = 0
configure:3979: result: yes
configure:4004: checking dependency style of g++
configure:4115: result: gcc3
configure:4132: checking for __gmpz_init in -lgmp
configure:4157: g++ -o conftest -g -O2   conftest.cpp -lgmp   >&5
configure:4157: $? = 0
configure:4166: result: yes
configure:4180: checking for exit in -lgmpxx
configure:4205: g++ -o conftest -g -O2   conftest.cpp -lgmpxx  -lgmp  >&5
configure:4205: $? = 0
configure:4214: result: yes
configure:4228: checking for mpfr_init in -lmpfr
configure:4253: g++ -o conftest -g -O2   conftest.cpp -lmpfr  -lgmpxx -lgmp  >&5
configure:4253: $? = 0
configure:4262: result: yes
configure:4581: checking for C++ compiler version
configure:4590: g++ --version >&5
g++ (Ubuntu/Linaro 4.6.1-9ubuntu3) 4.6.1
Copyright (C) 2011 Free Software Foundation, Inc.
This is free software; see the source for copying conditions.  There is NO
warranty; not even for MERCHANTABILITY or FITNESS FOR A PARTICULAR PURPOSE.

configure:4601: $? = 0
configure:4590: g++ -v >&5
Using built-in specs.
COLLECT_GCC=g++
COLLECT_LTO_WRAPPER=/usr/lib/gcc/i686-linux-gnu/4.6.1/lto-wrapper
Target: i686-linux-gnu
Configured with: ../src/configure -v --with-pkgversion='Ubuntu/Linaro 4.6.1-9ubuntu3' --with-bugurl=file:///usr/share/doc/gcc-4.6/README.Bugs --enable-languages=c,c++,fortran,objc,obj-c++,go --prefix=/usr --program-suffix=-4.6 --enable-shared --enable-linker-build-id --with-system-zlib --libexecdir=/usr/lib --without-included-gettext --enable-threads=posix --with-gxx-include-dir=/usr/include/c++/4.6 --libdir=/usr/lib --enable-nls --with-sysroot=/ --enable-clocale=gnu --enable-libstdcxx-debug --enable-libstdcxx-time=yes --enable-plugin --enable-objc-gc --enable-targets=all --disable-werror --with-arch-32=i686 --with-tune=generic --enable-checking=release --build=i686-linux-gnu --host=i686-linux-gnu --target=i686-linux-gnu
Thread model: posix
gcc version 4.6.1 (Ubuntu/Linaro 4.6.1-9ubuntu3) 
configure:4601: $? = 0
configure:4590: g++ -V >&5
g++: error: unrecognized option '-V'
g++: fatal error: no input files
compilation terminated.
configure:4601: $? = 4
configure:4590: g++ -qversion >&5
g++: error: unrecognized option '-qversion'
g++: fatal error: no input files
compilation terminated.
configure:4601: $? = 4
configure:4605: checking whether we are using the GNU C++ compiler
configure:4633: result: yes
configure:4642: checking whether g++ accepts -g
configure:4703: result: yes
configure:4728: checking dependency style of g++
configure:4839: result: gcc3
configure:4899: checking for ranlib
configure:4915: found /usr/bin/ranlib
configure:4926: result: ranlib
configure:5009: checking for pkg-config
configure:5027: found /usr/bin/pkg-config
configure:5039: result: /usr/bin/pkg-config
configure:5064: checking pkg-config is at least version 0.9.0
configure:5067: result: yes
configure:5077: checking for capdAux
configure:5084: $PKG_CONFIG --exists --print-errors "capdAux >= 1.0"
configure:5087: $? = 0
configure:5101: $PKG_CONFIG --exists --print-errors "capdAux >= 1.0"
configure:5104: $? = 0
configure:5162: result: yes
configure:5168: checking for capdExt
configure:5175: $PKG_CONFIG --exists --print-errors "capdExt >= 1.0"
configure:5178: $? = 0
configure:5192: $PKG_CONFIG --exists --print-errors "capdExt >= 1.0"
configure:5195: $? = 0
configure:5253: result: yes
configure:5367: checking that generated files are newer than configure
configure:5373: result: done
configure:5416: creating ./config.status

## ---------------------- ##
## Running config.status. ##
## ---------------------- ##

This file was extended by capdAlg config.status 1.0, which was
generated by GNU Autoconf 2.69.  Invocation command line was

  CONFIG_FILES    = 
  CONFIG_HEADERS  = 
  CONFIG_LINKS    = 
  CONFIG_COMMANDS = 
  $ ./config.status 

on parasara-HPENVY

config.status:926: creating ./../lib/pkgconfig-dev/mpcapdAlg.pc
config.status:926: creating src/mpcapd/mpcapdAlg.pc
config.status:926: creating ./../lib/pkgconfig-dev/mpcapdintervals.pc
config.status:926: creating src/mpcapd/intervals/mpcapdintervals.pc
config.status:926: creating ./../lib/pkgconfig-dev/mpcapdmatrixAlgorithms.pc
config.status:926: creating src/mpcapd/matrixAlgorithms/mpcapdmatrixAlgorithms.pc
config.status:926: creating ./../lib/pkgconfig-dev/mpcapdvectalg.pc
config.status:926: creating src/mpcapd/vectalg/mpcapdvectalg.pc
config.status:926: creating ./../lib/pkgconfig-dev/capdAlg.pc
config.status:926: creating src/capd/capdAlg.pc
config.status:926: creating ./../lib/pkgconfig-dev/capdbasicalg.pc
config.status:926: creating src/capd/basicalg/capdbasicalg.pc
config.status:926: creating ./../lib/pkgconfig-dev/capdalgfacade.pc
config.status:926: creating src/capd/algfacade/capdalgfacade.pc
config.status:926: creating ./../lib/pkgconfig-dev/capdintervals.pc
config.status:926: creating src/capd/intervals/capdintervals.pc
config.status:926: creating ./../lib/pkgconfig-dev/capdmatrixAlgorithms.pc
config.status:926: creating src/capd/matrixAlgorithms/capdmatrixAlgorithms.pc
config.status:926: creating ./../lib/pkgconfig-dev/capdrounding.pc
config.status:926: creating src/capd/rounding/capdrounding.pc
config.status:926: creating ./../lib/pkgconfig-dev/capdvectalg.pc
config.status:926: creating src/capd/vectalg/capdvectalg.pc
config.status:926: creating Makefile
config.status:926: creating include/Makefile
config.status:926: creating src/Makefile
config.status:926: creating src/capd/Makefile
config.status:926: creating src/capd/basicalg/Makefile
config.status:926: creating src/capd/algfacade/Makefile
config.status:926: creating src/capd/intervals/Makefile
config.status:926: creating src/capd/matrixAlgorithms/Makefile
config.status:926: creating src/capd/rounding/Makefile
config.status:926: creating src/capd/vectalg/Makefile
config.status:926: creating src/mpcapd/Makefile
config.status:926: creating src/mpcapd/intervals/Makefile
config.status:926: creating src/mpcapd/matrixAlgorithms/Makefile
config.status:926: creating src/mpcapd/vectalg/Makefile
config.status:926: creating include/capd/config-capdAlg.h
config.status:1155: executing depfiles commands
configure:6833: === configuring in examples (/home/parasara/Documents/SimulinkSimulations/CAPD/newVer/DynSysNew/capd/capdAlg/examples)
configure:6896: running /bin/bash ./configure --disable-option-checking '--prefix=/usr/local'  'PKG_CONFIG_PATH=/home/parasara/Documents/SimulinkSimulations/CAPD/newVer/DynSysNew/capd/lib/pkgconfig-dev' --cache-file=/dev/null --srcdir=.
configure:6833: === configuring in tests (/home/parasara/Documents/SimulinkSimulations/CAPD/newVer/DynSysNew/capd/capdAlg/tests)
configure:6896: running /bin/bash ./configure --disable-option-checking '--prefix=/usr/local'  'PKG_CONFIG_PATH=/home/parasara/Documents/SimulinkSimulations/CAPD/newVer/DynSysNew/capd/lib/pkgconfig-dev' --cache-file=/dev/null --srcdir=.

## ---------------- ##
## Cache variables. ##
## ---------------- ##

ac_cv_c_compiler_gnu=yes
ac_cv_cxx_compiler_gnu=yes
ac_cv_env_CCC_set=
ac_cv_env_CCC_value=
ac_cv_env_CC_set=
ac_cv_env_CC_value=
ac_cv_env_CFLAGS_set=
ac_cv_env_CFLAGS_value=
ac_cv_env_CPPFLAGS_set=
ac_cv_env_CPPFLAGS_value=
ac_cv_env_CXXFLAGS_set=
ac_cv_env_CXXFLAGS_value=
ac_cv_env_CXX_set=
ac_cv_env_CXX_value=
ac_cv_env_LDFLAGS_set=
ac_cv_env_LDFLAGS_value=
ac_cv_env_LIBS_set=
ac_cv_env_LIBS_value=
ac_cv_env_PKG_CONFIG_LIBDIR_set=
ac_cv_env_PKG_CONFIG_LIBDIR_value=
ac_cv_env_PKG_CONFIG_PATH_set=set
ac_cv_env_PKG_CONFIG_PATH_value=/home/parasara/Documents/SimulinkSimulations/CAPD/newVer/DynSysNew/capd/lib/pkgconfig-dev
ac_cv_env_PKG_CONFIG_set=
ac_cv_env_PKG_CONFIG_value=
ac_cv_env_build_alias_set=
ac_cv_env_build_alias_value=
ac_cv_env_capdAux_CFLAGS_set=
ac_cv_env_capdAux_CFLAGS_value=
ac_cv_env_capdAux_LIBS_set=
ac_cv_env_capdAux_LIBS_value=
ac_cv_env_capdExt_CFLAGS_set=
ac_cv_env_capdExt_CFLAGS_value=
ac_cv_env_capdExt_LIBS_set=
ac_cv_env_capdExt_LIBS_value=
ac_cv_env_host_alias_set=
ac_cv_env_host_alias_value=
ac_cv_env_target_alias_set=
ac_cv_env_target_alias_value=
ac_cv_file__home_parasara_Documents_SimulinkSimulations_CAPD_newVer_DynSysNew_capd_capdAlg______capdMake=yes
ac_cv_lib_gmp___gmpz_init=yes
ac_cv_lib_gmpxx_exit=yes
ac_cv_lib_mpfr_mpfr_init=yes
ac_cv_objext=o
ac_cv_path_ac_pt_PKG_CONFIG=/usr/bin/pkg-config
ac_cv_path_install='/usr/bin/install -c'
ac_cv_path_mkdir=/bin/mkdir
ac_cv_prog_AWK=gawk
ac_cv_prog_ac_ct_CC=gcc
ac_cv_prog_ac_ct_CXX=g++
ac_cv_prog_ac_ct_RANLIB=ranlib
ac_cv_prog_cc_c89=
ac_cv_prog_cc_g=yes
ac_cv_prog_cc_gcc_c_o=yes
ac_cv_prog_cxx_g=yes
ac_cv_prog_make_make_set=yes
am_cv_CC_dependencies_compiler_type=gcc3
am_cv_CXX_dependencies_compiler_type=gcc3
am_cv_make_support_nested_variables=yes
pkg_cv_capdAux_CFLAGS='-I/home/parasara/Documents/SimulinkSimulations/CAPD/newVer/DynSysNew/capd/capdAux/include  '
pkg_cv_capdAux_LIBS='/home/parasara/Documents/SimulinkSimulations/CAPD/newVer/DynSysNew/capd/capdAux/src/capd/auxil/libcapdauxil.a  '
pkg_cv_capdExt_CFLAGS='-D__USE_FILIB__ -frounding-math -ffloat-store -I/home/parasara/Documents/SimulinkSimulations/CAPD/newVer/DynSysNew/capd/capdExt/./filibsrc -I/home/parasara/Documents/SimulinkSimulations/CAPD/newVer/DynSysNew/capd/capdExt/filibsrc -I/home/parasara/Documents/SimulinkSimulations/CAPD/newVer/DynSysNew/capd/capdExt/include  '
pkg_cv_capdExt_LIBS='/home/parasara/Documents/SimulinkSimulations/CAPD/newVer/DynSysNew/capd/capdExt/src/capd/alglib/libcapdalglib.a -L/home/parasara/Documents/SimulinkSimulations/CAPD/newVer/DynSysNew/capd/capdExt/filibsrc/libprim/.libs -lprim  '

## ----------------- ##
## Output variables. ##
## ----------------- ##

ACLOCAL='${SHELL} /home/parasara/Documents/SimulinkSimulations/CAPD/newVer/DynSysNew/capd/capdMake/missing aclocal-1.13'
AMDEPBACKSLASH='\'
AMDEP_FALSE='#'
AMDEP_TRUE=''
AMTAR='$${TAR-tar}'
AM_BACKSLASH='\'
AM_DEFAULT_V='$(AM_DEFAULT_VERBOSITY)'
AM_DEFAULT_VERBOSITY='1'
AM_V='$(V)'
AUTOCONF='${SHELL} /home/parasara/Documents/SimulinkSimulations/CAPD/newVer/DynSysNew/capd/capdMake/missing autoconf'
AUTOHEADER='${SHELL} /home/parasara/Documents/SimulinkSimulations/CAPD/newVer/DynSysNew/capd/capdMake/missing autoheader'
AUTOMAKE='${SHELL} /home/parasara/Documents/SimulinkSimulations/CAPD/newVer/DynSysNew/capd/capdMake/missing automake-1.13'
AWK='gawk'
CC='gcc'
CCDEPMODE='depmode=gcc3'
CFLAGS='-g -O2'
CPPFLAGS=''
CXX='g++'
CXXDEPMODE='depmode=gcc3'
CXXFLAGS='-g -O2'
CYGPATH_W='echo'
DEFS='-DHAVE_CONFIG_H'
DEPDIR='.deps'
ECHO_C=''
ECHO_N='-n'
ECHO_T=''
EXEEXT=''
HAVE_LIBmpfr_FALSE='#'
HAVE_LIBmpfr_TRUE=''
INSTALL_DATA='${INSTALL} -m 644'
INSTALL_PROGRAM='${INSTALL}'
INSTALL_SCRIPT='${INSTALL}'
INSTALL_STRIP_PROGRAM='$(install_sh) -c -s'
LDFLAGS=''
LIBOBJS=''
LIBS='-lmpfr -lgmpxx -lgmp '
LTLIBOBJS=''
MAINT='#'
MAINTAINER_MODE_FALSE=''
MAINTAINER_MODE_TRUE='#'
MAKEINFO='${SHELL} /home/parasara/Documents/SimulinkSimulations/CAPD/newVer/DynSysNew/capd/capdMake/missing makeinfo'
MKDIR_P='/bin/mkdir -p'
OBJEXT='o'
PACKAGE='capdalg'
PACKAGE_BUGREPORT='BUG-REPORT-ADDRESS'
PACKAGE_NAME='capdAlg'
PACKAGE_STRING='capdAlg 1.0'
PACKAGE_TARNAME='capdalg'
PACKAGE_URL=''
PACKAGE_VERSION='1.0'
PATH_SEPARATOR=':'
PKG_CONFIG='/usr/bin/pkg-config'
PKG_CONFIG_DEV_DIR='/home/parasara/Documents/SimulinkSimulations/CAPD/newVer/DynSysNew/capd/lib/pkgconfig-dev'
PKG_CONFIG_DIR='${libdir}/pkgconfig'
PKG_CONFIG_LIBDIR=''
PKG_CONFIG_PATH='/home/parasara/Documents/SimulinkSimulations/CAPD/newVer/DynSysNew/capd/lib/pkgconfig-dev'
RANLIB='ranlib'
SET_MAKE=''
SHELL='/bin/bash'
STRIP=''
VERSION='1.0'
ac_ct_CC='gcc'
ac_ct_CXX='g++'
am__EXEEXT_FALSE=''
am__EXEEXT_TRUE='#'
am__fastdepCC_FALSE='#'
am__fastdepCC_TRUE=''
am__fastdepCXX_FALSE='#'
am__fastdepCXX_TRUE=''
am__include='include'
am__isrc=''
am__leading_dot='.'
am__nodep='_no'
am__quote=''
am__tar='$${TAR-tar} chof - "$$tardir"'
am__untar='$${TAR-tar} xf -'
bindir='${exec_prefix}/bin'
build_alias=''
capdAlg_CFLAGS=''
capdAlg_LIBS=''
capdAux_CFLAGS='-I/home/parasara/Documents/SimulinkSimulations/CAPD/newVer/DynSysNew/capd/capdAux/include  '
capdAux_LIBS='/home/parasara/Documents/SimulinkSimulations/CAPD/newVer/DynSysNew/capd/capdAux/src/capd/auxil/libcapdauxil.a  '
capdExt_CFLAGS='-D__USE_FILIB__ -frounding-math -ffloat-store -I/home/parasara/Documents/SimulinkSimulations/CAPD/newVer/DynSysNew/capd/capdExt/./filibsrc -I/home/parasara/Documents/SimulinkSimulations/CAPD/newVer/DynSysNew/capd/capdExt/filibsrc -I/home/parasara/Documents/SimulinkSimulations/CAPD/newVer/DynSysNew/capd/capdExt/include  '
capdExt_LIBS='/home/parasara/Documents/SimulinkSimulations/CAPD/newVer/DynSysNew/capd/capdExt/src/capd/alglib/libcapdalglib.a -L/home/parasara/Documents/SimulinkSimulations/CAPD/newVer/DynSysNew/capd/capdExt/filibsrc/libprim/.libs -lprim  '
capdMake='/home/parasara/Documents/SimulinkSimulations/CAPD/newVer/DynSysNew/capd/capdAlg/./../capdMake'
capdalgfacade_CFLAGS='-frounding-math'
capdalgfacade_LIBS=''
capdbasicalg_CFLAGS='-frounding-math'
capdbasicalg_LIBS=''
capdintervals_CFLAGS='-frounding-math'
capdintervals_LIBS=''
capdmatrixAlgorithms_CFLAGS='-frounding-math'
capdmatrixAlgorithms_LIBS=''
capdrounding_CFLAGS='-frounding-math'
capdrounding_LIBS=''
capdvectalg_CFLAGS='-frounding-math'
capdvectalg_LIBS=''
datadir='${datarootdir}'
datarootdir='${prefix}/share'
docdir='${datarootdir}/doc/${PACKAGE_TARNAME}'
dvidir='${docdir}'
exec_prefix='${prefix}'
host_alias=''
htmldir='${docdir}'
includedir='${prefix}/include'
infodir='${datarootdir}/info'
install_sh='${SHELL} /home/parasara/Documents/SimulinkSimulations/CAPD/newVer/DynSysNew/capd/capdMake/install-sh'
libdir='${exec_prefix}/lib'
libexecdir='${exec_prefix}/libexec'
localedir='${datarootdir}/locale'
localstatedir='${prefix}/var'
mandir='${datarootdir}/man'
mkdir_p='$(MKDIR_P)'
mpcapdAlg_CFLAGS=''
mpcapdAlg_LIBS=''
mpcapdintervals_CFLAGS='-D__HAVE_MPFR__ -frounding-math'
mpcapdintervals_LIBS='-lgmp -lgmpxx -lmpfr'
mpcapdmatrixAlgorithms_CFLAGS='-D__HAVE_MPFR__ -frounding-math'
mpcapdmatrixAlgorithms_LIBS='-lgmp -lgmpxx -lmpfr'
mpcapdvectalg_CFLAGS='-D__HAVE_MPFR__ -frounding-math'
mpcapdvectalg_LIBS='-lgmp -lgmpxx -lmpfr'
mpfr_CFLAGS='-D__HAVE_MPFR__'
mpfr_LIBS='-lgmp -lgmpxx -lmpfr'
oldincludedir='/usr/include'
pdfdir='${docdir}'
prefix='/usr/local'
program_transform_name='s,x,x,'
psdir='${docdir}'
sbindir='${exec_prefix}/sbin'
sharedstatedir='${prefix}/com'
subdirs=' examples tests'
sysconfdir='${prefix}/etc'
target_alias=''
top_capd='./..'

## ----------- ##
## confdefs.h. ##
## ----------- ##

/* confdefs.h */
#define PACKAGE_NAME "capdAlg"
#define PACKAGE_TARNAME "capdalg"
#define PACKAGE_VERSION "1.0"
#define PACKAGE_STRING "capdAlg 1.0"
#define PACKAGE_BUGREPORT "BUG-REPORT-ADDRESS"
#define PACKAGE_URL ""
#define HAVE_LIBGMP 1
#define HAVE_LIBGMPXX 1
#define HAVE_LIBMPFR 1

configure: exit 0
