This file contains any messages produced by compilers while
running configure, to aid debugging if configure makes a mistake.

It was created by capdExt configure 1.1, which was
generated by GNU Autoconf 2.69.  Invocation command line was

  $ ./configure --disable-option-checking --prefix=/usr/local --cache-file=/dev/null --srcdir=.

## --------- ##
## Platform. ##
## --------- ##

hostname = parasara-HPENVY
uname -m = i686
uname -r = 3.0.0-32-generic-pae
uname -s = Linux
uname -v = #51-Ubuntu SMP Thu Mar 21 16:09:48 UTC 2013

/usr/bin/uname -p = unknown
/bin/uname -X     = unknown

/bin/arch              = unknown
/usr/bin/arch -k       = unknown
/usr/convex/getsysinfo = unknown
/usr/bin/hostinfo      = unknown
/bin/machine           = unknown
/usr/bin/oslevel       = unknown
/bin/universe          = unknown

PATH: /usr/lib/lightdm/lightdm
PATH: /usr/local/sbin
PATH: /usr/local/bin
PATH: /usr/sbin
PATH: /usr/bin
PATH: /sbin
PATH: /bin
PATH: /usr/games


## ----------- ##
## Core tests. ##
## ----------- ##

configure:2134: checking for /home/parasara/Documents/SimulinkSimulations/CAPD/newVer/DynSysNew/capd/capdExt/./../capdMake
configure:2148: result: yes
configure:2204: checking for a BSD-compatible install
configure:2272: result: /usr/bin/install -c
configure:2283: checking whether build environment is sane
configure:2338: result: yes
configure:2489: checking for a thread-safe mkdir -p
configure:2528: result: /bin/mkdir -p
configure:2535: checking for gawk
configure:2551: found /usr/bin/gawk
configure:2562: result: gawk
configure:2573: checking whether make sets $(MAKE)
configure:2595: result: yes
configure:2624: checking whether make supports nested variables
configure:2641: result: yes
configure:2728: checking for style of include used by make
configure:2756: result: GNU
configure:2827: checking for gcc
configure:2843: found /usr/bin/gcc
configure:2854: result: gcc
configure:3083: checking for C compiler version
configure:3092: gcc --version >&5
gcc (Ubuntu/Linaro 4.6.1-9ubuntu3) 4.6.1
Copyright (C) 2011 Free Software Foundation, Inc.
This is free software; see the source for copying conditions.  There is NO
warranty; not even for MERCHANTABILITY or FITNESS FOR A PARTICULAR PURPOSE.

configure:3103: $? = 0
configure:3092: gcc -v >&5
Using built-in specs.
COLLECT_GCC=gcc
COLLECT_LTO_WRAPPER=/usr/lib/gcc/i686-linux-gnu/4.6.1/lto-wrapper
Target: i686-linux-gnu
Configured with: ../src/configure -v --with-pkgversion='Ubuntu/Linaro 4.6.1-9ubuntu3' --with-bugurl=file:///usr/share/doc/gcc-4.6/README.Bugs --enable-languages=c,c++,fortran,objc,obj-c++,go --prefix=/usr --program-suffix=-4.6 --enable-shared --enable-linker-build-id --with-system-zlib --libexecdir=/usr/lib --without-included-gettext --enable-threads=posix --with-gxx-include-dir=/usr/include/c++/4.6 --libdir=/usr/lib --enable-nls --with-sysroot=/ --enable-clocale=gnu --enable-libstdcxx-debug --enable-libstdcxx-time=yes --enable-plugin --enable-objc-gc --enable-targets=all --disable-werror --with-arch-32=i686 --with-tune=generic --enable-checking=release --build=i686-linux-gnu --host=i686-linux-gnu --target=i686-linux-gnu
Thread model: posix
gcc version 4.6.1 (Ubuntu/Linaro 4.6.1-9ubuntu3) 
configure:3103: $? = 0
configure:3092: gcc -V >&5
gcc: error: unrecognized option '-V'
gcc: fatal error: no input files
compilation terminated.
configure:3103: $? = 4
configure:3092: gcc -qversion >&5
gcc: error: unrecognized option '-qversion'
gcc: fatal error: no input files
compilation terminated.
configure:3103: $? = 4
configure:3123: checking whether the C compiler works
configure:3145: gcc    conftest.c  >&5
configure:3149: $? = 0
configure:3197: result: yes
configure:3200: checking for C compiler default output file name
configure:3202: result: a.out
configure:3208: checking for suffix of executables
configure:3215: gcc -o conftest    conftest.c  >&5
configure:3219: $? = 0
configure:3241: result: 
configure:3263: checking whether we are cross compiling
configure:3271: gcc -o conftest    conftest.c  >&5
configure:3275: $? = 0
configure:3282: ./conftest
configure:3286: $? = 0
configure:3301: result: no
configure:3306: checking for suffix of object files
configure:3328: gcc -c   conftest.c >&5
configure:3332: $? = 0
configure:3353: result: o
configure:3357: checking whether we are using the GNU C compiler
configure:3376: gcc -c   conftest.c >&5
configure:3376: $? = 0
configure:3385: result: yes
configure:3394: checking whether gcc accepts -g
configure:3414: gcc -c -g  conftest.c >&5
configure:3414: $? = 0
configure:3455: result: yes
configure:3472: checking for gcc option to accept ISO C89
configure:3535: gcc  -c -g -O2  conftest.c >&5
configure:3535: $? = 0
configure:3548: result: none needed
configure:3570: checking dependency style of gcc
configure:3681: result: gcc3
configure:3697: checking whether gcc and cc understand -c and -o together
configure:3728: gcc -c conftest.cpp -o conftest2.o >&5
configure:3732: $? = 0
configure:3738: gcc -c conftest.cpp -o conftest2.o >&5
configure:3742: $? = 0
configure:3753: cc -c conftest.cpp >&5
configure:3757: $? = 0
configure:3765: cc -c conftest.cpp -o conftest2.o >&5
configure:3769: $? = 0
configure:3775: cc -c conftest.cpp -o conftest2.o >&5
configure:3779: $? = 0
configure:3797: result: yes
configure:3830: checking whether to enable maintainer-specific portions of Makefiles
configure:3839: result: no
configure:3914: checking for g++
configure:3930: found /usr/bin/g++
configure:3941: result: g++
configure:3968: checking for C++ compiler version
configure:3977: g++ --version >&5
g++ (Ubuntu/Linaro 4.6.1-9ubuntu3) 4.6.1
Copyright (C) 2011 Free Software Foundation, Inc.
This is free software; see the source for copying conditions.  There is NO
warranty; not even for MERCHANTABILITY or FITNESS FOR A PARTICULAR PURPOSE.

configure:3988: $? = 0
configure:3977: g++ -v >&5
Using built-in specs.
COLLECT_GCC=g++
COLLECT_LTO_WRAPPER=/usr/lib/gcc/i686-linux-gnu/4.6.1/lto-wrapper
Target: i686-linux-gnu
Configured with: ../src/configure -v --with-pkgversion='Ubuntu/Linaro 4.6.1-9ubuntu3' --with-bugurl=file:///usr/share/doc/gcc-4.6/README.Bugs --enable-languages=c,c++,fortran,objc,obj-c++,go --prefix=/usr --program-suffix=-4.6 --enable-shared --enable-linker-build-id --with-system-zlib --libexecdir=/usr/lib --without-included-gettext --enable-threads=posix --with-gxx-include-dir=/usr/include/c++/4.6 --libdir=/usr/lib --enable-nls --with-sysroot=/ --enable-clocale=gnu --enable-libstdcxx-debug --enable-libstdcxx-time=yes --enable-plugin --enable-objc-gc --enable-targets=all --disable-werror --with-arch-32=i686 --with-tune=generic --enable-checking=release --build=i686-linux-gnu --host=i686-linux-gnu --target=i686-linux-gnu
Thread model: posix
gcc version 4.6.1 (Ubuntu/Linaro 4.6.1-9ubuntu3) 
configure:3988: $? = 0
configure:3977: g++ -V >&5
g++: error: unrecognized option '-V'
g++: fatal error: no input files
compilation terminated.
configure:3988: $? = 4
configure:3977: g++ -qversion >&5
g++: error: unrecognized option '-qversion'
g++: fatal error: no input files
compilation terminated.
configure:3988: $? = 4
configure:3992: checking whether we are using the GNU C++ compiler
configure:4011: g++ -c   conftest.cpp >&5
configure:4011: $? = 0
configure:4020: result: yes
configure:4029: checking whether g++ accepts -g
configure:4049: g++ -c -g  conftest.cpp >&5
configure:4049: $? = 0
configure:4090: result: yes
configure:4115: checking dependency style of g++
configure:4226: result: gcc3
configure:4251: checking for mpic++
configure:4267: found /usr/bin/mpic++
configure:4278: result: mpic++
configure:4296: checking for MPI_Init
configure:4296: mpic++ -o conftest -g -O2   conftest.cpp  >&5
configure:4296: $? = 0
configure:4296: result: yes
configure:4389: checking for mpi.h
configure:4402: mpic++ -c -g -O2  conftest.cpp >&5
configure:4402: $? = 0
configure:4403: result: yes
configure:4486: using internal filib
configure:4684: checking for C++ compiler version
configure:4693: g++ --version >&5
g++ (Ubuntu/Linaro 4.6.1-9ubuntu3) 4.6.1
Copyright (C) 2011 Free Software Foundation, Inc.
This is free software; see the source for copying conditions.  There is NO
warranty; not even for MERCHANTABILITY or FITNESS FOR A PARTICULAR PURPOSE.

configure:4704: $? = 0
configure:4693: g++ -v >&5
Using built-in specs.
COLLECT_GCC=g++
COLLECT_LTO_WRAPPER=/usr/lib/gcc/i686-linux-gnu/4.6.1/lto-wrapper
Target: i686-linux-gnu
Configured with: ../src/configure -v --with-pkgversion='Ubuntu/Linaro 4.6.1-9ubuntu3' --with-bugurl=file:///usr/share/doc/gcc-4.6/README.Bugs --enable-languages=c,c++,fortran,objc,obj-c++,go --prefix=/usr --program-suffix=-4.6 --enable-shared --enable-linker-build-id --with-system-zlib --libexecdir=/usr/lib --without-included-gettext --enable-threads=posix --with-gxx-include-dir=/usr/include/c++/4.6 --libdir=/usr/lib --enable-nls --with-sysroot=/ --enable-clocale=gnu --enable-libstdcxx-debug --enable-libstdcxx-time=yes --enable-plugin --enable-objc-gc --enable-targets=all --disable-werror --with-arch-32=i686 --with-tune=generic --enable-checking=release --build=i686-linux-gnu --host=i686-linux-gnu --target=i686-linux-gnu
Thread model: posix
gcc version 4.6.1 (Ubuntu/Linaro 4.6.1-9ubuntu3) 
configure:4704: $? = 0
configure:4693: g++ -V >&5
g++: error: unrecognized option '-V'
g++: fatal error: no input files
compilation terminated.
configure:4704: $? = 4
configure:4693: g++ -qversion >&5
g++: error: unrecognized option '-qversion'
g++: fatal error: no input files
compilation terminated.
configure:4704: $? = 4
configure:4708: checking whether we are using the GNU C++ compiler
configure:4736: result: yes
configure:4745: checking whether g++ accepts -g
configure:4806: result: yes
configure:4831: checking dependency style of g++
configure:4942: result: gcc3
configure:5002: checking for ranlib
configure:5018: found /usr/bin/ranlib
configure:5029: result: ranlib
configure:5168: checking that generated files are newer than configure
configure:5174: result: done
configure:5217: creating ./config.status

## ---------------------- ##
## Running config.status. ##
## ---------------------- ##

This file was extended by capdExt config.status 1.1, which was
generated by GNU Autoconf 2.69.  Invocation command line was

  CONFIG_FILES    = 
  CONFIG_HEADERS  = 
  CONFIG_LINKS    = 
  CONFIG_COMMANDS = 
  $ ./config.status 

on parasara-HPENVY

config.status:875: creating ./../lib/pkgconfig-dev/capdalglib.pc
config.status:875: creating src/capd/alglib/capdalglib.pc
config.status:875: creating ./../lib/pkgconfig-dev/capdExt.pc
config.status:875: creating src/capd/capdExt.pc
config.status:875: creating Makefile
config.status:875: creating include/Makefile
config.status:875: creating src/Makefile
config.status:875: creating src/capd/Makefile
config.status:875: creating src/capd/alglib/Makefile
config.status:875: creating include/capd/config-capdExt.h
config.status:1104: executing depfiles commands
configure:6607: === configuring in filibsrc (/home/parasara/Documents/SimulinkSimulations/CAPD/newVer/DynSysNew/capd/capdExt/filibsrc)
configure:6670: running /bin/bash ./configure --disable-option-checking '--prefix=/usr/local'  --cache-file=/dev/null --srcdir=.

## ---------------- ##
## Cache variables. ##
## ---------------- ##

ac_cv_c_compiler_gnu=yes
ac_cv_cxx_compiler_gnu=yes
ac_cv_env_CCC_set=
ac_cv_env_CCC_value=
ac_cv_env_CC_set=
ac_cv_env_CC_value=
ac_cv_env_CFLAGS_set=
ac_cv_env_CFLAGS_value=
ac_cv_env_CPPFLAGS_set=
ac_cv_env_CPPFLAGS_value=
ac_cv_env_CXXFLAGS_set=
ac_cv_env_CXXFLAGS_value=
ac_cv_env_CXX_set=
ac_cv_env_CXX_value=
ac_cv_env_LDFLAGS_set=
ac_cv_env_LDFLAGS_value=
ac_cv_env_LIBS_set=
ac_cv_env_LIBS_value=
ac_cv_env_MPICXX_set=
ac_cv_env_MPICXX_value=
ac_cv_env_build_alias_set=
ac_cv_env_build_alias_value=
ac_cv_env_host_alias_set=
ac_cv_env_host_alias_value=
ac_cv_env_target_alias_set=
ac_cv_env_target_alias_value=
ac_cv_file__home_parasara_Documents_SimulinkSimulations_CAPD_newVer_DynSysNew_capd_capdExt______capdMake=yes
ac_cv_func_MPI_Init=yes
ac_cv_objext=o
ac_cv_path_install='/usr/bin/install -c'
ac_cv_path_mkdir=/bin/mkdir
ac_cv_prog_AWK=gawk
ac_cv_prog_MPICXX=mpic++
ac_cv_prog_ac_ct_CC=gcc
ac_cv_prog_ac_ct_CXX=g++
ac_cv_prog_ac_ct_RANLIB=ranlib
ac_cv_prog_cc_c89=
ac_cv_prog_cc_g=yes
ac_cv_prog_cc_gcc_c_o=yes
ac_cv_prog_cxx_g=yes
ac_cv_prog_make_make_set=yes
am_cv_CC_dependencies_compiler_type=gcc3
am_cv_CXX_dependencies_compiler_type=gcc3
am_cv_make_support_nested_variables=yes

## ----------------- ##
## Output variables. ##
## ----------------- ##

ACLOCAL='${SHELL} /home/parasara/Documents/SimulinkSimulations/CAPD/newVer/DynSysNew/capd/capdMake/missing aclocal-1.13'
AMDEPBACKSLASH='\'
AMDEP_FALSE='#'
AMDEP_TRUE=''
AMTAR='$${TAR-tar}'
AM_BACKSLASH='\'
AM_DEFAULT_V='$(AM_DEFAULT_VERBOSITY)'
AM_DEFAULT_VERBOSITY='1'
AM_V='$(V)'
AUTOCONF='${SHELL} /home/parasara/Documents/SimulinkSimulations/CAPD/newVer/DynSysNew/capd/capdMake/missing autoconf'
AUTOHEADER='${SHELL} /home/parasara/Documents/SimulinkSimulations/CAPD/newVer/DynSysNew/capd/capdMake/missing autoheader'
AUTOMAKE='${SHELL} /home/parasara/Documents/SimulinkSimulations/CAPD/newVer/DynSysNew/capd/capdMake/missing automake-1.13'
AWK='gawk'
CC='gcc'
CCDEPMODE='depmode=gcc3'
CFLAGS='-g -O2'
CPPFLAGS=''
CXX='g++'
CXXDEPMODE='depmode=gcc3'
CXXFLAGS='-g -O2'
CYGPATH_W='echo'
DEFS='-DHAVE_CONFIG_H'
DEPDIR='.deps'
ECHO_C=''
ECHO_N='-n'
ECHO_T=''
EXEEXT=''
HAVE_MPI_FALSE='#'
HAVE_MPI_TRUE=''
INSTALL_DATA='${INSTALL} -m 644'
INSTALL_PROGRAM='${INSTALL}'
INSTALL_SCRIPT='${INSTALL}'
INSTALL_STRIP_PROGRAM='$(install_sh) -c -s'
LDFLAGS=''
LIBOBJS=''
LIBS=''
LTLIBOBJS=''
MAINT='#'
MAINTAINER_MODE_FALSE=''
MAINTAINER_MODE_TRUE='#'
MAKEINFO='${SHELL} /home/parasara/Documents/SimulinkSimulations/CAPD/newVer/DynSysNew/capd/capdMake/missing makeinfo'
MKDIR_P='/bin/mkdir -p'
MPICXX='mpic++'
MPILIBS=' '
MPI_CFLAGS='-I/usr/lib/openmpi/include -I/usr/lib/openmpi/include/openmpi -pthread'
MPI_LIBS='-pthread -L/usr/lib/openmpi/lib -lmpi_cxx -lmpi -lopen-rte -lopen-pal -ldl -Wl,--export-dynamic -lnsl -lutil -lm -ldl'
OBJEXT='o'
PACKAGE='capdext'
PACKAGE_BUGREPORT='BUG-REPORT-ADDRESS'
PACKAGE_NAME='capdExt'
PACKAGE_STRING='capdExt 1.1'
PACKAGE_TARNAME='capdext'
PACKAGE_URL=''
PACKAGE_VERSION='1.1'
PATH_SEPARATOR=':'
PKG_CONFIG_DEV_DIR='/home/parasara/Documents/SimulinkSimulations/CAPD/newVer/DynSysNew/capd/lib/pkgconfig-dev'
PKG_CONFIG_DIR='${libdir}/pkgconfig'
RANLIB='ranlib'
SET_MAKE=''
SHELL='/bin/bash'
STRIP=''
VERSION='1.1'
WITH_FILIB_INTERNAL_FALSE='#'
WITH_FILIB_INTERNAL_TRUE=''
ac_ct_CC='gcc'
ac_ct_CXX='g++'
am__EXEEXT_FALSE=''
am__EXEEXT_TRUE='#'
am__fastdepCC_FALSE='#'
am__fastdepCC_TRUE=''
am__fastdepCXX_FALSE='#'
am__fastdepCXX_TRUE=''
am__include='include'
am__isrc=''
am__leading_dot='.'
am__nodep='_no'
am__quote=''
am__tar='$${TAR-tar} chof - "$$tardir"'
am__untar='$${TAR-tar} xf -'
bindir='${exec_prefix}/bin'
build_alias=''
capdExt_CFLAGS=''
capdMake='/home/parasara/Documents/SimulinkSimulations/CAPD/newVer/DynSysNew/capd/capdExt/./../capdMake'
capdalglib_CFLAGS=''
datadir='${datarootdir}'
datarootdir='${prefix}/share'
docdir='${datarootdir}/doc/${PACKAGE_TARNAME}'
dvidir='${docdir}'
exec_prefix='${prefix}'
filib_CFLAGS='-D__USE_FILIB__ -I/home/parasara/Documents/SimulinkSimulations/CAPD/newVer/DynSysNew/capd/capdExt/./filibsrc -I/home/parasara/Documents/SimulinkSimulations/CAPD/newVer/DynSysNew/capd/capdExt/filibsrc -frounding-math -ffloat-store'
filib_CFLAGS_INSTALL='-D__USE_FILIB__ -I${prefix}/include -frounding-math'
filib_LIBS='-L/home/parasara/Documents/SimulinkSimulations/CAPD/newVer/DynSysNew/capd/capdExt/filibsrc/libprim/.libs -lprim'
filib_LIBS_INSTALL='-L${prefix}/lib -lprim'
host_alias=''
htmldir='${docdir}'
includedir='${prefix}/include'
infodir='${datarootdir}/info'
install_sh='${SHELL} /home/parasara/Documents/SimulinkSimulations/CAPD/newVer/DynSysNew/capd/capdMake/install-sh'
libdir='${exec_prefix}/lib'
libexecdir='${exec_prefix}/libexec'
localedir='${datarootdir}/locale'
localstatedir='${prefix}/var'
mandir='${datarootdir}/man'
mkdir_p='$(MKDIR_P)'
oldincludedir='/usr/include'
pdfdir='${docdir}'
prefix='/usr/local'
program_transform_name='s,x,x,'
psdir='${docdir}'
sbindir='${exec_prefix}/sbin'
sharedstatedir='${prefix}/com'
subdirs=' filibsrc'
sysconfdir='${prefix}/etc'
target_alias=''
top_capd='./..'

## ----------- ##
## confdefs.h. ##
## ----------- ##

/* confdefs.h */
#define PACKAGE_NAME "capdExt"
#define PACKAGE_TARNAME "capdext"
#define PACKAGE_VERSION "1.1"
#define PACKAGE_STRING "capdExt 1.1"
#define PACKAGE_BUGREPORT "BUG-REPORT-ADDRESS"
#define PACKAGE_URL ""

configure: exit 0
