This file contains any messages produced by compilers while
running configure, to aid debugging if configure makes a mistake.

It was created by capd configure 1.0, which was
generated by GNU Autoconf 2.69.  Invocation command line was

  $ ./configure 

## --------- ##
## Platform. ##
## --------- ##

hostname = parasara-HPENVY
uname -m = i686
uname -r = 3.0.0-32-generic-pae
uname -s = Linux
uname -v = #51-Ubuntu SMP Thu Mar 21 16:09:48 UTC 2013

/usr/bin/uname -p = unknown
/bin/uname -X     = unknown

/bin/arch              = unknown
/usr/bin/arch -k       = unknown
/usr/convex/getsysinfo = unknown
/usr/bin/hostinfo      = unknown
/bin/machine           = unknown
/usr/bin/oslevel       = unknown
/bin/universe          = unknown

PATH: /usr/lib/lightdm/lightdm
PATH: /usr/local/sbin
PATH: /usr/local/bin
PATH: /usr/sbin
PATH: /usr/bin
PATH: /sbin
PATH: /bin
PATH: /usr/games


## ----------- ##
## Core tests. ##
## ----------- ##

configure:1871: checking for /home/parasara/Documents/SimulinkSimulations/CAPD/newVer/DynSysNew/capd/./capdMake
configure:1885: result: yes
configure:1941: checking for a BSD-compatible install
configure:2009: result: /usr/bin/install -c
configure:2020: checking whether build environment is sane
configure:2075: result: yes
configure:2226: checking for a thread-safe mkdir -p
configure:2265: result: /bin/mkdir -p
configure:2272: checking for gawk
configure:2288: found /usr/bin/gawk
configure:2299: result: gawk
configure:2310: checking whether make sets $(MAKE)
configure:2332: result: yes
configure:2361: checking whether make supports nested variables
configure:2378: result: yes
configure:2465: checking for style of include used by make
configure:2493: result: GNU
configure:2564: checking for gcc
configure:2580: found /usr/bin/gcc
configure:2591: result: gcc
configure:2820: checking for C compiler version
configure:2829: gcc --version >&5
gcc (Ubuntu/Linaro 4.6.1-9ubuntu3) 4.6.1
Copyright (C) 2011 Free Software Foundation, Inc.
This is free software; see the source for copying conditions.  There is NO
warranty; not even for MERCHANTABILITY or FITNESS FOR A PARTICULAR PURPOSE.

configure:2840: $? = 0
configure:2829: gcc -v >&5
Using built-in specs.
COLLECT_GCC=gcc
COLLECT_LTO_WRAPPER=/usr/lib/gcc/i686-linux-gnu/4.6.1/lto-wrapper
Target: i686-linux-gnu
Configured with: ../src/configure -v --with-pkgversion='Ubuntu/Linaro 4.6.1-9ubuntu3' --with-bugurl=file:///usr/share/doc/gcc-4.6/README.Bugs --enable-languages=c,c++,fortran,objc,obj-c++,go --prefix=/usr --program-suffix=-4.6 --enable-shared --enable-linker-build-id --with-system-zlib --libexecdir=/usr/lib --without-included-gettext --enable-threads=posix --with-gxx-include-dir=/usr/include/c++/4.6 --libdir=/usr/lib --enable-nls --with-sysroot=/ --enable-clocale=gnu --enable-libstdcxx-debug --enable-libstdcxx-time=yes --enable-plugin --enable-objc-gc --enable-targets=all --disable-werror --with-arch-32=i686 --with-tune=generic --enable-checking=release --build=i686-linux-gnu --host=i686-linux-gnu --target=i686-linux-gnu
Thread model: posix
gcc version 4.6.1 (Ubuntu/Linaro 4.6.1-9ubuntu3) 
configure:2840: $? = 0
configure:2829: gcc -V >&5
gcc: error: unrecognized option '-V'
gcc: fatal error: no input files
compilation terminated.
configure:2840: $? = 4
configure:2829: gcc -qversion >&5
gcc: error: unrecognized option '-qversion'
gcc: fatal error: no input files
compilation terminated.
configure:2840: $? = 4
configure:2860: checking whether the C compiler works
configure:2882: gcc    conftest.c  >&5
configure:2886: $? = 0
configure:2934: result: yes
configure:2937: checking for C compiler default output file name
configure:2939: result: a.out
configure:2945: checking for suffix of executables
configure:2952: gcc -o conftest    conftest.c  >&5
configure:2956: $? = 0
configure:2978: result: 
configure:3000: checking whether we are cross compiling
configure:3008: gcc -o conftest    conftest.c  >&5
configure:3012: $? = 0
configure:3019: ./conftest
configure:3023: $? = 0
configure:3038: result: no
configure:3043: checking for suffix of object files
configure:3065: gcc -c   conftest.c >&5
configure:3069: $? = 0
configure:3090: result: o
configure:3094: checking whether we are using the GNU C compiler
configure:3113: gcc -c   conftest.c >&5
configure:3113: $? = 0
configure:3122: result: yes
configure:3131: checking whether gcc accepts -g
configure:3151: gcc -c -g  conftest.c >&5
configure:3151: $? = 0
configure:3192: result: yes
configure:3209: checking for gcc option to accept ISO C89
configure:3272: gcc  -c -g -O2  conftest.c >&5
configure:3272: $? = 0
configure:3285: result: none needed
configure:3307: checking dependency style of gcc
configure:3418: result: gcc3
configure:3434: checking whether gcc and cc understand -c and -o together
configure:3465: gcc -c conftest.cpp -o conftest2.o >&5
configure:3469: $? = 0
configure:3475: gcc -c conftest.cpp -o conftest2.o >&5
configure:3479: $? = 0
configure:3490: cc -c conftest.cpp >&5
configure:3494: $? = 0
configure:3502: cc -c conftest.cpp -o conftest2.o >&5
configure:3506: $? = 0
configure:3512: cc -c conftest.cpp -o conftest2.o >&5
configure:3516: $? = 0
configure:3534: result: yes
configure:3567: checking whether to enable maintainer-specific portions of Makefiles
configure:3576: result: no
configure:3601: checking for ./capdExt
configure:3615: result: yes
configure:3627: checking for ./capdExtDS
configure:3641: result: no
configure:3653: checking for ./capdExtHom
configure:3667: result: no
configure:3679: checking for ./capdAux
configure:3693: result: yes
configure:3705: checking for ./capdAlg
configure:3719: result: yes
configure:3731: checking for ./capdDynSys
configure:3745: result: no
configure:3756: checking for ./capdDynSys4
configure:3770: result: yes
configure:3785: checking for ./capdRedHom
configure:3799: result: no
configure:3961: checking that generated files are newer than configure
configure:3967: result: done
configure:3994: creating ./config.status

## ---------------------- ##
## Running config.status. ##
## ---------------------- ##

This file was extended by capd config.status 1.0, which was
generated by GNU Autoconf 2.69.  Invocation command line was

  CONFIG_FILES    = 
  CONFIG_HEADERS  = 
  CONFIG_LINKS    = 
  CONFIG_COMMANDS = 
  $ ./config.status 

on parasara-HPENVY

config.status:781: creating Makefile
config.status:953: executing depfiles commands
configure:5189: === configuring in capdExt (/home/parasara/Documents/SimulinkSimulations/CAPD/newVer/DynSysNew/capd/capdExt)
configure:5252: running /bin/bash ./configure --disable-option-checking '--prefix=/usr/local'  --cache-file=/dev/null --srcdir=.
configure:5189: === configuring in capdAux (/home/parasara/Documents/SimulinkSimulations/CAPD/newVer/DynSysNew/capd/capdAux)
configure:5252: running /bin/bash ./configure --disable-option-checking '--prefix=/usr/local'  --cache-file=/dev/null --srcdir=.
configure:5189: === configuring in capdAlg (/home/parasara/Documents/SimulinkSimulations/CAPD/newVer/DynSysNew/capd/capdAlg)
configure:5252: running /bin/bash ./configure --disable-option-checking '--prefix=/usr/local'  --cache-file=/dev/null --srcdir=.
configure:5189: === configuring in capdDynSys4 (/home/parasara/Documents/SimulinkSimulations/CAPD/newVer/DynSysNew/capd/capdDynSys4)
configure:5252: running /bin/bash ./configure --disable-option-checking '--prefix=/usr/local'  --cache-file=/dev/null --srcdir=.
configure:5189: === configuring in capdMake/libcapd (/home/parasara/Documents/SimulinkSimulations/CAPD/newVer/DynSysNew/capd/capdMake/libcapd)
configure:5252: running /bin/bash ./configure --disable-option-checking '--prefix=/usr/local'  --cache-file=/dev/null --srcdir=.

## ---------------- ##
## Cache variables. ##
## ---------------- ##

ac_cv_c_compiler_gnu=yes
ac_cv_env_CC_set=
ac_cv_env_CC_value=
ac_cv_env_CFLAGS_set=
ac_cv_env_CFLAGS_value=
ac_cv_env_CPPFLAGS_set=
ac_cv_env_CPPFLAGS_value=
ac_cv_env_LDFLAGS_set=
ac_cv_env_LDFLAGS_value=
ac_cv_env_LIBS_set=
ac_cv_env_LIBS_value=
ac_cv_env_build_alias_set=
ac_cv_env_build_alias_value=
ac_cv_env_host_alias_set=
ac_cv_env_host_alias_value=
ac_cv_env_target_alias_set=
ac_cv_env_target_alias_value=
ac_cv_file___capdAlg=yes
ac_cv_file___capdAux=yes
ac_cv_file___capdDynSys4=yes
ac_cv_file___capdDynSys=no
ac_cv_file___capdExt=yes
ac_cv_file___capdExtDS=no
ac_cv_file___capdExtHom=no
ac_cv_file___capdRedHom=no
ac_cv_file__home_parasara_Documents_SimulinkSimulations_CAPD_newVer_DynSysNew_capd___capdMake=yes
ac_cv_objext=o
ac_cv_path_install='/usr/bin/install -c'
ac_cv_path_mkdir=/bin/mkdir
ac_cv_prog_AWK=gawk
ac_cv_prog_ac_ct_CC=gcc
ac_cv_prog_cc_c89=
ac_cv_prog_cc_g=yes
ac_cv_prog_cc_gcc_c_o=yes
ac_cv_prog_make_make_set=yes
am_cv_CC_dependencies_compiler_type=gcc3
am_cv_make_support_nested_variables=yes

## ----------------- ##
## Output variables. ##
## ----------------- ##

ACLOCAL='${SHELL} /home/parasara/Documents/SimulinkSimulations/CAPD/newVer/DynSysNew/capd/capdMake/missing aclocal-1.13'
AMDEPBACKSLASH='\'
AMDEP_FALSE='#'
AMDEP_TRUE=''
AMTAR='$${TAR-tar}'
AM_BACKSLASH='\'
AM_DEFAULT_V='$(AM_DEFAULT_VERBOSITY)'
AM_DEFAULT_VERBOSITY='1'
AM_V='$(V)'
AUTOCONF='${SHELL} /home/parasara/Documents/SimulinkSimulations/CAPD/newVer/DynSysNew/capd/capdMake/missing autoconf'
AUTOHEADER='${SHELL} /home/parasara/Documents/SimulinkSimulations/CAPD/newVer/DynSysNew/capd/capdMake/missing autoheader'
AUTOMAKE='${SHELL} /home/parasara/Documents/SimulinkSimulations/CAPD/newVer/DynSysNew/capd/capdMake/missing automake-1.13'
AWK='gawk'
CAPD_PACKAGES='  capdExt   capdAux   capdAlg   capdDynSys4'
CC='gcc'
CCDEPMODE='depmode=gcc3'
CFLAGS='-g -O2'
CPPFLAGS=''
CYGPATH_W='echo'
DEFS='-DPACKAGE_NAME=\"capd\" -DPACKAGE_TARNAME=\"capd\" -DPACKAGE_VERSION=\"1.0\" -DPACKAGE_STRING=\"capd\ 1.0\" -DPACKAGE_BUGREPORT=\"BUG-REPORT-ADDRESS\" -DPACKAGE_URL=\"\"'
DEPDIR='.deps'
ECHO_C=''
ECHO_N='-n'
ECHO_T=''
EXEEXT=''
INSTALL_DATA='${INSTALL} -m 644'
INSTALL_PROGRAM='${INSTALL}'
INSTALL_SCRIPT='${INSTALL}'
INSTALL_STRIP_PROGRAM='$(install_sh) -c -s'
LDFLAGS=''
LIBOBJS=''
LIBS=''
LTLIBOBJS=''
MAINT='#'
MAINTAINER_MODE_FALSE=''
MAINTAINER_MODE_TRUE='#'
MAKEINFO='${SHELL} /home/parasara/Documents/SimulinkSimulations/CAPD/newVer/DynSysNew/capd/capdMake/missing makeinfo'
MKDIR_P='/bin/mkdir -p'
OBJEXT='o'
PACKAGE='capd'
PACKAGE_BUGREPORT='BUG-REPORT-ADDRESS'
PACKAGE_NAME='capd'
PACKAGE_STRING='capd 1.0'
PACKAGE_TARNAME='capd'
PACKAGE_URL=''
PACKAGE_VERSION='1.0'
PATH_SEPARATOR=':'
PKG_CONFIG_DEV_DIR='/home/parasara/Documents/SimulinkSimulations/CAPD/newVer/DynSysNew/capd/lib/pkgconfig-dev'
PKG_CONFIG_DIR='${libdir}/pkgconfig'
SET_MAKE=''
SHELL='/bin/bash'
STRIP=''
VERSION='1.0'
ac_ct_CC='gcc'
am__EXEEXT_FALSE=''
am__EXEEXT_TRUE='#'
am__fastdepCC_FALSE='#'
am__fastdepCC_TRUE=''
am__include='include'
am__isrc=''
am__leading_dot='.'
am__nodep='_no'
am__quote=''
am__tar='$${TAR-tar} chof - "$$tardir"'
am__untar='$${TAR-tar} xf -'
bindir='${exec_prefix}/bin'
build_alias=''
capdMake='/home/parasara/Documents/SimulinkSimulations/CAPD/newVer/DynSysNew/capd/./capdMake'
datadir='${datarootdir}'
datarootdir='${prefix}/share'
docdir='${datarootdir}/doc/${PACKAGE_TARNAME}'
dvidir='${docdir}'
exec_prefix='${prefix}'
host_alias=''
htmldir='${docdir}'
includedir='${prefix}/include'
infodir='${datarootdir}/info'
install_sh='${SHELL} /home/parasara/Documents/SimulinkSimulations/CAPD/newVer/DynSysNew/capd/capdMake/install-sh'
libdir='${exec_prefix}/lib'
libexecdir='${exec_prefix}/libexec'
localedir='${datarootdir}/locale'
localstatedir='${prefix}/var'
mandir='${datarootdir}/man'
mkdir_p='$(MKDIR_P)'
oldincludedir='/usr/include'
pdfdir='${docdir}'
prefix='/usr/local'
program_transform_name='s,x,x,'
psdir='${docdir}'
sbindir='${exec_prefix}/sbin'
sharedstatedir='${prefix}/com'
subdirs=' capdExt capdAux capdAlg capdDynSys4 capdMake/libcapd'
sysconfdir='${prefix}/etc'
target_alias=''
top_capd='.'

## ----------- ##
## confdefs.h. ##
## ----------- ##

/* confdefs.h */
#define PACKAGE_NAME "capd"
#define PACKAGE_TARNAME "capd"
#define PACKAGE_VERSION "1.0"
#define PACKAGE_STRING "capd 1.0"
#define PACKAGE_BUGREPORT "BUG-REPORT-ADDRESS"
#define PACKAGE_URL ""

configure: exit 0
