This file contains any messages produced by compilers while
running configure, to aid debugging if configure makes a mistake.

It was created by configure, which was
generated by GNU Autoconf 2.69.  Invocation command line was

  $ ./configure --disable-option-checking --prefix=/usr/local --cache-file=/dev/null --srcdir=.

## --------- ##
## Platform. ##
## --------- ##

hostname = parasara-HPENVY
uname -m = i686
uname -r = 3.0.0-32-generic-pae
uname -s = Linux
uname -v = #51-Ubuntu SMP Thu Mar 21 16:09:48 UTC 2013

/usr/bin/uname -p = unknown
/bin/uname -X     = unknown

/bin/arch              = unknown
/usr/bin/arch -k       = unknown
/usr/convex/getsysinfo = unknown
/usr/bin/hostinfo      = unknown
/bin/machine           = unknown
/usr/bin/oslevel       = unknown
/bin/universe          = unknown

PATH: /usr/lib/lightdm/lightdm
PATH: /usr/local/sbin
PATH: /usr/local/bin
PATH: /usr/sbin
PATH: /usr/bin
PATH: /sbin
PATH: /bin
PATH: /usr/games


## ----------- ##
## Core tests. ##
## ----------- ##

configure:2384: checking for a BSD-compatible install
configure:2452: result: /usr/bin/install -c
configure:2463: checking whether build environment is sane
configure:2518: result: yes
configure:2669: checking for a thread-safe mkdir -p
configure:2708: result: /bin/mkdir -p
configure:2715: checking for gawk
configure:2731: found /usr/bin/gawk
configure:2742: result: gawk
configure:2753: checking whether make sets $(MAKE)
configure:2775: result: yes
configure:2804: checking whether make supports nested variables
configure:2821: result: yes
configure:2954: checking for gcc
configure:2970: found /usr/bin/gcc
configure:2981: result: gcc
configure:3210: checking for C compiler version
configure:3219: gcc --version >&5
gcc (Ubuntu/Linaro 4.6.1-9ubuntu3) 4.6.1
Copyright (C) 2011 Free Software Foundation, Inc.
This is free software; see the source for copying conditions.  There is NO
warranty; not even for MERCHANTABILITY or FITNESS FOR A PARTICULAR PURPOSE.

configure:3230: $? = 0
configure:3219: gcc -v >&5
Using built-in specs.
COLLECT_GCC=gcc
COLLECT_LTO_WRAPPER=/usr/lib/gcc/i686-linux-gnu/4.6.1/lto-wrapper
Target: i686-linux-gnu
Configured with: ../src/configure -v --with-pkgversion='Ubuntu/Linaro 4.6.1-9ubuntu3' --with-bugurl=file:///usr/share/doc/gcc-4.6/README.Bugs --enable-languages=c,c++,fortran,objc,obj-c++,go --prefix=/usr --program-suffix=-4.6 --enable-shared --enable-linker-build-id --with-system-zlib --libexecdir=/usr/lib --without-included-gettext --enable-threads=posix --with-gxx-include-dir=/usr/include/c++/4.6 --libdir=/usr/lib --enable-nls --with-sysroot=/ --enable-clocale=gnu --enable-libstdcxx-debug --enable-libstdcxx-time=yes --enable-plugin --enable-objc-gc --enable-targets=all --disable-werror --with-arch-32=i686 --with-tune=generic --enable-checking=release --build=i686-linux-gnu --host=i686-linux-gnu --target=i686-linux-gnu
Thread model: posix
gcc version 4.6.1 (Ubuntu/Linaro 4.6.1-9ubuntu3) 
configure:3230: $? = 0
configure:3219: gcc -V >&5
gcc: error: unrecognized option '-V'
gcc: fatal error: no input files
compilation terminated.
configure:3230: $? = 4
configure:3219: gcc -qversion >&5
gcc: error: unrecognized option '-qversion'
gcc: fatal error: no input files
compilation terminated.
configure:3230: $? = 4
configure:3250: checking whether the C compiler works
configure:3272: gcc    conftest.c  >&5
configure:3276: $? = 0
configure:3324: result: yes
configure:3327: checking for C compiler default output file name
configure:3329: result: a.out
configure:3335: checking for suffix of executables
configure:3342: gcc -o conftest    conftest.c  >&5
configure:3346: $? = 0
configure:3368: result: 
configure:3390: checking whether we are cross compiling
configure:3398: gcc -o conftest    conftest.c  >&5
configure:3402: $? = 0
configure:3409: ./conftest
configure:3413: $? = 0
configure:3428: result: no
configure:3433: checking for suffix of object files
configure:3455: gcc -c   conftest.c >&5
configure:3459: $? = 0
configure:3480: result: o
configure:3484: checking whether we are using the GNU C compiler
configure:3503: gcc -c   conftest.c >&5
configure:3503: $? = 0
configure:3512: result: yes
configure:3521: checking whether gcc accepts -g
configure:3541: gcc -c -g  conftest.c >&5
configure:3541: $? = 0
configure:3582: result: yes
configure:3599: checking for gcc option to accept ISO C89
configure:3662: gcc  -c -g -O2  conftest.c >&5
configure:3662: $? = 0
configure:3675: result: none needed
configure:3706: checking for style of include used by make
configure:3734: result: GNU
configure:3760: checking dependency style of gcc
configure:3871: result: gcc3
configure:3946: checking for g++
configure:3962: found /usr/bin/g++
configure:3973: result: g++
configure:4000: checking for C++ compiler version
configure:4009: g++ --version >&5
g++ (Ubuntu/Linaro 4.6.1-9ubuntu3) 4.6.1
Copyright (C) 2011 Free Software Foundation, Inc.
This is free software; see the source for copying conditions.  There is NO
warranty; not even for MERCHANTABILITY or FITNESS FOR A PARTICULAR PURPOSE.

configure:4020: $? = 0
configure:4009: g++ -v >&5
Using built-in specs.
COLLECT_GCC=g++
COLLECT_LTO_WRAPPER=/usr/lib/gcc/i686-linux-gnu/4.6.1/lto-wrapper
Target: i686-linux-gnu
Configured with: ../src/configure -v --with-pkgversion='Ubuntu/Linaro 4.6.1-9ubuntu3' --with-bugurl=file:///usr/share/doc/gcc-4.6/README.Bugs --enable-languages=c,c++,fortran,objc,obj-c++,go --prefix=/usr --program-suffix=-4.6 --enable-shared --enable-linker-build-id --with-system-zlib --libexecdir=/usr/lib --without-included-gettext --enable-threads=posix --with-gxx-include-dir=/usr/include/c++/4.6 --libdir=/usr/lib --enable-nls --with-sysroot=/ --enable-clocale=gnu --enable-libstdcxx-debug --enable-libstdcxx-time=yes --enable-plugin --enable-objc-gc --enable-targets=all --disable-werror --with-arch-32=i686 --with-tune=generic --enable-checking=release --build=i686-linux-gnu --host=i686-linux-gnu --target=i686-linux-gnu
Thread model: posix
gcc version 4.6.1 (Ubuntu/Linaro 4.6.1-9ubuntu3) 
configure:4020: $? = 0
configure:4009: g++ -V >&5
g++: error: unrecognized option '-V'
g++: fatal error: no input files
compilation terminated.
configure:4020: $? = 4
configure:4009: g++ -qversion >&5
g++: error: unrecognized option '-qversion'
g++: fatal error: no input files
compilation terminated.
configure:4020: $? = 4
configure:4024: checking whether we are using the GNU C++ compiler
configure:4043: g++ -c   conftest.cpp >&5
configure:4043: $? = 0
configure:4052: result: yes
configure:4061: checking whether g++ accepts -g
configure:4081: g++ -c -g  conftest.cpp >&5
configure:4081: $? = 0
configure:4122: result: yes
configure:4147: checking dependency style of g++
configure:4258: result: gcc3
configure:4317: checking for ranlib
configure:4333: found /usr/bin/ranlib
configure:4344: result: ranlib
configure:4426: checking build system type
configure:4440: result: i686-pc-linux-gnu
configure:4460: checking host system type
configure:4473: result: i686-pc-linux-gnu
configure:4514: checking how to print strings
configure:4541: result: printf
configure:4562: checking for a sed that does not truncate output
configure:4626: result: /bin/sed
configure:4644: checking for grep that handles long lines and -e
configure:4702: result: /bin/grep
configure:4707: checking for egrep
configure:4769: result: /bin/grep -E
configure:4774: checking for fgrep
configure:4836: result: /bin/grep -F
configure:4871: checking for ld used by gcc
configure:4938: result: /usr/bin/ld
configure:4945: checking if the linker (/usr/bin/ld) is GNU ld
configure:4960: result: yes
configure:4972: checking for BSD- or MS-compatible name lister (nm)
configure:5021: result: /usr/bin/nm -B
configure:5151: checking the name lister (/usr/bin/nm -B) interface
configure:5158: gcc -c -g -O2  conftest.c >&5
configure:5161: /usr/bin/nm -B "conftest.o"
configure:5164: output
00000000 B some_variable
configure:5171: result: BSD nm
configure:5174: checking whether ln -s works
configure:5178: result: yes
configure:5186: checking the maximum length of command line arguments
configure:5317: result: 1572864
configure:5334: checking whether the shell understands some XSI constructs
configure:5344: result: yes
configure:5348: checking whether the shell understands "+="
configure:5354: result: yes
configure:5389: checking how to convert i686-pc-linux-gnu file names to i686-pc-linux-gnu format
configure:5429: result: func_convert_file_noop
configure:5436: checking how to convert i686-pc-linux-gnu file names to toolchain format
configure:5456: result: func_convert_file_noop
configure:5463: checking for /usr/bin/ld option to reload object files
configure:5470: result: -r
configure:5544: checking for objdump
configure:5560: found /usr/bin/objdump
configure:5571: result: objdump
configure:5603: checking how to recognize dependent libraries
configure:5801: result: pass_all
configure:5886: checking for dlltool
configure:5916: result: no
configure:5946: checking how to associate runtime and link libraries
configure:5973: result: printf %s\n
configure:6034: checking for ar
configure:6050: found /usr/bin/ar
configure:6061: result: ar
configure:6098: checking for archiver @FILE support
configure:6115: gcc -c -g -O2  conftest.c >&5
configure:6115: $? = 0
configure:6118: ar cru libconftest.a @conftest.lst >&5
configure:6121: $? = 0
configure:6126: ar cru libconftest.a @conftest.lst >&5
ar: conftest.o: No such file or directory
configure:6129: $? = 1
configure:6141: result: @
configure:6199: checking for strip
configure:6215: found /usr/bin/strip
configure:6226: result: strip
configure:6298: checking for ranlib
configure:6325: result: ranlib
configure:6427: checking command to parse /usr/bin/nm -B output from gcc object
configure:6547: gcc -c -g -O2  conftest.c >&5
configure:6550: $? = 0
configure:6554: /usr/bin/nm -B conftest.o \| sed -n -e 's/^.*[ ]\([ABCDGIRSTW][ABCDGIRSTW]*\)[ ][ ]*\([_A-Za-z][_A-Za-z0-9]*\)$/\1 \2 \2/p' | sed '/ __gnu_lto/d' \> conftest.nm
configure:6557: $? = 0
configure:6623: gcc -o conftest -g -O2   conftest.c conftstm.o >&5
configure:6626: $? = 0
configure:6664: result: ok
configure:6701: checking for sysroot
configure:6731: result: no
configure:6994: checking for mt
configure:7010: found /bin/mt
configure:7021: result: mt
configure:7044: checking if mt is a manifest tool
configure:7050: mt '-?'
configure:7058: result: no
configure:7700: checking how to run the C preprocessor
configure:7731: gcc -E  conftest.c
configure:7731: $? = 0
configure:7745: gcc -E  conftest.c
conftest.c:11:28: fatal error: ac_nonexistent.h: No such file or directory
compilation terminated.
configure:7745: $? = 1
configure: failed program was:
| /* confdefs.h */
| #define PACKAGE_NAME ""
| #define PACKAGE_TARNAME ""
| #define PACKAGE_VERSION ""
| #define PACKAGE_STRING ""
| #define PACKAGE_BUGREPORT ""
| #define PACKAGE_URL ""
| #define PACKAGE "filib"
| #define VERSION "3.0.2"
| /* end confdefs.h.  */
| #include <ac_nonexistent.h>
configure:7770: result: gcc -E
configure:7790: gcc -E  conftest.c
configure:7790: $? = 0
configure:7804: gcc -E  conftest.c
conftest.c:11:28: fatal error: ac_nonexistent.h: No such file or directory
compilation terminated.
configure:7804: $? = 1
configure: failed program was:
| /* confdefs.h */
| #define PACKAGE_NAME ""
| #define PACKAGE_TARNAME ""
| #define PACKAGE_VERSION ""
| #define PACKAGE_STRING ""
| #define PACKAGE_BUGREPORT ""
| #define PACKAGE_URL ""
| #define PACKAGE "filib"
| #define VERSION "3.0.2"
| /* end confdefs.h.  */
| #include <ac_nonexistent.h>
configure:7833: checking for ANSI C header files
configure:7853: gcc -c -g -O2  conftest.c >&5
configure:7853: $? = 0
configure:7926: gcc -o conftest -g -O2   conftest.c  >&5
configure:7926: $? = 0
configure:7926: ./conftest
configure:7926: $? = 0
configure:7937: result: yes
configure:7950: checking for sys/types.h
configure:7950: gcc -c -g -O2  conftest.c >&5
configure:7950: $? = 0
configure:7950: result: yes
configure:7950: checking for sys/stat.h
configure:7950: gcc -c -g -O2  conftest.c >&5
configure:7950: $? = 0
configure:7950: result: yes
configure:7950: checking for stdlib.h
configure:7950: gcc -c -g -O2  conftest.c >&5
configure:7950: $? = 0
configure:7950: result: yes
configure:7950: checking for string.h
configure:7950: gcc -c -g -O2  conftest.c >&5
configure:7950: $? = 0
configure:7950: result: yes
configure:7950: checking for memory.h
configure:7950: gcc -c -g -O2  conftest.c >&5
configure:7950: $? = 0
configure:7950: result: yes
configure:7950: checking for strings.h
configure:7950: gcc -c -g -O2  conftest.c >&5
configure:7950: $? = 0
configure:7950: result: yes
configure:7950: checking for inttypes.h
configure:7950: gcc -c -g -O2  conftest.c >&5
configure:7950: $? = 0
configure:7950: result: yes
configure:7950: checking for stdint.h
configure:7950: gcc -c -g -O2  conftest.c >&5
configure:7950: $? = 0
configure:7950: result: yes
configure:7950: checking for unistd.h
configure:7950: gcc -c -g -O2  conftest.c >&5
configure:7950: $? = 0
configure:7950: result: yes
configure:7964: checking for dlfcn.h
configure:7964: gcc -c -g -O2  conftest.c >&5
configure:7964: $? = 0
configure:7964: result: yes
configure:8151: checking for objdir
configure:8166: result: .libs
configure:8433: checking if gcc supports -fno-rtti -fno-exceptions
configure:8451: gcc -c -g -O2  -fno-rtti -fno-exceptions conftest.c >&5
cc1: warning: command line option '-fno-rtti' is valid for C++/ObjC++ but not for C [enabled by default]
configure:8455: $? = 0
configure:8468: result: no
configure:8795: checking for gcc option to produce PIC
configure:8802: result: -fPIC -DPIC
configure:8810: checking if gcc PIC flag -fPIC -DPIC works
configure:8828: gcc -c -g -O2  -fPIC -DPIC -DPIC conftest.c >&5
configure:8832: $? = 0
configure:8845: result: yes
configure:8874: checking if gcc static flag -static works
configure:8902: result: yes
configure:8917: checking if gcc supports -c -o file.o
configure:8938: gcc -c -g -O2  -o out/conftest2.o conftest.c >&5
configure:8942: $? = 0
configure:8964: result: yes
configure:8972: checking if gcc supports -c -o file.o
configure:9019: result: yes
configure:9052: checking whether the gcc linker (/usr/bin/ld) supports shared libraries
configure:10209: result: yes
configure:10449: checking dynamic linker characteristics
configure:10949: gcc -o conftest -g -O2   -Wl,-rpath -Wl,/foo conftest.c  >&5
configure:10949: $? = 0
configure:11183: result: GNU/Linux ld.so
configure:11290: checking how to hardcode library paths into programs
configure:11315: result: immediate
configure:11855: checking whether stripping libraries is possible
configure:11860: result: yes
configure:11895: checking if libtool supports shared libraries
configure:11897: result: yes
configure:11900: checking whether to build shared libraries
configure:11921: result: no
configure:11924: checking whether to build static libraries
configure:11928: result: yes
configure:11951: checking how to run the C++ preprocessor
configure:11978: g++ -E  conftest.cpp
configure:11978: $? = 0
configure:11992: g++ -E  conftest.cpp
conftest.cpp:23:28: fatal error: ac_nonexistent.h: No such file or directory
compilation terminated.
configure:11992: $? = 1
configure: failed program was:
| /* confdefs.h */
| #define PACKAGE_NAME ""
| #define PACKAGE_TARNAME ""
| #define PACKAGE_VERSION ""
| #define PACKAGE_STRING ""
| #define PACKAGE_BUGREPORT ""
| #define PACKAGE_URL ""
| #define PACKAGE "filib"
| #define VERSION "3.0.2"
| #define STDC_HEADERS 1
| #define HAVE_SYS_TYPES_H 1
| #define HAVE_SYS_STAT_H 1
| #define HAVE_STDLIB_H 1
| #define HAVE_STRING_H 1
| #define HAVE_MEMORY_H 1
| #define HAVE_STRINGS_H 1
| #define HAVE_INTTYPES_H 1
| #define HAVE_STDINT_H 1
| #define HAVE_UNISTD_H 1
| #define HAVE_DLFCN_H 1
| #define LT_OBJDIR ".libs/"
| /* end confdefs.h.  */
| #include <ac_nonexistent.h>
configure:12017: result: g++ -E
configure:12037: g++ -E  conftest.cpp
configure:12037: $? = 0
configure:12051: g++ -E  conftest.cpp
conftest.cpp:23:28: fatal error: ac_nonexistent.h: No such file or directory
compilation terminated.
configure:12051: $? = 1
configure: failed program was:
| /* confdefs.h */
| #define PACKAGE_NAME ""
| #define PACKAGE_TARNAME ""
| #define PACKAGE_VERSION ""
| #define PACKAGE_STRING ""
| #define PACKAGE_BUGREPORT ""
| #define PACKAGE_URL ""
| #define PACKAGE "filib"
| #define VERSION "3.0.2"
| #define STDC_HEADERS 1
| #define HAVE_SYS_TYPES_H 1
| #define HAVE_SYS_STAT_H 1
| #define HAVE_STDLIB_H 1
| #define HAVE_STRING_H 1
| #define HAVE_MEMORY_H 1
| #define HAVE_STRINGS_H 1
| #define HAVE_INTTYPES_H 1
| #define HAVE_STDINT_H 1
| #define HAVE_UNISTD_H 1
| #define HAVE_DLFCN_H 1
| #define LT_OBJDIR ".libs/"
| /* end confdefs.h.  */
| #include <ac_nonexistent.h>
configure:12220: checking for ld used by g++
configure:12287: result: /usr/bin/ld
configure:12294: checking if the linker (/usr/bin/ld) is GNU ld
configure:12309: result: yes
configure:12364: checking whether the g++ linker (/usr/bin/ld) supports shared libraries
configure:13366: result: yes
configure:13402: g++ -c  -I/home/parasara/Documents/SimulinkSimulations/CAPD/newVer/DynSysNew/capd/capdExt/filibsrc/.   conftest.cpp >&5
configure:13405: $? = 0
configure:13925: checking for g++ option to produce PIC
configure:13932: result: -fPIC -DPIC
configure:13940: checking if g++ PIC flag -fPIC -DPIC works
configure:13958: g++ -c  -I/home/parasara/Documents/SimulinkSimulations/CAPD/newVer/DynSysNew/capd/capdExt/filibsrc/.   -fPIC -DPIC -DPIC conftest.cpp >&5
configure:13962: $? = 0
configure:13975: result: yes
configure:13998: checking if g++ static flag -static works
configure:14026: result: yes
configure:14038: checking if g++ supports -c -o file.o
configure:14059: g++ -c  -I/home/parasara/Documents/SimulinkSimulations/CAPD/newVer/DynSysNew/capd/capdExt/filibsrc/.   -o out/conftest2.o conftest.cpp >&5
configure:14063: $? = 0
configure:14085: result: yes
configure:14090: checking if g++ supports -c -o file.o
configure:14137: result: yes
configure:14167: checking whether the g++ linker (/usr/bin/ld) supports shared libraries
configure:14206: result: yes
configure:14347: checking dynamic linker characteristics
configure:15015: result: GNU/Linux ld.so
configure:15068: checking how to hardcode library paths into programs
configure:15093: result: immediate
configure:15154: checking for ANSI C header files
configure:15258: result: yes
configure:15268: checking for sys/types.h
configure:15268: result: yes
configure:15295: checking for floating point architecture
configure:15308: result: x87
configure:15366: checking whether gcc accepts -frounding-math
configure:15372: g++ -o conftest  -I/home/parasara/Documents/SimulinkSimulations/CAPD/newVer/DynSysNew/capd/capdExt/filibsrc/.  -frounding-math   conftest.cpp  >&5
configure:15372: $? = 0
configure:15380: result: yes
configure:15386: checking whether gcc accepts -ffloat-store
configure:15392: g++ -o conftest  -I/home/parasara/Documents/SimulinkSimulations/CAPD/newVer/DynSysNew/capd/capdExt/filibsrc/.  -frounding-math -ffloat-store   conftest.cpp  >&5
configure:15392: $? = 0
configure:15400: result: yes
configure:15421: checking whether the boost random library is installed
configure:15430: g++ -o conftest  -I/home/parasara/Documents/SimulinkSimulations/CAPD/newVer/DynSysNew/capd/capdExt/filibsrc/.  -frounding-math -ffloat-store   conftest.cpp  >&5
configure:15430: $? = 0
configure:15438: result: yes
configure:15567: checking that generated files are newer than configure
configure:15573: result: done
configure:15600: creating ./config.status

## ---------------------- ##
## Running config.status. ##
## ---------------------- ##

This file was extended by config.status, which was
generated by GNU Autoconf 2.69.  Invocation command line was

  CONFIG_FILES    = 
  CONFIG_HEADERS  = 
  CONFIG_LINKS    = 
  CONFIG_COMMANDS = 
  $ ./config.status 

on parasara-HPENVY

config.status:1154: creating Makefile
config.status:1154: creating libprim/Makefile
config.status:1154: creating examples/Makefile
config.status:1154: creating test/Makefile
config.status:1154: creating benchmark/Makefile
config.status:1154: creating rounding_control/rounding_control_config.hpp
config.status:1154: creating config.h
config.status:1383: executing depfiles commands
config.status:1383: executing libtool commands

## ---------------- ##
## Cache variables. ##
## ---------------- ##

ac_cv_build=i686-pc-linux-gnu
ac_cv_c_compiler_gnu=yes
ac_cv_cxx_compiler_gnu=yes
ac_cv_env_CCC_set=
ac_cv_env_CCC_value=
ac_cv_env_CC_set=
ac_cv_env_CC_value=
ac_cv_env_CFLAGS_set=
ac_cv_env_CFLAGS_value=
ac_cv_env_CPPFLAGS_set=
ac_cv_env_CPPFLAGS_value=
ac_cv_env_CPP_set=
ac_cv_env_CPP_value=
ac_cv_env_CXXCPP_set=
ac_cv_env_CXXCPP_value=
ac_cv_env_CXXFLAGS_set=
ac_cv_env_CXXFLAGS_value=
ac_cv_env_CXX_set=
ac_cv_env_CXX_value=
ac_cv_env_LDFLAGS_set=
ac_cv_env_LDFLAGS_value=
ac_cv_env_LIBS_set=
ac_cv_env_LIBS_value=
ac_cv_env_build_alias_set=
ac_cv_env_build_alias_value=
ac_cv_env_host_alias_set=
ac_cv_env_host_alias_value=
ac_cv_env_target_alias_set=
ac_cv_env_target_alias_value=
ac_cv_header_dlfcn_h=yes
ac_cv_header_inttypes_h=yes
ac_cv_header_memory_h=yes
ac_cv_header_stdc=yes
ac_cv_header_stdint_h=yes
ac_cv_header_stdlib_h=yes
ac_cv_header_string_h=yes
ac_cv_header_strings_h=yes
ac_cv_header_sys_stat_h=yes
ac_cv_header_sys_types_h=yes
ac_cv_header_unistd_h=yes
ac_cv_host=i686-pc-linux-gnu
ac_cv_objext=o
ac_cv_path_EGREP='/bin/grep -E'
ac_cv_path_FGREP='/bin/grep -F'
ac_cv_path_GREP=/bin/grep
ac_cv_path_SED=/bin/sed
ac_cv_path_install='/usr/bin/install -c'
ac_cv_path_mkdir=/bin/mkdir
ac_cv_prog_AWK=gawk
ac_cv_prog_CPP='gcc -E'
ac_cv_prog_CXXCPP='g++ -E'
ac_cv_prog_ac_ct_AR=ar
ac_cv_prog_ac_ct_CC=gcc
ac_cv_prog_ac_ct_CXX=g++
ac_cv_prog_ac_ct_MANIFEST_TOOL=mt
ac_cv_prog_ac_ct_OBJDUMP=objdump
ac_cv_prog_ac_ct_RANLIB=ranlib
ac_cv_prog_ac_ct_STRIP=strip
ac_cv_prog_cc_c89=
ac_cv_prog_cc_g=yes
ac_cv_prog_cxx_g=yes
ac_cv_prog_make_make_set=yes
am_cv_CC_dependencies_compiler_type=gcc3
am_cv_CXX_dependencies_compiler_type=gcc3
am_cv_make_support_nested_variables=yes
lt_cv_ar_at_file=@
lt_cv_deplibs_check_method=pass_all
lt_cv_file_magic_cmd='$MAGIC_CMD'
lt_cv_file_magic_test_file=
lt_cv_ld_reload_flag=-r
lt_cv_nm_interface='BSD nm'
lt_cv_objdir=.libs
lt_cv_path_LD=/usr/bin/ld
lt_cv_path_LDCXX=/usr/bin/ld
lt_cv_path_NM='/usr/bin/nm -B'
lt_cv_path_mainfest_tool=no
lt_cv_prog_compiler_c_o=yes
lt_cv_prog_compiler_c_o_CXX=yes
lt_cv_prog_compiler_pic='-fPIC -DPIC'
lt_cv_prog_compiler_pic_CXX='-fPIC -DPIC'
lt_cv_prog_compiler_pic_works=yes
lt_cv_prog_compiler_pic_works_CXX=yes
lt_cv_prog_compiler_rtti_exceptions=no
lt_cv_prog_compiler_static_works=yes
lt_cv_prog_compiler_static_works_CXX=yes
lt_cv_prog_gnu_ld=yes
lt_cv_prog_gnu_ldcxx=yes
lt_cv_sharedlib_from_linklib_cmd='printf %s\n'
lt_cv_shlibpath_overrides_runpath=no
lt_cv_sys_global_symbol_pipe='sed -n -e '\''s/^.*[	 ]\([ABCDGIRSTW][ABCDGIRSTW]*\)[	 ][	 ]*\([_A-Za-z][_A-Za-z0-9]*\)$/\1 \2 \2/p'\'' | sed '\''/ __gnu_lto/d'\'''
lt_cv_sys_global_symbol_to_c_name_address='sed -n -e '\''s/^: \([^ ]*\)[ ]*$/  {\"\1\", (void *) 0},/p'\'' -e '\''s/^[ABCDGIRSTW]* \([^ ]*\) \([^ ]*\)$/  {"\2", (void *) \&\2},/p'\'''
lt_cv_sys_global_symbol_to_c_name_address_lib_prefix='sed -n -e '\''s/^: \([^ ]*\)[ ]*$/  {\"\1\", (void *) 0},/p'\'' -e '\''s/^[ABCDGIRSTW]* \([^ ]*\) \(lib[^ ]*\)$/  {"\2", (void *) \&\2},/p'\'' -e '\''s/^[ABCDGIRSTW]* \([^ ]*\) \([^ ]*\)$/  {"lib\2", (void *) \&\2},/p'\'''
lt_cv_sys_global_symbol_to_cdecl='sed -n -e '\''s/^T .* \(.*\)$/extern int \1();/p'\'' -e '\''s/^[ABCDGIRSTW]* .* \(.*\)$/extern char \1;/p'\'''
lt_cv_sys_max_cmd_len=1572864
lt_cv_to_host_file_cmd=func_convert_file_noop
lt_cv_to_tool_file_cmd=func_convert_file_noop

## ----------------- ##
## Output variables. ##
## ----------------- ##

ACLOCAL='${SHELL} /home/parasara/Documents/SimulinkSimulations/CAPD/newVer/DynSysNew/capd/capdExt/filibsrc/missing aclocal-1.13'
AMDEPBACKSLASH='\'
AMDEP_FALSE='#'
AMDEP_TRUE=''
AMTAR='$${TAR-tar}'
AM_BACKSLASH='\'
AM_DEFAULT_V='$(AM_DEFAULT_VERBOSITY)'
AM_DEFAULT_VERBOSITY='1'
AM_V='$(V)'
AR='ar'
AUTOCONF='${SHELL} /home/parasara/Documents/SimulinkSimulations/CAPD/newVer/DynSysNew/capd/capdExt/filibsrc/missing autoconf'
AUTOHEADER='${SHELL} /home/parasara/Documents/SimulinkSimulations/CAPD/newVer/DynSysNew/capd/capdExt/filibsrc/missing autoheader'
AUTOMAKE='${SHELL} /home/parasara/Documents/SimulinkSimulations/CAPD/newVer/DynSysNew/capd/capdExt/filibsrc/missing automake-1.13'
AWK='gawk'
CC='gcc'
CCDEPMODE='depmode=gcc3'
CFLAGS='-g -O2'
CPP='gcc -E'
CPPFLAGS=' -DHAVE_BOOST'
CXX='g++'
CXXCPP='g++ -E'
CXXDEPMODE='depmode=gcc3'
CXXFLAGS=' -I/home/parasara/Documents/SimulinkSimulations/CAPD/newVer/DynSysNew/capd/capdExt/filibsrc/.  -frounding-math -ffloat-store'
CYGPATH_W='echo'
DEFS='-DHAVE_CONFIG_H'
DEPDIR='.deps'
DLLTOOL='false'
DSYMUTIL=''
DUMPBIN=''
ECHO_C=''
ECHO_N='-n'
ECHO_T=''
EGREP='/bin/grep -E'
EXEEXT=''
FGREP='/bin/grep -F'
GREP='/bin/grep'
INSTALL_DATA='${INSTALL} -m 644'
INSTALL_PROGRAM='${INSTALL}'
INSTALL_SCRIPT='${INSTALL}'
INSTALL_STRIP_PROGRAM='$(install_sh) -c -s'
LD='/usr/bin/ld'
LDFLAGS=''
LIBOBJS=''
LIBS=''
LIBTOOL='$(SHELL) $(top_builddir)/libtool'
LIPO=''
LN_S='ln -s'
LTLIBOBJS=''
MAKEINFO='${SHELL} /home/parasara/Documents/SimulinkSimulations/CAPD/newVer/DynSysNew/capd/capdExt/filibsrc/missing makeinfo'
MANIFEST_TOOL=':'
MKDIR_P='/bin/mkdir -p'
NM='/usr/bin/nm -B'
NMEDIT=''
OBJDUMP='objdump'
OBJEXT='o'
OTOOL64=''
OTOOL=''
PACKAGE='filib'
PACKAGE_BUGREPORT=''
PACKAGE_NAME=''
PACKAGE_STRING=''
PACKAGE_TARNAME=''
PACKAGE_URL=''
PACKAGE_VERSION=''
PATH_SEPARATOR=':'
RANLIB='ranlib'
SED='/bin/sed'
SET_MAKE=''
SHELL='/bin/bash'
STRIP='strip'
VERSION='3.0.2'
ac_ct_AR='ar'
ac_ct_CC='gcc'
ac_ct_CXX='g++'
ac_ct_DUMPBIN=''
am__EXEEXT_FALSE=''
am__EXEEXT_TRUE='#'
am__fastdepCC_FALSE='#'
am__fastdepCC_TRUE=''
am__fastdepCXX_FALSE='#'
am__fastdepCXX_TRUE=''
am__include='include'
am__isrc=''
am__leading_dot='.'
am__nodep='_no'
am__quote=''
am__tar='$${TAR-tar} chof - "$$tardir"'
am__untar='$${TAR-tar} xf -'
benchmark_subdir='benchmark'
bindir='${exec_prefix}/bin'
build='i686-pc-linux-gnu'
build_alias=''
build_cpu='i686'
build_os='linux-gnu'
build_vendor='pc'
datadir='${datarootdir}'
datarootdir='${prefix}/share'
define_have_sse='// #define HAVE_SSE'
define_have_x87='#define HAVE_X87'
docdir='${datarootdir}/doc/${PACKAGE}'
dvidir='${docdir}'
exec_prefix='${prefix}'
host='i686-pc-linux-gnu'
host_alias=''
host_cpu='i686'
host_os='linux-gnu'
host_vendor='pc'
htmldir='${docdir}'
includedir='${prefix}/include'
infodir='${datarootdir}/info'
install_sh='${SHELL} /home/parasara/Documents/SimulinkSimulations/CAPD/newVer/DynSysNew/capd/capdExt/filibsrc/install-sh'
libdir='${exec_prefix}/lib'
libexecdir='${exec_prefix}/libexec'
localedir='${datarootdir}/locale'
localstatedir='${prefix}/var'
mandir='${datarootdir}/man'
mkdir_p='$(MKDIR_P)'
oldincludedir='/usr/include'
pdfdir='${docdir}'
prefix='/usr/local'
program_transform_name='s,x,x,'
psdir='${docdir}'
sbindir='${exec_prefix}/sbin'
sharedstatedir='${prefix}/com'
sysconfdir='${prefix}/etc'
target_alias=''

## ----------- ##
## confdefs.h. ##
## ----------- ##

/* confdefs.h */
#define PACKAGE_NAME ""
#define PACKAGE_TARNAME ""
#define PACKAGE_VERSION ""
#define PACKAGE_STRING ""
#define PACKAGE_BUGREPORT ""
#define PACKAGE_URL ""
#define PACKAGE "filib"
#define VERSION "3.0.2"
#define STDC_HEADERS 1
#define HAVE_SYS_TYPES_H 1
#define HAVE_SYS_STAT_H 1
#define HAVE_STDLIB_H 1
#define HAVE_STRING_H 1
#define HAVE_MEMORY_H 1
#define HAVE_STRINGS_H 1
#define HAVE_INTTYPES_H 1
#define HAVE_STDINT_H 1
#define HAVE_UNISTD_H 1
#define HAVE_DLFCN_H 1
#define LT_OBJDIR ".libs/"
#define STDC_HEADERS 1
#define HAVE_SYS_TYPES_H 1
#define FILIB_EXTENDED /**/

configure: exit 0

## ---------------------- ##
## Running config.status. ##
## ---------------------- ##

This file was extended by config.status, which was
generated by GNU Autoconf 2.69.  Invocation command line was

  CONFIG_FILES    = 
  CONFIG_HEADERS  = 
  CONFIG_LINKS    = 
  CONFIG_COMMANDS = 
  $ ./config.status config.h

on parasara-HPENVY

config.status:1154: creating config.h
config.status:1335: config.h is unchanged
