This file contains any messages produced by compilers while
running configure, to aid debugging if configure makes a mistake.

It was created by capd configure 1.0, which was
generated by GNU Autoconf 2.69.  Invocation command line was

  $ ./configure --disable-option-checking --prefix=/usr/local --cache-file=/dev/null --srcdir=.

## --------- ##
## Platform. ##
## --------- ##

hostname = parasara-HPENVY
uname -m = i686
uname -r = 3.0.0-32-generic-pae
uname -s = Linux
uname -v = #51-Ubuntu SMP Thu Mar 21 16:09:48 UTC 2013

/usr/bin/uname -p = unknown
/bin/uname -X     = unknown

/bin/arch              = unknown
/usr/bin/arch -k       = unknown
/usr/convex/getsysinfo = unknown
/usr/bin/hostinfo      = unknown
/bin/machine           = unknown
/usr/bin/oslevel       = unknown
/bin/universe          = unknown

PATH: /usr/lib/lightdm/lightdm
PATH: /usr/local/sbin
PATH: /usr/local/bin
PATH: /usr/sbin
PATH: /usr/bin
PATH: /sbin
PATH: /bin
PATH: /usr/games


## ----------- ##
## Core tests. ##
## ----------- ##

configure:1913: checking for /home/parasara/Documents/SimulinkSimulations/CAPD/newVer/DynSysNew/capd/capdMake/libcapd/./../../capdMake
configure:1927: result: yes
configure:1983: checking for a BSD-compatible install
configure:2051: result: /usr/bin/install -c
configure:2062: checking whether build environment is sane
configure:2117: result: yes
configure:2268: checking for a thread-safe mkdir -p
configure:2307: result: /bin/mkdir -p
configure:2314: checking for gawk
configure:2330: found /usr/bin/gawk
configure:2341: result: gawk
configure:2352: checking whether make sets $(MAKE)
configure:2374: result: yes
configure:2403: checking whether make supports nested variables
configure:2420: result: yes
configure:2507: checking for style of include used by make
configure:2535: result: GNU
configure:2606: checking for gcc
configure:2622: found /usr/bin/gcc
configure:2633: result: gcc
configure:2862: checking for C compiler version
configure:2871: gcc --version >&5
gcc (Ubuntu/Linaro 4.6.1-9ubuntu3) 4.6.1
Copyright (C) 2011 Free Software Foundation, Inc.
This is free software; see the source for copying conditions.  There is NO
warranty; not even for MERCHANTABILITY or FITNESS FOR A PARTICULAR PURPOSE.

configure:2882: $? = 0
configure:2871: gcc -v >&5
Using built-in specs.
COLLECT_GCC=gcc
COLLECT_LTO_WRAPPER=/usr/lib/gcc/i686-linux-gnu/4.6.1/lto-wrapper
Target: i686-linux-gnu
Configured with: ../src/configure -v --with-pkgversion='Ubuntu/Linaro 4.6.1-9ubuntu3' --with-bugurl=file:///usr/share/doc/gcc-4.6/README.Bugs --enable-languages=c,c++,fortran,objc,obj-c++,go --prefix=/usr --program-suffix=-4.6 --enable-shared --enable-linker-build-id --with-system-zlib --libexecdir=/usr/lib --without-included-gettext --enable-threads=posix --with-gxx-include-dir=/usr/include/c++/4.6 --libdir=/usr/lib --enable-nls --with-sysroot=/ --enable-clocale=gnu --enable-libstdcxx-debug --enable-libstdcxx-time=yes --enable-plugin --enable-objc-gc --enable-targets=all --disable-werror --with-arch-32=i686 --with-tune=generic --enable-checking=release --build=i686-linux-gnu --host=i686-linux-gnu --target=i686-linux-gnu
Thread model: posix
gcc version 4.6.1 (Ubuntu/Linaro 4.6.1-9ubuntu3) 
configure:2882: $? = 0
configure:2871: gcc -V >&5
gcc: error: unrecognized option '-V'
gcc: fatal error: no input files
compilation terminated.
configure:2882: $? = 4
configure:2871: gcc -qversion >&5
gcc: error: unrecognized option '-qversion'
gcc: fatal error: no input files
compilation terminated.
configure:2882: $? = 4
configure:2902: checking whether the C compiler works
configure:2924: gcc    conftest.c  >&5
configure:2928: $? = 0
configure:2976: result: yes
configure:2979: checking for C compiler default output file name
configure:2981: result: a.out
configure:2987: checking for suffix of executables
configure:2994: gcc -o conftest    conftest.c  >&5
configure:2998: $? = 0
configure:3020: result: 
configure:3042: checking whether we are cross compiling
configure:3050: gcc -o conftest    conftest.c  >&5
configure:3054: $? = 0
configure:3061: ./conftest
configure:3065: $? = 0
configure:3080: result: no
configure:3085: checking for suffix of object files
configure:3107: gcc -c   conftest.c >&5
configure:3111: $? = 0
configure:3132: result: o
configure:3136: checking whether we are using the GNU C compiler
configure:3155: gcc -c   conftest.c >&5
configure:3155: $? = 0
configure:3164: result: yes
configure:3173: checking whether gcc accepts -g
configure:3193: gcc -c -g  conftest.c >&5
configure:3193: $? = 0
configure:3234: result: yes
configure:3251: checking for gcc option to accept ISO C89
configure:3314: gcc  -c -g -O2  conftest.c >&5
configure:3314: $? = 0
configure:3327: result: none needed
configure:3349: checking dependency style of gcc
configure:3460: result: gcc3
configure:3476: checking whether gcc and cc understand -c and -o together
configure:3507: gcc -c conftest.cpp -o conftest2.o >&5
configure:3511: $? = 0
configure:3517: gcc -c conftest.cpp -o conftest2.o >&5
configure:3521: $? = 0
configure:3532: cc -c conftest.cpp >&5
configure:3536: $? = 0
configure:3544: cc -c conftest.cpp -o conftest2.o >&5
configure:3548: $? = 0
configure:3554: cc -c conftest.cpp -o conftest2.o >&5
configure:3558: $? = 0
configure:3576: result: yes
configure:3609: checking whether to enable maintainer-specific portions of Makefiles
configure:3618: result: no
configure:3696: checking for pkg-config
configure:3714: found /usr/bin/pkg-config
configure:3726: result: /usr/bin/pkg-config
configure:3751: checking pkg-config is at least version 0.9.0
configure:3754: result: yes
configure:3763: $PKG_CONFIG --exists --print-errors "capdDynSys"
configure:3766: $? = 0
configure:3771: $PKG_CONFIG --exists --print-errors "capdRedHom"
Package capdRedHom was not found in the pkg-config search path.
Perhaps you should add the directory containing `capdRedHom.pc'
to the PKG_CONFIG_PATH environment variable
No package 'capdRedHom' found
configure:3774: $? = 1
configure:3779: $PKG_CONFIG --exists --print-errors "capdAlg"
configure:3782: $? = 0
configure:3787: $PKG_CONFIG --exists --print-errors "capdAux"
configure:3790: $? = 0
configure:3795: $PKG_CONFIG --exists --print-errors "capdExt"
configure:3798: $? = 0
configure:3812: checking for capd
configure:3819: $PKG_CONFIG --exists --print-errors "${CAPD_PACKAGES}"
configure:3822: $? = 0
configure:3836: $PKG_CONFIG --exists --print-errors "${CAPD_PACKAGES}"
configure:3839: $? = 0
configure:3897: result: yes
configure:3917: $PKG_CONFIG --exists --print-errors "capdkrak"
configure:3920: $? = 0
configure:3933: checking for capd_gui
configure:3940: $PKG_CONFIG --exists --print-errors "${CAPD_PACKAGES_GUI} ${CAPD_PACKAGES}"
configure:3943: $? = 0
configure:3957: $PKG_CONFIG --exists --print-errors "${CAPD_PACKAGES_GUI} ${CAPD_PACKAGES}"
configure:3960: $? = 0
configure:4018: result: yes
configure:4039: $PKG_CONFIG --exists --print-errors "mpcapdDynSys"
configure:4042: $? = 0
configure:4047: $PKG_CONFIG --exists --print-errors "mpcapdAlg"
configure:4050: $? = 0
configure:4063: checking for mpcapd
configure:4070: $PKG_CONFIG --exists --print-errors "${MPCAPD_PACKAGES}"
configure:4073: $? = 0
configure:4087: $PKG_CONFIG --exists --print-errors "${MPCAPD_PACKAGES}"
configure:4090: $? = 0
configure:4148: result: yes
configure:4177: checking for mpcapd_gui
configure:4184: $PKG_CONFIG --exists --print-errors "${CAPD_PACKAGES_GUI} ${MPCAPD_PACKAGES}"
configure:4187: $? = 0
configure:4201: $PKG_CONFIG --exists --print-errors "${CAPD_PACKAGES_GUI} ${MPCAPD_PACKAGES}"
configure:4204: $? = 0
configure:4262: result: yes
configure:4327: checking for ranlib
configure:4343: found /usr/bin/ranlib
configure:4354: result: ranlib
configure:4522: checking that generated files are newer than configure
configure:4528: result: done
configure:4571: creating ./config.status

## ---------------------- ##
## Running config.status. ##
## ---------------------- ##

This file was extended by capd config.status 1.0, which was
generated by GNU Autoconf 2.69.  Invocation command line was

  CONFIG_FILES    = 
  CONFIG_HEADERS  = 
  CONFIG_LINKS    = 
  CONFIG_COMMANDS = 
  $ ./config.status 

on parasara-HPENVY

config.status:907: creating Makefile
config.status:907: creating ./../../lib/pkgconfig-dev/capd.pc
config.status:907: creating capd.pc
config.status:907: creating capd-config
config.status:907: creating ./../../bin/capd-config
config.status:907: creating ./../../lib/pkgconfig-dev/capd-gui.pc
config.status:907: creating capd-gui.pc
config.status:907: creating capd-gui-config
config.status:907: creating ./../../bin/capd-gui-config
config.status:907: creating ./../../lib/pkgconfig-dev/mpcapd.pc
config.status:907: creating mpcapd.pc
config.status:907: creating mpcapd-config
config.status:907: creating ./../../bin/mpcapd-config
config.status:907: creating ./../../lib/pkgconfig-dev/mpcapd-gui.pc
config.status:907: creating mpcapd-gui.pc
config.status:907: creating mpcapd-gui-config
config.status:907: creating ./../../bin/mpcapd-gui-config
config.status:1079: executing depfiles commands

## ---------------- ##
## Cache variables. ##
## ---------------- ##

ac_cv_c_compiler_gnu=yes
ac_cv_env_CC_set=
ac_cv_env_CC_value=
ac_cv_env_CFLAGS_set=
ac_cv_env_CFLAGS_value=
ac_cv_env_CPPFLAGS_set=
ac_cv_env_CPPFLAGS_value=
ac_cv_env_LDFLAGS_set=
ac_cv_env_LDFLAGS_value=
ac_cv_env_LIBS_set=
ac_cv_env_LIBS_value=
ac_cv_env_PKG_CONFIG_LIBDIR_set=
ac_cv_env_PKG_CONFIG_LIBDIR_value=
ac_cv_env_PKG_CONFIG_PATH_set=set
ac_cv_env_PKG_CONFIG_PATH_value=/home/parasara/Documents/SimulinkSimulations/CAPD/newVer/DynSysNew/capd/lib/pkgconfig-dev
ac_cv_env_PKG_CONFIG_set=
ac_cv_env_PKG_CONFIG_value=
ac_cv_env_build_alias_set=
ac_cv_env_build_alias_value=
ac_cv_env_capd_CFLAGS_set=
ac_cv_env_capd_CFLAGS_value=
ac_cv_env_capd_LIBS_set=
ac_cv_env_capd_LIBS_value=
ac_cv_env_capd_gui_CFLAGS_set=
ac_cv_env_capd_gui_CFLAGS_value=
ac_cv_env_capd_gui_LIBS_set=
ac_cv_env_capd_gui_LIBS_value=
ac_cv_env_host_alias_set=
ac_cv_env_host_alias_value=
ac_cv_env_mpcapd_CFLAGS_set=
ac_cv_env_mpcapd_CFLAGS_value=
ac_cv_env_mpcapd_LIBS_set=
ac_cv_env_mpcapd_LIBS_value=
ac_cv_env_mpcapd_gui_CFLAGS_set=
ac_cv_env_mpcapd_gui_CFLAGS_value=
ac_cv_env_mpcapd_gui_LIBS_set=
ac_cv_env_mpcapd_gui_LIBS_value=
ac_cv_env_target_alias_set=
ac_cv_env_target_alias_value=
ac_cv_file__home_parasara_Documents_SimulinkSimulations_CAPD_newVer_DynSysNew_capd_capdMake_libcapd_________capdMake=yes
ac_cv_objext=o
ac_cv_path_ac_pt_PKG_CONFIG=/usr/bin/pkg-config
ac_cv_path_install='/usr/bin/install -c'
ac_cv_path_mkdir=/bin/mkdir
ac_cv_prog_AWK=gawk
ac_cv_prog_ac_ct_CC=gcc
ac_cv_prog_ac_ct_RANLIB=ranlib
ac_cv_prog_cc_c89=
ac_cv_prog_cc_g=yes
ac_cv_prog_cc_gcc_c_o=yes
ac_cv_prog_make_make_set=yes
am_cv_CC_dependencies_compiler_type=gcc3
am_cv_make_support_nested_variables=yes
pkg_cv_capd_CFLAGS='-D__USE_FILIB__ -frounding-math -ffloat-store -I/home/parasara/Documents/SimulinkSimulations/CAPD/newVer/DynSysNew/capd/capdDynSys4/include -I/home/parasara/Documents/SimulinkSimulations/CAPD/newVer/DynSysNew/capd/capdExt/./filibsrc -I/home/parasara/Documents/SimulinkSimulations/CAPD/newVer/DynSysNew/capd/capdExt/filibsrc -I/home/parasara/Documents/SimulinkSimulations/CAPD/newVer/DynSysNew/capd/capdAux/include -I/home/parasara/Documents/SimulinkSimulations/CAPD/newVer/DynSysNew/capd/capdAlg/include -I/home/parasara/Documents/SimulinkSimulations/CAPD/newVer/DynSysNew/capd/capdExt/include  '
pkg_cv_capd_LIBS='/home/parasara/Documents/SimulinkSimulations/CAPD/newVer/DynSysNew/capd/capdDynSys4/src/capd/covrel/libcapdcovrel.a /home/parasara/Documents/SimulinkSimulations/CAPD/newVer/DynSysNew/capd/capdDynSys4/src/capd/diffIncl/libcapddiffIncl.a /home/parasara/Documents/SimulinkSimulations/CAPD/newVer/DynSysNew/capd/capdDynSys4/src/capd/poincare/libcapdpoincare.a /home/parasara/Documents/SimulinkSimulations/CAPD/newVer/DynSysNew/capd/capdDynSys4/src/capd/diffAlgebra/libcapddiffAlgebra.a /home/parasara/Documents/SimulinkSimulations/CAPD/newVer/DynSysNew/capd/capdDynSys4/src/capd/dynsys/libcapddynsys.a /home/parasara/Documents/SimulinkSimulations/CAPD/newVer/DynSysNew/capd/capdDynSys4/src/capd/map/libcapdmap.a /home/parasara/Documents/SimulinkSimulations/CAPD/newVer/DynSysNew/capd/capdDynSys4/src/capd/autodiff/libcapdautodiff.a /home/parasara/Documents/SimulinkSimulations/CAPD/newVer/DynSysNew/capd/capdDynSys4/src/capd/dynset/libcapddynset.a /home/parasara/Documents/SimulinkSimulations/CAPD/newVer/DynSysNew/capd/capdDynSys4/src/capd/geomset/libcapdgeomset.a /home/parasara/Documents/SimulinkSimulations/CAPD/newVer/DynSysNew/capd/capdAux/src/capd/auxil/libcapdauxil.a /home/parasara/Documents/SimulinkSimulations/CAPD/newVer/DynSysNew/capd/capdAlg/src/capd/algfacade/libcapdalgfacade.a /home/parasara/Documents/SimulinkSimulations/CAPD/newVer/DynSysNew/capd/capdAlg/src/capd/matrixAlgorithms/libcapdmatrixAlgorithms.a /home/parasara/Documents/SimulinkSimulations/CAPD/newVer/DynSysNew/capd/capdAlg/src/capd/rounding/libcapdrounding.a /home/parasara/Documents/SimulinkSimulations/CAPD/newVer/DynSysNew/capd/capdAlg/src/capd/vectalg/libcapdvectalg.a /home/parasara/Documents/SimulinkSimulations/CAPD/newVer/DynSysNew/capd/capdAlg/src/capd/intervals/libcapdintervals.a /home/parasara/Documents/SimulinkSimulations/CAPD/newVer/DynSysNew/capd/capdAlg/src/capd/basicalg/libcapdbasicalg.a /home/parasara/Documents/SimulinkSimulations/CAPD/newVer/DynSysNew/capd/capdExt/src/capd/alglib/libcapdalglib.a -L/home/parasara/Documents/SimulinkSimulations/CAPD/newVer/DynSysNew/capd/capdExt/filibsrc/libprim/.libs -lprim  '
pkg_cv_capd_gui_CFLAGS='-D__USE_FILIB__ -frounding-math -ffloat-store -I/home/parasara/Documents/SimulinkSimulations/CAPD/newVer/DynSysNew/capd/capdAux/include -I/home/parasara/Documents/SimulinkSimulations/CAPD/newVer/DynSysNew/capd/capdDynSys4/include -I/home/parasara/Documents/SimulinkSimulations/CAPD/newVer/DynSysNew/capd/capdExt/./filibsrc -I/home/parasara/Documents/SimulinkSimulations/CAPD/newVer/DynSysNew/capd/capdExt/filibsrc -I/home/parasara/Documents/SimulinkSimulations/CAPD/newVer/DynSysNew/capd/capdAlg/include -I/home/parasara/Documents/SimulinkSimulations/CAPD/newVer/DynSysNew/capd/capdExt/include  '
pkg_cv_capd_gui_LIBS='/home/parasara/Documents/SimulinkSimulations/CAPD/newVer/DynSysNew/capd/capdAux/src/capd/krak/libcapdkrak.a /home/parasara/Documents/SimulinkSimulations/CAPD/newVer/DynSysNew/capd/capdDynSys4/src/capd/covrel/libcapdcovrel.a /home/parasara/Documents/SimulinkSimulations/CAPD/newVer/DynSysNew/capd/capdDynSys4/src/capd/diffIncl/libcapddiffIncl.a /home/parasara/Documents/SimulinkSimulations/CAPD/newVer/DynSysNew/capd/capdDynSys4/src/capd/poincare/libcapdpoincare.a /home/parasara/Documents/SimulinkSimulations/CAPD/newVer/DynSysNew/capd/capdDynSys4/src/capd/diffAlgebra/libcapddiffAlgebra.a /home/parasara/Documents/SimulinkSimulations/CAPD/newVer/DynSysNew/capd/capdDynSys4/src/capd/dynsys/libcapddynsys.a /home/parasara/Documents/SimulinkSimulations/CAPD/newVer/DynSysNew/capd/capdDynSys4/src/capd/map/libcapdmap.a /home/parasara/Documents/SimulinkSimulations/CAPD/newVer/DynSysNew/capd/capdDynSys4/src/capd/autodiff/libcapdautodiff.a /home/parasara/Documents/SimulinkSimulations/CAPD/newVer/DynSysNew/capd/capdDynSys4/src/capd/dynset/libcapddynset.a /home/parasara/Documents/SimulinkSimulations/CAPD/newVer/DynSysNew/capd/capdDynSys4/src/capd/geomset/libcapdgeomset.a /home/parasara/Documents/SimulinkSimulations/CAPD/newVer/DynSysNew/capd/capdAux/src/capd/auxil/libcapdauxil.a /home/parasara/Documents/SimulinkSimulations/CAPD/newVer/DynSysNew/capd/capdAlg/src/capd/algfacade/libcapdalgfacade.a /home/parasara/Documents/SimulinkSimulations/CAPD/newVer/DynSysNew/capd/capdAlg/src/capd/matrixAlgorithms/libcapdmatrixAlgorithms.a /home/parasara/Documents/SimulinkSimulations/CAPD/newVer/DynSysNew/capd/capdAlg/src/capd/rounding/libcapdrounding.a /home/parasara/Documents/SimulinkSimulations/CAPD/newVer/DynSysNew/capd/capdAlg/src/capd/vectalg/libcapdvectalg.a /home/parasara/Documents/SimulinkSimulations/CAPD/newVer/DynSysNew/capd/capdAlg/src/capd/intervals/libcapdintervals.a /home/parasara/Documents/SimulinkSimulations/CAPD/newVer/DynSysNew/capd/capdAlg/src/capd/basicalg/libcapdbasicalg.a /home/parasara/Documents/SimulinkSimulations/CAPD/newVer/DynSysNew/capd/capdExt/src/capd/alglib/libcapdalglib.a -L/home/parasara/Documents/SimulinkSimulations/CAPD/newVer/DynSysNew/capd/capdExt/filibsrc/libprim/.libs -lX11 -lprim  '
pkg_cv_mpcapd_CFLAGS='-D__HAVE_MPFR__ -frounding-math -D__USE_FILIB__ -ffloat-store -I/home/parasara/Documents/SimulinkSimulations/CAPD/newVer/DynSysNew/capd/capdDynSys4/include -I/home/parasara/Documents/SimulinkSimulations/CAPD/newVer/DynSysNew/capd/capdAlg/include -I/home/parasara/Documents/SimulinkSimulations/CAPD/newVer/DynSysNew/capd/capdExt/./filibsrc -I/home/parasara/Documents/SimulinkSimulations/CAPD/newVer/DynSysNew/capd/capdExt/filibsrc -I/home/parasara/Documents/SimulinkSimulations/CAPD/newVer/DynSysNew/capd/capdAux/include -I/home/parasara/Documents/SimulinkSimulations/CAPD/newVer/DynSysNew/capd/capdExt/include  '
pkg_cv_mpcapd_LIBS='/home/parasara/Documents/SimulinkSimulations/CAPD/newVer/DynSysNew/capd/capdDynSys4/src/mpcapd/diffIncl/libmpcapddiffIncl.a /home/parasara/Documents/SimulinkSimulations/CAPD/newVer/DynSysNew/capd/capdDynSys4/src/mpcapd/dynsys/libmpcapddynsys.a /home/parasara/Documents/SimulinkSimulations/CAPD/newVer/DynSysNew/capd/capdDynSys4/src/mpcapd/map/libmpcapdmap.a /home/parasara/Documents/SimulinkSimulations/CAPD/newVer/DynSysNew/capd/capdDynSys4/src/mpcapd/diffAlgebra/libmpcapddiffAlgebra.a /home/parasara/Documents/SimulinkSimulations/CAPD/newVer/DynSysNew/capd/capdDynSys4/src/mpcapd/dynset/libmpcapddynset.a /home/parasara/Documents/SimulinkSimulations/CAPD/newVer/DynSysNew/capd/capdDynSys4/src/mpcapd/geomset/libmpcapdgeomset.a /home/parasara/Documents/SimulinkSimulations/CAPD/newVer/DynSysNew/capd/capdAlg/src/mpcapd/intervals/libmpcapdintervals.a /home/parasara/Documents/SimulinkSimulations/CAPD/newVer/DynSysNew/capd/capdAlg/src/mpcapd/matrixAlgorithms/libmpcapdmatrixAlgorithms.a /home/parasara/Documents/SimulinkSimulations/CAPD/newVer/DynSysNew/capd/capdAlg/src/mpcapd/vectalg/libmpcapdvectalg.a /home/parasara/Documents/SimulinkSimulations/CAPD/newVer/DynSysNew/capd/capdAux/src/capd/auxil/libcapdauxil.a /home/parasara/Documents/SimulinkSimulations/CAPD/newVer/DynSysNew/capd/capdAlg/src/capd/algfacade/libcapdalgfacade.a /home/parasara/Documents/SimulinkSimulations/CAPD/newVer/DynSysNew/capd/capdAlg/src/capd/matrixAlgorithms/libcapdmatrixAlgorithms.a /home/parasara/Documents/SimulinkSimulations/CAPD/newVer/DynSysNew/capd/capdAlg/src/capd/rounding/libcapdrounding.a /home/parasara/Documents/SimulinkSimulations/CAPD/newVer/DynSysNew/capd/capdAlg/src/capd/vectalg/libcapdvectalg.a /home/parasara/Documents/SimulinkSimulations/CAPD/newVer/DynSysNew/capd/capdAlg/src/capd/intervals/libcapdintervals.a /home/parasara/Documents/SimulinkSimulations/CAPD/newVer/DynSysNew/capd/capdAlg/src/capd/basicalg/libcapdbasicalg.a /home/parasara/Documents/SimulinkSimulations/CAPD/newVer/DynSysNew/capd/capdExt/src/capd/alglib/libcapdalglib.a /home/parasara/Documents/SimulinkSimulations/CAPD/newVer/DynSysNew/capd/capdDynSys4/src/capd/covrel/libcapdcovrel.a /home/parasara/Documents/SimulinkSimulations/CAPD/newVer/DynSysNew/capd/capdDynSys4/src/capd/diffIncl/libcapddiffIncl.a /home/parasara/Documents/SimulinkSimulations/CAPD/newVer/DynSysNew/capd/capdDynSys4/src/capd/poincare/libcapdpoincare.a /home/parasara/Documents/SimulinkSimulations/CAPD/newVer/DynSysNew/capd/capdDynSys4/src/capd/diffAlgebra/libcapddiffAlgebra.a /home/parasara/Documents/SimulinkSimulations/CAPD/newVer/DynSysNew/capd/capdDynSys4/src/capd/dynsys/libcapddynsys.a /home/parasara/Documents/SimulinkSimulations/CAPD/newVer/DynSysNew/capd/capdDynSys4/src/capd/map/libcapdmap.a /home/parasara/Documents/SimulinkSimulations/CAPD/newVer/DynSysNew/capd/capdDynSys4/src/capd/autodiff/libcapdautodiff.a /home/parasara/Documents/SimulinkSimulations/CAPD/newVer/DynSysNew/capd/capdDynSys4/src/capd/dynset/libcapddynset.a /home/parasara/Documents/SimulinkSimulations/CAPD/newVer/DynSysNew/capd/capdDynSys4/src/capd/geomset/libcapdgeomset.a -L/home/parasara/Documents/SimulinkSimulations/CAPD/newVer/DynSysNew/capd/capdExt/filibsrc/libprim/.libs -lgmp -lgmpxx -lmpfr -lprim  '
pkg_cv_mpcapd_gui_CFLAGS='-D__HAVE_MPFR__ -frounding-math -D__USE_FILIB__ -ffloat-store -I/home/parasara/Documents/SimulinkSimulations/CAPD/newVer/DynSysNew/capd/capdAux/include -I/home/parasara/Documents/SimulinkSimulations/CAPD/newVer/DynSysNew/capd/capdDynSys4/include -I/home/parasara/Documents/SimulinkSimulations/CAPD/newVer/DynSysNew/capd/capdAlg/include -I/home/parasara/Documents/SimulinkSimulations/CAPD/newVer/DynSysNew/capd/capdExt/./filibsrc -I/home/parasara/Documents/SimulinkSimulations/CAPD/newVer/DynSysNew/capd/capdExt/filibsrc -I/home/parasara/Documents/SimulinkSimulations/CAPD/newVer/DynSysNew/capd/capdExt/include  '
pkg_cv_mpcapd_gui_LIBS='/home/parasara/Documents/SimulinkSimulations/CAPD/newVer/DynSysNew/capd/capdAux/src/capd/krak/libcapdkrak.a /home/parasara/Documents/SimulinkSimulations/CAPD/newVer/DynSysNew/capd/capdDynSys4/src/mpcapd/diffIncl/libmpcapddiffIncl.a /home/parasara/Documents/SimulinkSimulations/CAPD/newVer/DynSysNew/capd/capdDynSys4/src/mpcapd/dynsys/libmpcapddynsys.a /home/parasara/Documents/SimulinkSimulations/CAPD/newVer/DynSysNew/capd/capdDynSys4/src/mpcapd/map/libmpcapdmap.a /home/parasara/Documents/SimulinkSimulations/CAPD/newVer/DynSysNew/capd/capdDynSys4/src/mpcapd/diffAlgebra/libmpcapddiffAlgebra.a /home/parasara/Documents/SimulinkSimulations/CAPD/newVer/DynSysNew/capd/capdDynSys4/src/mpcapd/dynset/libmpcapddynset.a /home/parasara/Documents/SimulinkSimulations/CAPD/newVer/DynSysNew/capd/capdDynSys4/src/mpcapd/geomset/libmpcapdgeomset.a /home/parasara/Documents/SimulinkSimulations/CAPD/newVer/DynSysNew/capd/capdAlg/src/mpcapd/intervals/libmpcapdintervals.a /home/parasara/Documents/SimulinkSimulations/CAPD/newVer/DynSysNew/capd/capdAlg/src/mpcapd/matrixAlgorithms/libmpcapdmatrixAlgorithms.a /home/parasara/Documents/SimulinkSimulations/CAPD/newVer/DynSysNew/capd/capdAlg/src/mpcapd/vectalg/libmpcapdvectalg.a /home/parasara/Documents/SimulinkSimulations/CAPD/newVer/DynSysNew/capd/capdAux/src/capd/auxil/libcapdauxil.a /home/parasara/Documents/SimulinkSimulations/CAPD/newVer/DynSysNew/capd/capdAlg/src/capd/algfacade/libcapdalgfacade.a /home/parasara/Documents/SimulinkSimulations/CAPD/newVer/DynSysNew/capd/capdAlg/src/capd/matrixAlgorithms/libcapdmatrixAlgorithms.a /home/parasara/Documents/SimulinkSimulations/CAPD/newVer/DynSysNew/capd/capdAlg/src/capd/rounding/libcapdrounding.a /home/parasara/Documents/SimulinkSimulations/CAPD/newVer/DynSysNew/capd/capdAlg/src/capd/vectalg/libcapdvectalg.a /home/parasara/Documents/SimulinkSimulations/CAPD/newVer/DynSysNew/capd/capdAlg/src/capd/intervals/libcapdintervals.a /home/parasara/Documents/SimulinkSimulations/CAPD/newVer/DynSysNew/capd/capdAlg/src/capd/basicalg/libcapdbasicalg.a /home/parasara/Documents/SimulinkSimulations/CAPD/newVer/DynSysNew/capd/capdExt/src/capd/alglib/libcapdalglib.a /home/parasara/Documents/SimulinkSimulations/CAPD/newVer/DynSysNew/capd/capdDynSys4/src/capd/covrel/libcapdcovrel.a /home/parasara/Documents/SimulinkSimulations/CAPD/newVer/DynSysNew/capd/capdDynSys4/src/capd/diffIncl/libcapddiffIncl.a /home/parasara/Documents/SimulinkSimulations/CAPD/newVer/DynSysNew/capd/capdDynSys4/src/capd/poincare/libcapdpoincare.a /home/parasara/Documents/SimulinkSimulations/CAPD/newVer/DynSysNew/capd/capdDynSys4/src/capd/diffAlgebra/libcapddiffAlgebra.a /home/parasara/Documents/SimulinkSimulations/CAPD/newVer/DynSysNew/capd/capdDynSys4/src/capd/dynsys/libcapddynsys.a /home/parasara/Documents/SimulinkSimulations/CAPD/newVer/DynSysNew/capd/capdDynSys4/src/capd/map/libcapdmap.a /home/parasara/Documents/SimulinkSimulations/CAPD/newVer/DynSysNew/capd/capdDynSys4/src/capd/autodiff/libcapdautodiff.a /home/parasara/Documents/SimulinkSimulations/CAPD/newVer/DynSysNew/capd/capdDynSys4/src/capd/dynset/libcapddynset.a /home/parasara/Documents/SimulinkSimulations/CAPD/newVer/DynSysNew/capd/capdDynSys4/src/capd/geomset/libcapdgeomset.a -L/home/parasara/Documents/SimulinkSimulations/CAPD/newVer/DynSysNew/capd/capdExt/filibsrc/libprim/.libs -lX11 -lgmp -lgmpxx -lmpfr -lprim  '

## ----------------- ##
## Output variables. ##
## ----------------- ##

ACLOCAL='${SHELL} /home/parasara/Documents/SimulinkSimulations/CAPD/newVer/DynSysNew/capd/capdMake/missing aclocal-1.13'
AMDEPBACKSLASH='\'
AMDEP_FALSE='#'
AMDEP_TRUE=''
AMTAR='$${TAR-tar}'
AM_BACKSLASH='\'
AM_DEFAULT_V='$(AM_DEFAULT_VERBOSITY)'
AM_DEFAULT_VERBOSITY='1'
AM_V='$(V)'
AUTOCONF='${SHELL} /home/parasara/Documents/SimulinkSimulations/CAPD/newVer/DynSysNew/capd/capdMake/missing autoconf'
AUTOHEADER='${SHELL} /home/parasara/Documents/SimulinkSimulations/CAPD/newVer/DynSysNew/capd/capdMake/missing autoheader'
AUTOMAKE='${SHELL} /home/parasara/Documents/SimulinkSimulations/CAPD/newVer/DynSysNew/capd/capdMake/missing automake-1.13'
AWK='gawk'
CAPD_PACKAGES=' capdDynSys capdAlg capdAux capdExt'
CAPD_PACKAGES_GUI='capdkrak'
CC='gcc'
CCDEPMODE='depmode=gcc3'
CFLAGS='-g -O2'
CPPFLAGS=''
CYGPATH_W='echo'
DEFS='-DPACKAGE_NAME=\"capd\" -DPACKAGE_TARNAME=\"capd\" -DPACKAGE_VERSION=\"1.0\" -DPACKAGE_STRING=\"capd\ 1.0\" -DPACKAGE_BUGREPORT=\"BUG-REPORT-ADDRESS\" -DPACKAGE_URL=\"\"'
DEPDIR='.deps'
ECHO_C=''
ECHO_N='-n'
ECHO_T=''
EXEEXT=''
HAVE_CAPD_FALSE='#'
HAVE_CAPD_GUI_FALSE='#'
HAVE_CAPD_GUI_TRUE=''
HAVE_CAPD_TRUE=''
HAVE_MPCAPD_FALSE='#'
HAVE_MPCAPD_GUI_FALSE='#'
HAVE_MPCAPD_GUI_TRUE=''
HAVE_MPCAPD_TRUE=''
INSTALL_DATA='${INSTALL} -m 644'
INSTALL_PROGRAM='${INSTALL}'
INSTALL_SCRIPT='${INSTALL}'
INSTALL_STRIP_PROGRAM='$(install_sh) -c -s'
LDFLAGS=''
LIBOBJS=''
LIBS=''
LTLIBOBJS=''
MAINT='#'
MAINTAINER_MODE_FALSE=''
MAINTAINER_MODE_TRUE='#'
MAKEINFO='${SHELL} /home/parasara/Documents/SimulinkSimulations/CAPD/newVer/DynSysNew/capd/capdMake/missing makeinfo'
MKDIR_P='/bin/mkdir -p'
MPCAPD_PACKAGES=' mpcapdDynSys mpcapdAlg'
OBJEXT='o'
PACKAGE='capd'
PACKAGE_BUGREPORT='BUG-REPORT-ADDRESS'
PACKAGE_NAME='capd'
PACKAGE_STRING='capd 1.0'
PACKAGE_TARNAME='capd'
PACKAGE_URL=''
PACKAGE_VERSION='1.0'
PATH_SEPARATOR=':'
PKG_CONFIG='/usr/bin/pkg-config'
PKG_CONFIG_DEV_DIR='/home/parasara/Documents/SimulinkSimulations/CAPD/newVer/DynSysNew/capd/lib/pkgconfig-dev'
PKG_CONFIG_DIR='${libdir}/pkgconfig'
PKG_CONFIG_LIBDIR=''
PKG_CONFIG_PATH='/home/parasara/Documents/SimulinkSimulations/CAPD/newVer/DynSysNew/capd/lib/pkgconfig-dev'
RANLIB='ranlib'
SET_MAKE=''
SHELL='/bin/bash'
STRIP=''
VERSION='1.0'
ac_ct_CC='gcc'
am__EXEEXT_FALSE=''
am__EXEEXT_TRUE='#'
am__fastdepCC_FALSE='#'
am__fastdepCC_TRUE=''
am__include='include'
am__isrc=''
am__leading_dot='.'
am__nodep='_no'
am__quote=''
am__tar='$${TAR-tar} chof - "$$tardir"'
am__untar='$${TAR-tar} xf -'
bindir='${exec_prefix}/bin'
build_alias=''
capdMake='/home/parasara/Documents/SimulinkSimulations/CAPD/newVer/DynSysNew/capd/capdMake/libcapd/./../../capdMake'
capd_CFLAGS='-D__USE_FILIB__ -frounding-math -ffloat-store -I/home/parasara/Documents/SimulinkSimulations/CAPD/newVer/DynSysNew/capd/capdDynSys4/include -I/home/parasara/Documents/SimulinkSimulations/CAPD/newVer/DynSysNew/capd/capdExt/./filibsrc -I/home/parasara/Documents/SimulinkSimulations/CAPD/newVer/DynSysNew/capd/capdExt/filibsrc -I/home/parasara/Documents/SimulinkSimulations/CAPD/newVer/DynSysNew/capd/capdAux/include -I/home/parasara/Documents/SimulinkSimulations/CAPD/newVer/DynSysNew/capd/capdAlg/include -I/home/parasara/Documents/SimulinkSimulations/CAPD/newVer/DynSysNew/capd/capdExt/include  '
capd_LIBS='/home/parasara/Documents/SimulinkSimulations/CAPD/newVer/DynSysNew/capd/capdDynSys4/src/capd/covrel/libcapdcovrel.a /home/parasara/Documents/SimulinkSimulations/CAPD/newVer/DynSysNew/capd/capdDynSys4/src/capd/diffIncl/libcapddiffIncl.a /home/parasara/Documents/SimulinkSimulations/CAPD/newVer/DynSysNew/capd/capdDynSys4/src/capd/poincare/libcapdpoincare.a /home/parasara/Documents/SimulinkSimulations/CAPD/newVer/DynSysNew/capd/capdDynSys4/src/capd/diffAlgebra/libcapddiffAlgebra.a /home/parasara/Documents/SimulinkSimulations/CAPD/newVer/DynSysNew/capd/capdDynSys4/src/capd/dynsys/libcapddynsys.a /home/parasara/Documents/SimulinkSimulations/CAPD/newVer/DynSysNew/capd/capdDynSys4/src/capd/map/libcapdmap.a /home/parasara/Documents/SimulinkSimulations/CAPD/newVer/DynSysNew/capd/capdDynSys4/src/capd/autodiff/libcapdautodiff.a /home/parasara/Documents/SimulinkSimulations/CAPD/newVer/DynSysNew/capd/capdDynSys4/src/capd/dynset/libcapddynset.a /home/parasara/Documents/SimulinkSimulations/CAPD/newVer/DynSysNew/capd/capdDynSys4/src/capd/geomset/libcapdgeomset.a /home/parasara/Documents/SimulinkSimulations/CAPD/newVer/DynSysNew/capd/capdAux/src/capd/auxil/libcapdauxil.a /home/parasara/Documents/SimulinkSimulations/CAPD/newVer/DynSysNew/capd/capdAlg/src/capd/algfacade/libcapdalgfacade.a /home/parasara/Documents/SimulinkSimulations/CAPD/newVer/DynSysNew/capd/capdAlg/src/capd/matrixAlgorithms/libcapdmatrixAlgorithms.a /home/parasara/Documents/SimulinkSimulations/CAPD/newVer/DynSysNew/capd/capdAlg/src/capd/rounding/libcapdrounding.a /home/parasara/Documents/SimulinkSimulations/CAPD/newVer/DynSysNew/capd/capdAlg/src/capd/vectalg/libcapdvectalg.a /home/parasara/Documents/SimulinkSimulations/CAPD/newVer/DynSysNew/capd/capdAlg/src/capd/intervals/libcapdintervals.a /home/parasara/Documents/SimulinkSimulations/CAPD/newVer/DynSysNew/capd/capdAlg/src/capd/basicalg/libcapdbasicalg.a /home/parasara/Documents/SimulinkSimulations/CAPD/newVer/DynSysNew/capd/capdExt/src/capd/alglib/libcapdalglib.a -L/home/parasara/Documents/SimulinkSimulations/CAPD/newVer/DynSysNew/capd/capdExt/filibsrc/libprim/.libs -lprim  '
capd_gui_CFLAGS='-D__USE_FILIB__ -frounding-math -ffloat-store -I/home/parasara/Documents/SimulinkSimulations/CAPD/newVer/DynSysNew/capd/capdAux/include -I/home/parasara/Documents/SimulinkSimulations/CAPD/newVer/DynSysNew/capd/capdDynSys4/include -I/home/parasara/Documents/SimulinkSimulations/CAPD/newVer/DynSysNew/capd/capdExt/./filibsrc -I/home/parasara/Documents/SimulinkSimulations/CAPD/newVer/DynSysNew/capd/capdExt/filibsrc -I/home/parasara/Documents/SimulinkSimulations/CAPD/newVer/DynSysNew/capd/capdAlg/include -I/home/parasara/Documents/SimulinkSimulations/CAPD/newVer/DynSysNew/capd/capdExt/include  '
capd_gui_LIBS='/home/parasara/Documents/SimulinkSimulations/CAPD/newVer/DynSysNew/capd/capdAux/src/capd/krak/libcapdkrak.a /home/parasara/Documents/SimulinkSimulations/CAPD/newVer/DynSysNew/capd/capdDynSys4/src/capd/covrel/libcapdcovrel.a /home/parasara/Documents/SimulinkSimulations/CAPD/newVer/DynSysNew/capd/capdDynSys4/src/capd/diffIncl/libcapddiffIncl.a /home/parasara/Documents/SimulinkSimulations/CAPD/newVer/DynSysNew/capd/capdDynSys4/src/capd/poincare/libcapdpoincare.a /home/parasara/Documents/SimulinkSimulations/CAPD/newVer/DynSysNew/capd/capdDynSys4/src/capd/diffAlgebra/libcapddiffAlgebra.a /home/parasara/Documents/SimulinkSimulations/CAPD/newVer/DynSysNew/capd/capdDynSys4/src/capd/dynsys/libcapddynsys.a /home/parasara/Documents/SimulinkSimulations/CAPD/newVer/DynSysNew/capd/capdDynSys4/src/capd/map/libcapdmap.a /home/parasara/Documents/SimulinkSimulations/CAPD/newVer/DynSysNew/capd/capdDynSys4/src/capd/autodiff/libcapdautodiff.a /home/parasara/Documents/SimulinkSimulations/CAPD/newVer/DynSysNew/capd/capdDynSys4/src/capd/dynset/libcapddynset.a /home/parasara/Documents/SimulinkSimulations/CAPD/newVer/DynSysNew/capd/capdDynSys4/src/capd/geomset/libcapdgeomset.a /home/parasara/Documents/SimulinkSimulations/CAPD/newVer/DynSysNew/capd/capdAux/src/capd/auxil/libcapdauxil.a /home/parasara/Documents/SimulinkSimulations/CAPD/newVer/DynSysNew/capd/capdAlg/src/capd/algfacade/libcapdalgfacade.a /home/parasara/Documents/SimulinkSimulations/CAPD/newVer/DynSysNew/capd/capdAlg/src/capd/matrixAlgorithms/libcapdmatrixAlgorithms.a /home/parasara/Documents/SimulinkSimulations/CAPD/newVer/DynSysNew/capd/capdAlg/src/capd/rounding/libcapdrounding.a /home/parasara/Documents/SimulinkSimulations/CAPD/newVer/DynSysNew/capd/capdAlg/src/capd/vectalg/libcapdvectalg.a /home/parasara/Documents/SimulinkSimulations/CAPD/newVer/DynSysNew/capd/capdAlg/src/capd/intervals/libcapdintervals.a /home/parasara/Documents/SimulinkSimulations/CAPD/newVer/DynSysNew/capd/capdAlg/src/capd/basicalg/libcapdbasicalg.a /home/parasara/Documents/SimulinkSimulations/CAPD/newVer/DynSysNew/capd/capdExt/src/capd/alglib/libcapdalglib.a -L/home/parasara/Documents/SimulinkSimulations/CAPD/newVer/DynSysNew/capd/capdExt/filibsrc/libprim/.libs -lX11 -lprim  '
datadir='${datarootdir}'
datarootdir='${prefix}/share'
docdir='${datarootdir}/doc/${PACKAGE_TARNAME}'
dvidir='${docdir}'
exec_prefix='${prefix}'
host_alias=''
htmldir='${docdir}'
includedir='${prefix}/include'
infodir='${datarootdir}/info'
install_sh='${SHELL} /home/parasara/Documents/SimulinkSimulations/CAPD/newVer/DynSysNew/capd/capdMake/install-sh'
libdir='${exec_prefix}/lib'
libexecdir='${exec_prefix}/libexec'
localedir='${datarootdir}/locale'
localstatedir='${prefix}/var'
mandir='${datarootdir}/man'
mkdir_p='$(MKDIR_P)'
mpcapd_CFLAGS='-D__HAVE_MPFR__ -frounding-math -D__USE_FILIB__ -ffloat-store -I/home/parasara/Documents/SimulinkSimulations/CAPD/newVer/DynSysNew/capd/capdDynSys4/include -I/home/parasara/Documents/SimulinkSimulations/CAPD/newVer/DynSysNew/capd/capdAlg/include -I/home/parasara/Documents/SimulinkSimulations/CAPD/newVer/DynSysNew/capd/capdExt/./filibsrc -I/home/parasara/Documents/SimulinkSimulations/CAPD/newVer/DynSysNew/capd/capdExt/filibsrc -I/home/parasara/Documents/SimulinkSimulations/CAPD/newVer/DynSysNew/capd/capdAux/include -I/home/parasara/Documents/SimulinkSimulations/CAPD/newVer/DynSysNew/capd/capdExt/include  '
mpcapd_LIBS='/home/parasara/Documents/SimulinkSimulations/CAPD/newVer/DynSysNew/capd/capdDynSys4/src/mpcapd/diffIncl/libmpcapddiffIncl.a /home/parasara/Documents/SimulinkSimulations/CAPD/newVer/DynSysNew/capd/capdDynSys4/src/mpcapd/dynsys/libmpcapddynsys.a /home/parasara/Documents/SimulinkSimulations/CAPD/newVer/DynSysNew/capd/capdDynSys4/src/mpcapd/map/libmpcapdmap.a /home/parasara/Documents/SimulinkSimulations/CAPD/newVer/DynSysNew/capd/capdDynSys4/src/mpcapd/diffAlgebra/libmpcapddiffAlgebra.a /home/parasara/Documents/SimulinkSimulations/CAPD/newVer/DynSysNew/capd/capdDynSys4/src/mpcapd/dynset/libmpcapddynset.a /home/parasara/Documents/SimulinkSimulations/CAPD/newVer/DynSysNew/capd/capdDynSys4/src/mpcapd/geomset/libmpcapdgeomset.a /home/parasara/Documents/SimulinkSimulations/CAPD/newVer/DynSysNew/capd/capdAlg/src/mpcapd/intervals/libmpcapdintervals.a /home/parasara/Documents/SimulinkSimulations/CAPD/newVer/DynSysNew/capd/capdAlg/src/mpcapd/matrixAlgorithms/libmpcapdmatrixAlgorithms.a /home/parasara/Documents/SimulinkSimulations/CAPD/newVer/DynSysNew/capd/capdAlg/src/mpcapd/vectalg/libmpcapdvectalg.a /home/parasara/Documents/SimulinkSimulations/CAPD/newVer/DynSysNew/capd/capdAux/src/capd/auxil/libcapdauxil.a /home/parasara/Documents/SimulinkSimulations/CAPD/newVer/DynSysNew/capd/capdAlg/src/capd/algfacade/libcapdalgfacade.a /home/parasara/Documents/SimulinkSimulations/CAPD/newVer/DynSysNew/capd/capdAlg/src/capd/matrixAlgorithms/libcapdmatrixAlgorithms.a /home/parasara/Documents/SimulinkSimulations/CAPD/newVer/DynSysNew/capd/capdAlg/src/capd/rounding/libcapdrounding.a /home/parasara/Documents/SimulinkSimulations/CAPD/newVer/DynSysNew/capd/capdAlg/src/capd/vectalg/libcapdvectalg.a /home/parasara/Documents/SimulinkSimulations/CAPD/newVer/DynSysNew/capd/capdAlg/src/capd/intervals/libcapdintervals.a /home/parasara/Documents/SimulinkSimulations/CAPD/newVer/DynSysNew/capd/capdAlg/src/capd/basicalg/libcapdbasicalg.a /home/parasara/Documents/SimulinkSimulations/CAPD/newVer/DynSysNew/capd/capdExt/src/capd/alglib/libcapdalglib.a /home/parasara/Documents/SimulinkSimulations/CAPD/newVer/DynSysNew/capd/capdDynSys4/src/capd/covrel/libcapdcovrel.a /home/parasara/Documents/SimulinkSimulations/CAPD/newVer/DynSysNew/capd/capdDynSys4/src/capd/diffIncl/libcapddiffIncl.a /home/parasara/Documents/SimulinkSimulations/CAPD/newVer/DynSysNew/capd/capdDynSys4/src/capd/poincare/libcapdpoincare.a /home/parasara/Documents/SimulinkSimulations/CAPD/newVer/DynSysNew/capd/capdDynSys4/src/capd/diffAlgebra/libcapddiffAlgebra.a /home/parasara/Documents/SimulinkSimulations/CAPD/newVer/DynSysNew/capd/capdDynSys4/src/capd/dynsys/libcapddynsys.a /home/parasara/Documents/SimulinkSimulations/CAPD/newVer/DynSysNew/capd/capdDynSys4/src/capd/map/libcapdmap.a /home/parasara/Documents/SimulinkSimulations/CAPD/newVer/DynSysNew/capd/capdDynSys4/src/capd/autodiff/libcapdautodiff.a /home/parasara/Documents/SimulinkSimulations/CAPD/newVer/DynSysNew/capd/capdDynSys4/src/capd/dynset/libcapddynset.a /home/parasara/Documents/SimulinkSimulations/CAPD/newVer/DynSysNew/capd/capdDynSys4/src/capd/geomset/libcapdgeomset.a -L/home/parasara/Documents/SimulinkSimulations/CAPD/newVer/DynSysNew/capd/capdExt/filibsrc/libprim/.libs -lgmp -lgmpxx -lmpfr -lprim  '
mpcapd_gui_CFLAGS='-D__HAVE_MPFR__ -frounding-math -D__USE_FILIB__ -ffloat-store -I/home/parasara/Documents/SimulinkSimulations/CAPD/newVer/DynSysNew/capd/capdAux/include -I/home/parasara/Documents/SimulinkSimulations/CAPD/newVer/DynSysNew/capd/capdDynSys4/include -I/home/parasara/Documents/SimulinkSimulations/CAPD/newVer/DynSysNew/capd/capdAlg/include -I/home/parasara/Documents/SimulinkSimulations/CAPD/newVer/DynSysNew/capd/capdExt/./filibsrc -I/home/parasara/Documents/SimulinkSimulations/CAPD/newVer/DynSysNew/capd/capdExt/filibsrc -I/home/parasara/Documents/SimulinkSimulations/CAPD/newVer/DynSysNew/capd/capdExt/include  '
mpcapd_gui_LIBS='/home/parasara/Documents/SimulinkSimulations/CAPD/newVer/DynSysNew/capd/capdAux/src/capd/krak/libcapdkrak.a /home/parasara/Documents/SimulinkSimulations/CAPD/newVer/DynSysNew/capd/capdDynSys4/src/mpcapd/diffIncl/libmpcapddiffIncl.a /home/parasara/Documents/SimulinkSimulations/CAPD/newVer/DynSysNew/capd/capdDynSys4/src/mpcapd/dynsys/libmpcapddynsys.a /home/parasara/Documents/SimulinkSimulations/CAPD/newVer/DynSysNew/capd/capdDynSys4/src/mpcapd/map/libmpcapdmap.a /home/parasara/Documents/SimulinkSimulations/CAPD/newVer/DynSysNew/capd/capdDynSys4/src/mpcapd/diffAlgebra/libmpcapddiffAlgebra.a /home/parasara/Documents/SimulinkSimulations/CAPD/newVer/DynSysNew/capd/capdDynSys4/src/mpcapd/dynset/libmpcapddynset.a /home/parasara/Documents/SimulinkSimulations/CAPD/newVer/DynSysNew/capd/capdDynSys4/src/mpcapd/geomset/libmpcapdgeomset.a /home/parasara/Documents/SimulinkSimulations/CAPD/newVer/DynSysNew/capd/capdAlg/src/mpcapd/intervals/libmpcapdintervals.a /home/parasara/Documents/SimulinkSimulations/CAPD/newVer/DynSysNew/capd/capdAlg/src/mpcapd/matrixAlgorithms/libmpcapdmatrixAlgorithms.a /home/parasara/Documents/SimulinkSimulations/CAPD/newVer/DynSysNew/capd/capdAlg/src/mpcapd/vectalg/libmpcapdvectalg.a /home/parasara/Documents/SimulinkSimulations/CAPD/newVer/DynSysNew/capd/capdAux/src/capd/auxil/libcapdauxil.a /home/parasara/Documents/SimulinkSimulations/CAPD/newVer/DynSysNew/capd/capdAlg/src/capd/algfacade/libcapdalgfacade.a /home/parasara/Documents/SimulinkSimulations/CAPD/newVer/DynSysNew/capd/capdAlg/src/capd/matrixAlgorithms/libcapdmatrixAlgorithms.a /home/parasara/Documents/SimulinkSimulations/CAPD/newVer/DynSysNew/capd/capdAlg/src/capd/rounding/libcapdrounding.a /home/parasara/Documents/SimulinkSimulations/CAPD/newVer/DynSysNew/capd/capdAlg/src/capd/vectalg/libcapdvectalg.a /home/parasara/Documents/SimulinkSimulations/CAPD/newVer/DynSysNew/capd/capdAlg/src/capd/intervals/libcapdintervals.a /home/parasara/Documents/SimulinkSimulations/CAPD/newVer/DynSysNew/capd/capdAlg/src/capd/basicalg/libcapdbasicalg.a /home/parasara/Documents/SimulinkSimulations/CAPD/newVer/DynSysNew/capd/capdExt/src/capd/alglib/libcapdalglib.a /home/parasara/Documents/SimulinkSimulations/CAPD/newVer/DynSysNew/capd/capdDynSys4/src/capd/covrel/libcapdcovrel.a /home/parasara/Documents/SimulinkSimulations/CAPD/newVer/DynSysNew/capd/capdDynSys4/src/capd/diffIncl/libcapddiffIncl.a /home/parasara/Documents/SimulinkSimulations/CAPD/newVer/DynSysNew/capd/capdDynSys4/src/capd/poincare/libcapdpoincare.a /home/parasara/Documents/SimulinkSimulations/CAPD/newVer/DynSysNew/capd/capdDynSys4/src/capd/diffAlgebra/libcapddiffAlgebra.a /home/parasara/Documents/SimulinkSimulations/CAPD/newVer/DynSysNew/capd/capdDynSys4/src/capd/dynsys/libcapddynsys.a /home/parasara/Documents/SimulinkSimulations/CAPD/newVer/DynSysNew/capd/capdDynSys4/src/capd/map/libcapdmap.a /home/parasara/Documents/SimulinkSimulations/CAPD/newVer/DynSysNew/capd/capdDynSys4/src/capd/autodiff/libcapdautodiff.a /home/parasara/Documents/SimulinkSimulations/CAPD/newVer/DynSysNew/capd/capdDynSys4/src/capd/dynset/libcapddynset.a /home/parasara/Documents/SimulinkSimulations/CAPD/newVer/DynSysNew/capd/capdDynSys4/src/capd/geomset/libcapdgeomset.a -L/home/parasara/Documents/SimulinkSimulations/CAPD/newVer/DynSysNew/capd/capdExt/filibsrc/libprim/.libs -lX11 -lgmp -lgmpxx -lmpfr -lprim  '
oldincludedir='/usr/include'
pdfdir='${docdir}'
prefix='/usr/local'
program_transform_name='s,x,x,'
psdir='${docdir}'
sbindir='${exec_prefix}/sbin'
sharedstatedir='${prefix}/com'
sysconfdir='${prefix}/etc'
target_alias=''
top_capd='./../..'
top_capd_build='./../..'

## ----------- ##
## confdefs.h. ##
## ----------- ##

/* confdefs.h */
#define PACKAGE_NAME "capd"
#define PACKAGE_TARNAME "capd"
#define PACKAGE_VERSION "1.0"
#define PACKAGE_STRING "capd 1.0"
#define PACKAGE_BUGREPORT "BUG-REPORT-ADDRESS"
#define PACKAGE_URL ""

configure: exit 0
