This file contains any messages produced by compilers while
running configure, to aid debugging if configure makes a mistake.

It was created by capdAlg-examples configure 1.0, which was
generated by GNU Autoconf 2.69.  Invocation command line was

  $ ./configure --disable-option-checking --prefix=/usr/local PKG_CONFIG_PATH=/home/parasara/Documents/SimulinkSimulations/CAPD/newVer/DynSysNew/capd/lib/pkgconfig-dev --cache-file=/dev/null --srcdir=.

## --------- ##
## Platform. ##
## --------- ##

hostname = parasara-HPENVY
uname -m = i686
uname -r = 3.0.0-32-generic-pae
uname -s = Linux
uname -v = #51-Ubuntu SMP Thu Mar 21 16:09:48 UTC 2013

/usr/bin/uname -p = unknown
/bin/uname -X     = unknown

/bin/arch              = unknown
/usr/bin/arch -k       = unknown
/usr/convex/getsysinfo = unknown
/usr/bin/hostinfo      = unknown
/bin/machine           = unknown
/usr/bin/oslevel       = unknown
/bin/universe          = unknown

PATH: /usr/lib/lightdm/lightdm
PATH: /usr/local/sbin
PATH: /usr/local/bin
PATH: /usr/sbin
PATH: /usr/bin
PATH: /sbin
PATH: /bin
PATH: /usr/games


## ----------- ##
## Core tests. ##
## ----------- ##

configure:2037: checking for /home/parasara/Documents/SimulinkSimulations/CAPD/newVer/DynSysNew/capd/capdAlg/examples/./../../capdMake
configure:2051: result: yes
configure:2107: checking for a BSD-compatible install
configure:2175: result: /usr/bin/install -c
configure:2186: checking whether build environment is sane
configure:2241: result: yes
configure:2392: checking for a thread-safe mkdir -p
configure:2431: result: /bin/mkdir -p
configure:2438: checking for gawk
configure:2454: found /usr/bin/gawk
configure:2465: result: gawk
configure:2476: checking whether make sets $(MAKE)
configure:2498: result: yes
configure:2527: checking whether make supports nested variables
configure:2544: result: yes
configure:2631: checking for style of include used by make
configure:2659: result: GNU
configure:2730: checking for gcc
configure:2746: found /usr/bin/gcc
configure:2757: result: gcc
configure:2986: checking for C compiler version
configure:2995: gcc --version >&5
gcc (Ubuntu/Linaro 4.6.1-9ubuntu3) 4.6.1
Copyright (C) 2011 Free Software Foundation, Inc.
This is free software; see the source for copying conditions.  There is NO
warranty; not even for MERCHANTABILITY or FITNESS FOR A PARTICULAR PURPOSE.

configure:3006: $? = 0
configure:2995: gcc -v >&5
Using built-in specs.
COLLECT_GCC=gcc
COLLECT_LTO_WRAPPER=/usr/lib/gcc/i686-linux-gnu/4.6.1/lto-wrapper
Target: i686-linux-gnu
Configured with: ../src/configure -v --with-pkgversion='Ubuntu/Linaro 4.6.1-9ubuntu3' --with-bugurl=file:///usr/share/doc/gcc-4.6/README.Bugs --enable-languages=c,c++,fortran,objc,obj-c++,go --prefix=/usr --program-suffix=-4.6 --enable-shared --enable-linker-build-id --with-system-zlib --libexecdir=/usr/lib --without-included-gettext --enable-threads=posix --with-gxx-include-dir=/usr/include/c++/4.6 --libdir=/usr/lib --enable-nls --with-sysroot=/ --enable-clocale=gnu --enable-libstdcxx-debug --enable-libstdcxx-time=yes --enable-plugin --enable-objc-gc --enable-targets=all --disable-werror --with-arch-32=i686 --with-tune=generic --enable-checking=release --build=i686-linux-gnu --host=i686-linux-gnu --target=i686-linux-gnu
Thread model: posix
gcc version 4.6.1 (Ubuntu/Linaro 4.6.1-9ubuntu3) 
configure:3006: $? = 0
configure:2995: gcc -V >&5
gcc: error: unrecognized option '-V'
gcc: fatal error: no input files
compilation terminated.
configure:3006: $? = 4
configure:2995: gcc -qversion >&5
gcc: error: unrecognized option '-qversion'
gcc: fatal error: no input files
compilation terminated.
configure:3006: $? = 4
configure:3026: checking whether the C compiler works
configure:3048: gcc    conftest.c  >&5
configure:3052: $? = 0
configure:3100: result: yes
configure:3103: checking for C compiler default output file name
configure:3105: result: a.out
configure:3111: checking for suffix of executables
configure:3118: gcc -o conftest    conftest.c  >&5
configure:3122: $? = 0
configure:3144: result: 
configure:3166: checking whether we are cross compiling
configure:3174: gcc -o conftest    conftest.c  >&5
configure:3178: $? = 0
configure:3185: ./conftest
configure:3189: $? = 0
configure:3204: result: no
configure:3209: checking for suffix of object files
configure:3231: gcc -c   conftest.c >&5
configure:3235: $? = 0
configure:3256: result: o
configure:3260: checking whether we are using the GNU C compiler
configure:3279: gcc -c   conftest.c >&5
configure:3279: $? = 0
configure:3288: result: yes
configure:3297: checking whether gcc accepts -g
configure:3317: gcc -c -g  conftest.c >&5
configure:3317: $? = 0
configure:3358: result: yes
configure:3375: checking for gcc option to accept ISO C89
configure:3438: gcc  -c -g -O2  conftest.c >&5
configure:3438: $? = 0
configure:3451: result: none needed
configure:3473: checking dependency style of gcc
configure:3584: result: gcc3
configure:3600: checking whether gcc and cc understand -c and -o together
configure:3631: gcc -c conftest.cpp -o conftest2.o >&5
configure:3635: $? = 0
configure:3641: gcc -c conftest.cpp -o conftest2.o >&5
configure:3645: $? = 0
configure:3656: cc -c conftest.cpp >&5
configure:3660: $? = 0
configure:3668: cc -c conftest.cpp -o conftest2.o >&5
configure:3672: $? = 0
configure:3678: cc -c conftest.cpp -o conftest2.o >&5
configure:3682: $? = 0
configure:3700: result: yes
configure:3733: checking whether to enable maintainer-specific portions of Makefiles
configure:3742: result: no
configure:3826: checking for g++
configure:3842: found /usr/bin/g++
configure:3853: result: g++
configure:3880: checking for C++ compiler version
configure:3889: g++ --version >&5
g++ (Ubuntu/Linaro 4.6.1-9ubuntu3) 4.6.1
Copyright (C) 2011 Free Software Foundation, Inc.
This is free software; see the source for copying conditions.  There is NO
warranty; not even for MERCHANTABILITY or FITNESS FOR A PARTICULAR PURPOSE.

configure:3900: $? = 0
configure:3889: g++ -v >&5
Using built-in specs.
COLLECT_GCC=g++
COLLECT_LTO_WRAPPER=/usr/lib/gcc/i686-linux-gnu/4.6.1/lto-wrapper
Target: i686-linux-gnu
Configured with: ../src/configure -v --with-pkgversion='Ubuntu/Linaro 4.6.1-9ubuntu3' --with-bugurl=file:///usr/share/doc/gcc-4.6/README.Bugs --enable-languages=c,c++,fortran,objc,obj-c++,go --prefix=/usr --program-suffix=-4.6 --enable-shared --enable-linker-build-id --with-system-zlib --libexecdir=/usr/lib --without-included-gettext --enable-threads=posix --with-gxx-include-dir=/usr/include/c++/4.6 --libdir=/usr/lib --enable-nls --with-sysroot=/ --enable-clocale=gnu --enable-libstdcxx-debug --enable-libstdcxx-time=yes --enable-plugin --enable-objc-gc --enable-targets=all --disable-werror --with-arch-32=i686 --with-tune=generic --enable-checking=release --build=i686-linux-gnu --host=i686-linux-gnu --target=i686-linux-gnu
Thread model: posix
gcc version 4.6.1 (Ubuntu/Linaro 4.6.1-9ubuntu3) 
configure:3900: $? = 0
configure:3889: g++ -V >&5
g++: error: unrecognized option '-V'
g++: fatal error: no input files
compilation terminated.
configure:3900: $? = 4
configure:3889: g++ -qversion >&5
g++: error: unrecognized option '-qversion'
g++: fatal error: no input files
compilation terminated.
configure:3900: $? = 4
configure:3904: checking whether we are using the GNU C++ compiler
configure:3923: g++ -c   conftest.cpp >&5
configure:3923: $? = 0
configure:3932: result: yes
configure:3941: checking whether g++ accepts -g
configure:3961: g++ -c -g  conftest.cpp >&5
configure:3961: $? = 0
configure:4002: result: yes
configure:4027: checking dependency style of g++
configure:4138: result: gcc3
configure:4155: checking for __gmpz_init in -lgmp
configure:4180: g++ -o conftest -g -O2   conftest.cpp -lgmp   >&5
configure:4180: $? = 0
configure:4189: result: yes
configure:4203: checking for exit in -lgmpxx
configure:4228: g++ -o conftest -g -O2   conftest.cpp -lgmpxx  -lgmp  >&5
configure:4228: $? = 0
configure:4237: result: yes
configure:4251: checking for mpfr_init in -lmpfr
configure:4276: g++ -o conftest -g -O2   conftest.cpp -lmpfr  -lgmpxx -lgmp  >&5
configure:4276: $? = 0
configure:4285: result: yes
configure:4478: checking for C++ compiler version
configure:4487: g++ --version >&5
g++ (Ubuntu/Linaro 4.6.1-9ubuntu3) 4.6.1
Copyright (C) 2011 Free Software Foundation, Inc.
This is free software; see the source for copying conditions.  There is NO
warranty; not even for MERCHANTABILITY or FITNESS FOR A PARTICULAR PURPOSE.

configure:4498: $? = 0
configure:4487: g++ -v >&5
Using built-in specs.
COLLECT_GCC=g++
COLLECT_LTO_WRAPPER=/usr/lib/gcc/i686-linux-gnu/4.6.1/lto-wrapper
Target: i686-linux-gnu
Configured with: ../src/configure -v --with-pkgversion='Ubuntu/Linaro 4.6.1-9ubuntu3' --with-bugurl=file:///usr/share/doc/gcc-4.6/README.Bugs --enable-languages=c,c++,fortran,objc,obj-c++,go --prefix=/usr --program-suffix=-4.6 --enable-shared --enable-linker-build-id --with-system-zlib --libexecdir=/usr/lib --without-included-gettext --enable-threads=posix --with-gxx-include-dir=/usr/include/c++/4.6 --libdir=/usr/lib --enable-nls --with-sysroot=/ --enable-clocale=gnu --enable-libstdcxx-debug --enable-libstdcxx-time=yes --enable-plugin --enable-objc-gc --enable-targets=all --disable-werror --with-arch-32=i686 --with-tune=generic --enable-checking=release --build=i686-linux-gnu --host=i686-linux-gnu --target=i686-linux-gnu
Thread model: posix
gcc version 4.6.1 (Ubuntu/Linaro 4.6.1-9ubuntu3) 
configure:4498: $? = 0
configure:4487: g++ -V >&5
g++: error: unrecognized option '-V'
g++: fatal error: no input files
compilation terminated.
configure:4498: $? = 4
configure:4487: g++ -qversion >&5
g++: error: unrecognized option '-qversion'
g++: fatal error: no input files
compilation terminated.
configure:4498: $? = 4
configure:4502: checking whether we are using the GNU C++ compiler
configure:4530: result: yes
configure:4539: checking whether g++ accepts -g
configure:4600: result: yes
configure:4625: checking dependency style of g++
configure:4736: result: gcc3
configure:4806: checking for pkg-config
configure:4824: found /usr/bin/pkg-config
configure:4836: result: /usr/bin/pkg-config
configure:4861: checking pkg-config is at least version 0.9.0
configure:4864: result: yes
configure:4874: checking for capdbasicalg
configure:4881: $PKG_CONFIG --exists --print-errors "capdbasicalg >= 1.0"
configure:4884: $? = 0
configure:4898: $PKG_CONFIG --exists --print-errors "capdbasicalg >= 1.0"
configure:4901: $? = 0
configure:4959: result: yes
configure:4965: checking for capdalgfacade
configure:4972: $PKG_CONFIG --exists --print-errors "capdalgfacade >= 1.0"
configure:4975: $? = 0
configure:4989: $PKG_CONFIG --exists --print-errors "capdalgfacade >= 1.0"
configure:4992: $? = 0
configure:5050: result: yes
configure:5056: checking for capdintervals
configure:5063: $PKG_CONFIG --exists --print-errors "capdintervals >= 1.0"
configure:5066: $? = 0
configure:5080: $PKG_CONFIG --exists --print-errors "capdintervals >= 1.0"
configure:5083: $? = 0
configure:5141: result: yes
configure:5147: checking for capdmatrixAlgorithms
configure:5154: $PKG_CONFIG --exists --print-errors "capdmatrixAlgorithms >= 1.0"
configure:5157: $? = 0
configure:5171: $PKG_CONFIG --exists --print-errors "capdmatrixAlgorithms >= 1.0"
configure:5174: $? = 0
configure:5232: result: yes
configure:5238: checking for capdrounding
configure:5245: $PKG_CONFIG --exists --print-errors "capdrounding >= 1.0"
configure:5248: $? = 0
configure:5262: $PKG_CONFIG --exists --print-errors "capdrounding >= 1.0"
configure:5265: $? = 0
configure:5323: result: yes
configure:5329: checking for capdvectalg
configure:5336: $PKG_CONFIG --exists --print-errors "capdvectalg >= 1.0"
configure:5339: $? = 0
configure:5353: $PKG_CONFIG --exists --print-errors "capdvectalg >= 1.0"
configure:5356: $? = 0
configure:5414: result: yes
configure:5421: checking for capdAux
configure:5428: $PKG_CONFIG --exists --print-errors "capdAux >= 1.0"
configure:5431: $? = 0
configure:5445: $PKG_CONFIG --exists --print-errors "capdAux >= 1.0"
configure:5448: $? = 0
configure:5506: result: yes
configure:5512: checking for capdExt
configure:5519: $PKG_CONFIG --exists --print-errors "capdExt >= 1.0"
configure:5522: $? = 0
configure:5536: $PKG_CONFIG --exists --print-errors "capdExt >= 1.0"
configure:5539: $? = 0
configure:5597: result: yes
configure:5714: checking that generated files are newer than configure
configure:5720: result: done
configure:5763: creating ./config.status

## ---------------------- ##
## Running config.status. ##
## ---------------------- ##

This file was extended by capdAlg-examples config.status 1.0, which was
generated by GNU Autoconf 2.69.  Invocation command line was

  CONFIG_FILES    = 
  CONFIG_HEADERS  = 
  CONFIG_LINKS    = 
  CONFIG_COMMANDS = 
  $ ./config.status 

on parasara-HPENVY

config.status:893: creating Makefile
config.status:893: creating alglibdemo/Makefile
config.status:893: creating BigIntegers/Makefile
config.status:893: creating intervals/Makefile
config.status:893: creating matrixAlgorithms/Makefile
config.status:893: creating vectalg/Makefile
config.status:893: creating TexWriter/Makefile
config.status:893: creating config.h
config.status:1122: executing depfiles commands

## ---------------- ##
## Cache variables. ##
## ---------------- ##

ac_cv_c_compiler_gnu=yes
ac_cv_cxx_compiler_gnu=yes
ac_cv_env_CCC_set=
ac_cv_env_CCC_value=
ac_cv_env_CC_set=
ac_cv_env_CC_value=
ac_cv_env_CFLAGS_set=
ac_cv_env_CFLAGS_value=
ac_cv_env_CPPFLAGS_set=
ac_cv_env_CPPFLAGS_value=
ac_cv_env_CXXFLAGS_set=
ac_cv_env_CXXFLAGS_value=
ac_cv_env_CXX_set=
ac_cv_env_CXX_value=
ac_cv_env_LDFLAGS_set=
ac_cv_env_LDFLAGS_value=
ac_cv_env_LIBS_set=
ac_cv_env_LIBS_value=
ac_cv_env_PKG_CONFIG_LIBDIR_set=
ac_cv_env_PKG_CONFIG_LIBDIR_value=
ac_cv_env_PKG_CONFIG_PATH_set=set
ac_cv_env_PKG_CONFIG_PATH_value=/home/parasara/Documents/SimulinkSimulations/CAPD/newVer/DynSysNew/capd/lib/pkgconfig-dev
ac_cv_env_PKG_CONFIG_set=
ac_cv_env_PKG_CONFIG_value=
ac_cv_env_build_alias_set=
ac_cv_env_build_alias_value=
ac_cv_env_capdAux_CFLAGS_set=
ac_cv_env_capdAux_CFLAGS_value=
ac_cv_env_capdAux_LIBS_set=
ac_cv_env_capdAux_LIBS_value=
ac_cv_env_capdExt_CFLAGS_set=
ac_cv_env_capdExt_CFLAGS_value=
ac_cv_env_capdExt_LIBS_set=
ac_cv_env_capdExt_LIBS_value=
ac_cv_env_capdalgfacade_CFLAGS_set=
ac_cv_env_capdalgfacade_CFLAGS_value=
ac_cv_env_capdalgfacade_LIBS_set=
ac_cv_env_capdalgfacade_LIBS_value=
ac_cv_env_capdbasicalg_CFLAGS_set=
ac_cv_env_capdbasicalg_CFLAGS_value=
ac_cv_env_capdbasicalg_LIBS_set=
ac_cv_env_capdbasicalg_LIBS_value=
ac_cv_env_capdintervals_CFLAGS_set=
ac_cv_env_capdintervals_CFLAGS_value=
ac_cv_env_capdintervals_LIBS_set=
ac_cv_env_capdintervals_LIBS_value=
ac_cv_env_capdmatrixAlgorithms_CFLAGS_set=
ac_cv_env_capdmatrixAlgorithms_CFLAGS_value=
ac_cv_env_capdmatrixAlgorithms_LIBS_set=
ac_cv_env_capdmatrixAlgorithms_LIBS_value=
ac_cv_env_capdrounding_CFLAGS_set=
ac_cv_env_capdrounding_CFLAGS_value=
ac_cv_env_capdrounding_LIBS_set=
ac_cv_env_capdrounding_LIBS_value=
ac_cv_env_capdvectalg_CFLAGS_set=
ac_cv_env_capdvectalg_CFLAGS_value=
ac_cv_env_capdvectalg_LIBS_set=
ac_cv_env_capdvectalg_LIBS_value=
ac_cv_env_host_alias_set=
ac_cv_env_host_alias_value=
ac_cv_env_target_alias_set=
ac_cv_env_target_alias_value=
ac_cv_file__home_parasara_Documents_SimulinkSimulations_CAPD_newVer_DynSysNew_capd_capdAlg_examples_________capdMake=yes
ac_cv_lib_gmp___gmpz_init=yes
ac_cv_lib_gmpxx_exit=yes
ac_cv_lib_mpfr_mpfr_init=yes
ac_cv_objext=o
ac_cv_path_ac_pt_PKG_CONFIG=/usr/bin/pkg-config
ac_cv_path_install='/usr/bin/install -c'
ac_cv_path_mkdir=/bin/mkdir
ac_cv_prog_AWK=gawk
ac_cv_prog_ac_ct_CC=gcc
ac_cv_prog_ac_ct_CXX=g++
ac_cv_prog_cc_c89=
ac_cv_prog_cc_g=yes
ac_cv_prog_cc_gcc_c_o=yes
ac_cv_prog_cxx_g=yes
ac_cv_prog_make_make_set=yes
am_cv_CC_dependencies_compiler_type=gcc3
am_cv_CXX_dependencies_compiler_type=gcc3
am_cv_make_support_nested_variables=yes
pkg_cv_capdAux_CFLAGS='-I/home/parasara/Documents/SimulinkSimulations/CAPD/newVer/DynSysNew/capd/capdAux/include  '
pkg_cv_capdAux_LIBS='/home/parasara/Documents/SimulinkSimulations/CAPD/newVer/DynSysNew/capd/capdAux/src/capd/auxil/libcapdauxil.a  '
pkg_cv_capdExt_CFLAGS='-D__USE_FILIB__ -frounding-math -ffloat-store -I/home/parasara/Documents/SimulinkSimulations/CAPD/newVer/DynSysNew/capd/capdExt/./filibsrc -I/home/parasara/Documents/SimulinkSimulations/CAPD/newVer/DynSysNew/capd/capdExt/filibsrc -I/home/parasara/Documents/SimulinkSimulations/CAPD/newVer/DynSysNew/capd/capdExt/include  '
pkg_cv_capdExt_LIBS='/home/parasara/Documents/SimulinkSimulations/CAPD/newVer/DynSysNew/capd/capdExt/src/capd/alglib/libcapdalglib.a -L/home/parasara/Documents/SimulinkSimulations/CAPD/newVer/DynSysNew/capd/capdExt/filibsrc/libprim/.libs -lprim  '
pkg_cv_capdalgfacade_CFLAGS='-frounding-math -I/home/parasara/Documents/SimulinkSimulations/CAPD/newVer/DynSysNew/capd/capdAlg/include  '
pkg_cv_capdalgfacade_LIBS='/home/parasara/Documents/SimulinkSimulations/CAPD/newVer/DynSysNew/capd/capdAlg/src/capd/algfacade/libcapdalgfacade.a  '
pkg_cv_capdbasicalg_CFLAGS='-frounding-math -I/home/parasara/Documents/SimulinkSimulations/CAPD/newVer/DynSysNew/capd/capdAlg/include  '
pkg_cv_capdbasicalg_LIBS='/home/parasara/Documents/SimulinkSimulations/CAPD/newVer/DynSysNew/capd/capdAlg/src/capd/basicalg/libcapdbasicalg.a  '
pkg_cv_capdintervals_CFLAGS='-frounding-math -I/home/parasara/Documents/SimulinkSimulations/CAPD/newVer/DynSysNew/capd/capdAlg/include -I/home/parasara/Documents/SimulinkSimulations/CAPD/newVer/DynSysNew/capd/capdAux/include  '
pkg_cv_capdintervals_LIBS='/home/parasara/Documents/SimulinkSimulations/CAPD/newVer/DynSysNew/capd/capdAlg/src/capd/intervals/libcapdintervals.a /home/parasara/Documents/SimulinkSimulations/CAPD/newVer/DynSysNew/capd/capdAux/src/capd/auxil/libcapdauxil.a /home/parasara/Documents/SimulinkSimulations/CAPD/newVer/DynSysNew/capd/capdAlg/src/capd/rounding/libcapdrounding.a /home/parasara/Documents/SimulinkSimulations/CAPD/newVer/DynSysNew/capd/capdAlg/src/capd/basicalg/libcapdbasicalg.a  '
pkg_cv_capdmatrixAlgorithms_CFLAGS='-frounding-math -I/home/parasara/Documents/SimulinkSimulations/CAPD/newVer/DynSysNew/capd/capdAlg/include  '
pkg_cv_capdmatrixAlgorithms_LIBS='/home/parasara/Documents/SimulinkSimulations/CAPD/newVer/DynSysNew/capd/capdAlg/src/capd/matrixAlgorithms/libcapdmatrixAlgorithms.a  '
pkg_cv_capdrounding_CFLAGS='-frounding-math -I/home/parasara/Documents/SimulinkSimulations/CAPD/newVer/DynSysNew/capd/capdAlg/include  '
pkg_cv_capdrounding_LIBS='/home/parasara/Documents/SimulinkSimulations/CAPD/newVer/DynSysNew/capd/capdAlg/src/capd/rounding/libcapdrounding.a  '
pkg_cv_capdvectalg_CFLAGS='-frounding-math -I/home/parasara/Documents/SimulinkSimulations/CAPD/newVer/DynSysNew/capd/capdAlg/include -I/home/parasara/Documents/SimulinkSimulations/CAPD/newVer/DynSysNew/capd/capdAux/include  '
pkg_cv_capdvectalg_LIBS='/home/parasara/Documents/SimulinkSimulations/CAPD/newVer/DynSysNew/capd/capdAlg/src/capd/vectalg/libcapdvectalg.a /home/parasara/Documents/SimulinkSimulations/CAPD/newVer/DynSysNew/capd/capdAux/src/capd/auxil/libcapdauxil.a /home/parasara/Documents/SimulinkSimulations/CAPD/newVer/DynSysNew/capd/capdAlg/src/capd/intervals/libcapdintervals.a /home/parasara/Documents/SimulinkSimulations/CAPD/newVer/DynSysNew/capd/capdAlg/src/capd/basicalg/libcapdbasicalg.a /home/parasara/Documents/SimulinkSimulations/CAPD/newVer/DynSysNew/capd/capdAlg/src/capd/rounding/libcapdrounding.a  '

## ----------------- ##
## Output variables. ##
## ----------------- ##

ACLOCAL='${SHELL} /home/parasara/Documents/SimulinkSimulations/CAPD/newVer/DynSysNew/capd/capdMake/missing aclocal-1.13'
AMDEPBACKSLASH='\'
AMDEP_FALSE='#'
AMDEP_TRUE=''
AMTAR='$${TAR-tar}'
AM_BACKSLASH='\'
AM_DEFAULT_V='$(AM_DEFAULT_VERBOSITY)'
AM_DEFAULT_VERBOSITY='1'
AM_V='$(V)'
AUTOCONF='${SHELL} /home/parasara/Documents/SimulinkSimulations/CAPD/newVer/DynSysNew/capd/capdMake/missing autoconf'
AUTOHEADER='${SHELL} /home/parasara/Documents/SimulinkSimulations/CAPD/newVer/DynSysNew/capd/capdMake/missing autoheader'
AUTOMAKE='${SHELL} /home/parasara/Documents/SimulinkSimulations/CAPD/newVer/DynSysNew/capd/capdMake/missing automake-1.13'
AWK='gawk'
CC='gcc'
CCDEPMODE='depmode=gcc3'
CFLAGS='-g -O2'
CPPFLAGS=''
CXX='g++'
CXXDEPMODE='depmode=gcc3'
CXXFLAGS='-g -O2'
CYGPATH_W='echo'
DEFS='-DHAVE_CONFIG_H'
DEPDIR='.deps'
ECHO_C=''
ECHO_N='-n'
ECHO_T=''
EXEEXT=''
HAVE_LIBmpfr_FALSE='#'
HAVE_LIBmpfr_TRUE=''
INSTALL_DATA='${INSTALL} -m 644'
INSTALL_PROGRAM='${INSTALL}'
INSTALL_SCRIPT='${INSTALL}'
INSTALL_STRIP_PROGRAM='$(install_sh) -c -s'
LDFLAGS=''
LIBOBJS=''
LIBS='-lmpfr -lgmpxx -lgmp '
LTLIBOBJS=''
MAINT='#'
MAINTAINER_MODE_FALSE=''
MAINTAINER_MODE_TRUE='#'
MAKEINFO='${SHELL} /home/parasara/Documents/SimulinkSimulations/CAPD/newVer/DynSysNew/capd/capdMake/missing makeinfo'
MKDIR_P='/bin/mkdir -p'
OBJEXT='o'
PACKAGE='capdalg-examples'
PACKAGE_BUGREPORT='BUG-REPORT-ADDRESS'
PACKAGE_NAME='capdAlg-examples'
PACKAGE_STRING='capdAlg-examples 1.0'
PACKAGE_TARNAME='capdalg-examples'
PACKAGE_URL=''
PACKAGE_VERSION='1.0'
PATH_SEPARATOR=':'
PKG_CONFIG='/usr/bin/pkg-config'
PKG_CONFIG_DEV_DIR='/home/parasara/Documents/SimulinkSimulations/CAPD/newVer/DynSysNew/capd/lib/pkgconfig-dev'
PKG_CONFIG_DIR='${libdir}/pkgconfig'
PKG_CONFIG_LIBDIR=''
PKG_CONFIG_PATH='/home/parasara/Documents/SimulinkSimulations/CAPD/newVer/DynSysNew/capd/lib/pkgconfig-dev'
SET_MAKE=''
SHELL='/bin/bash'
STRIP=''
VERSION='1.0'
ac_ct_CC='gcc'
ac_ct_CXX='g++'
am__EXEEXT_FALSE=''
am__EXEEXT_TRUE='#'
am__fastdepCC_FALSE='#'
am__fastdepCC_TRUE=''
am__fastdepCXX_FALSE='#'
am__fastdepCXX_TRUE=''
am__include='include'
am__isrc=''
am__leading_dot='.'
am__nodep='_no'
am__quote=''
am__tar='$${TAR-tar} chof - "$$tardir"'
am__untar='$${TAR-tar} xf -'
bindir='${exec_prefix}/bin'
build_alias=''
capdAux_CFLAGS='-I/home/parasara/Documents/SimulinkSimulations/CAPD/newVer/DynSysNew/capd/capdAux/include  '
capdAux_LIBS='/home/parasara/Documents/SimulinkSimulations/CAPD/newVer/DynSysNew/capd/capdAux/src/capd/auxil/libcapdauxil.a  '
capdExt_CFLAGS='-D__USE_FILIB__ -frounding-math -ffloat-store -I/home/parasara/Documents/SimulinkSimulations/CAPD/newVer/DynSysNew/capd/capdExt/./filibsrc -I/home/parasara/Documents/SimulinkSimulations/CAPD/newVer/DynSysNew/capd/capdExt/filibsrc -I/home/parasara/Documents/SimulinkSimulations/CAPD/newVer/DynSysNew/capd/capdExt/include  '
capdExt_LIBS='/home/parasara/Documents/SimulinkSimulations/CAPD/newVer/DynSysNew/capd/capdExt/src/capd/alglib/libcapdalglib.a -L/home/parasara/Documents/SimulinkSimulations/CAPD/newVer/DynSysNew/capd/capdExt/filibsrc/libprim/.libs -lprim  '
capdMake='/home/parasara/Documents/SimulinkSimulations/CAPD/newVer/DynSysNew/capd/capdAlg/examples/./../../capdMake'
capdalgfacade_CFLAGS='-frounding-math -I/home/parasara/Documents/SimulinkSimulations/CAPD/newVer/DynSysNew/capd/capdAlg/include  '
capdalgfacade_LIBS='/home/parasara/Documents/SimulinkSimulations/CAPD/newVer/DynSysNew/capd/capdAlg/src/capd/algfacade/libcapdalgfacade.a  '
capdbasicalg_CFLAGS='-frounding-math -I/home/parasara/Documents/SimulinkSimulations/CAPD/newVer/DynSysNew/capd/capdAlg/include  '
capdbasicalg_LIBS='/home/parasara/Documents/SimulinkSimulations/CAPD/newVer/DynSysNew/capd/capdAlg/src/capd/basicalg/libcapdbasicalg.a  '
capdintervals_CFLAGS='-frounding-math -I/home/parasara/Documents/SimulinkSimulations/CAPD/newVer/DynSysNew/capd/capdAlg/include -I/home/parasara/Documents/SimulinkSimulations/CAPD/newVer/DynSysNew/capd/capdAux/include  '
capdintervals_LIBS='/home/parasara/Documents/SimulinkSimulations/CAPD/newVer/DynSysNew/capd/capdAlg/src/capd/intervals/libcapdintervals.a /home/parasara/Documents/SimulinkSimulations/CAPD/newVer/DynSysNew/capd/capdAux/src/capd/auxil/libcapdauxil.a /home/parasara/Documents/SimulinkSimulations/CAPD/newVer/DynSysNew/capd/capdAlg/src/capd/rounding/libcapdrounding.a /home/parasara/Documents/SimulinkSimulations/CAPD/newVer/DynSysNew/capd/capdAlg/src/capd/basicalg/libcapdbasicalg.a  '
capdmatrixAlgorithms_CFLAGS='-frounding-math -I/home/parasara/Documents/SimulinkSimulations/CAPD/newVer/DynSysNew/capd/capdAlg/include  '
capdmatrixAlgorithms_LIBS='/home/parasara/Documents/SimulinkSimulations/CAPD/newVer/DynSysNew/capd/capdAlg/src/capd/matrixAlgorithms/libcapdmatrixAlgorithms.a  '
capdrounding_CFLAGS='-frounding-math -I/home/parasara/Documents/SimulinkSimulations/CAPD/newVer/DynSysNew/capd/capdAlg/include  '
capdrounding_LIBS='/home/parasara/Documents/SimulinkSimulations/CAPD/newVer/DynSysNew/capd/capdAlg/src/capd/rounding/libcapdrounding.a  '
capdvectalg_CFLAGS='-frounding-math -I/home/parasara/Documents/SimulinkSimulations/CAPD/newVer/DynSysNew/capd/capdAlg/include -I/home/parasara/Documents/SimulinkSimulations/CAPD/newVer/DynSysNew/capd/capdAux/include  '
capdvectalg_LIBS='/home/parasara/Documents/SimulinkSimulations/CAPD/newVer/DynSysNew/capd/capdAlg/src/capd/vectalg/libcapdvectalg.a /home/parasara/Documents/SimulinkSimulations/CAPD/newVer/DynSysNew/capd/capdAux/src/capd/auxil/libcapdauxil.a /home/parasara/Documents/SimulinkSimulations/CAPD/newVer/DynSysNew/capd/capdAlg/src/capd/intervals/libcapdintervals.a /home/parasara/Documents/SimulinkSimulations/CAPD/newVer/DynSysNew/capd/capdAlg/src/capd/basicalg/libcapdbasicalg.a /home/parasara/Documents/SimulinkSimulations/CAPD/newVer/DynSysNew/capd/capdAlg/src/capd/rounding/libcapdrounding.a  '
datadir='${datarootdir}'
datarootdir='${prefix}/share'
docdir='${datarootdir}/doc/${PACKAGE_TARNAME}'
dvidir='${docdir}'
exec_prefix='${prefix}'
host_alias=''
htmldir='${docdir}'
includedir='${prefix}/include'
infodir='${datarootdir}/info'
install_sh='${SHELL} /home/parasara/Documents/SimulinkSimulations/CAPD/newVer/DynSysNew/capd/capdMake/install-sh'
libdir='${exec_prefix}/lib'
libexecdir='${exec_prefix}/libexec'
localedir='${datarootdir}/locale'
localstatedir='${prefix}/var'
mandir='${datarootdir}/man'
mkdir_p='$(MKDIR_P)'
mpfr_CFLAGS='-D__HAVE_MPFR__'
mpfr_LIBS='-lgmp -lgmpxx -lmpfr'
oldincludedir='/usr/include'
pdfdir='${docdir}'
prefix='/usr/local'
program_transform_name='s,x,x,'
psdir='${docdir}'
sbindir='${exec_prefix}/sbin'
sharedstatedir='${prefix}/com'
sysconfdir='${prefix}/etc'
target_alias=''
top_capd='./../..'

## ----------- ##
## confdefs.h. ##
## ----------- ##

/* confdefs.h */
#define PACKAGE_NAME "capdAlg-examples"
#define PACKAGE_TARNAME "capdalg-examples"
#define PACKAGE_VERSION "1.0"
#define PACKAGE_STRING "capdAlg-examples 1.0"
#define PACKAGE_BUGREPORT "BUG-REPORT-ADDRESS"
#define PACKAGE_URL ""
#define HAVE_LIBGMP 1
#define HAVE_LIBGMPXX 1
#define HAVE_LIBMPFR 1

configure: exit 0
