This file contains any messages produced by compilers while
running configure, to aid debugging if configure makes a mistake.

It was created by capdDynSys configure 1.0, which was
generated by GNU Autoconf 2.69.  Invocation command line was

  $ ./configure --disable-option-checking --prefix=/usr/local --cache-file=/dev/null --srcdir=.

## --------- ##
## Platform. ##
## --------- ##

hostname = parasara-HPENVY
uname -m = i686
uname -r = 3.0.0-32-generic-pae
uname -s = Linux
uname -v = #51-Ubuntu SMP Thu Mar 21 16:09:48 UTC 2013

/usr/bin/uname -p = unknown
/bin/uname -X     = unknown

/bin/arch              = unknown
/usr/bin/arch -k       = unknown
/usr/convex/getsysinfo = unknown
/usr/bin/hostinfo      = unknown
/bin/machine           = unknown
/usr/bin/oslevel       = unknown
/bin/universe          = unknown

PATH: /usr/lib/lightdm/lightdm
PATH: /usr/local/sbin
PATH: /usr/local/bin
PATH: /usr/sbin
PATH: /usr/bin
PATH: /sbin
PATH: /bin
PATH: /usr/games


## ----------- ##
## Core tests. ##
## ----------- ##

configure:2044: checking for /home/parasara/Documents/SimulinkSimulations/CAPD/newVer/DynSysNew/capd/capdDynSys4/./../capdMake
configure:2058: result: yes
configure:2114: checking for a BSD-compatible install
configure:2182: result: /usr/bin/install -c
configure:2193: checking whether build environment is sane
configure:2248: result: yes
configure:2399: checking for a thread-safe mkdir -p
configure:2438: result: /bin/mkdir -p
configure:2445: checking for gawk
configure:2461: found /usr/bin/gawk
configure:2472: result: gawk
configure:2483: checking whether make sets $(MAKE)
configure:2505: result: yes
configure:2534: checking whether make supports nested variables
configure:2551: result: yes
configure:2638: checking for style of include used by make
configure:2666: result: GNU
configure:2737: checking for gcc
configure:2753: found /usr/bin/gcc
configure:2764: result: gcc
configure:2993: checking for C compiler version
configure:3002: gcc --version >&5
gcc (Ubuntu/Linaro 4.6.1-9ubuntu3) 4.6.1
Copyright (C) 2011 Free Software Foundation, Inc.
This is free software; see the source for copying conditions.  There is NO
warranty; not even for MERCHANTABILITY or FITNESS FOR A PARTICULAR PURPOSE.

configure:3013: $? = 0
configure:3002: gcc -v >&5
Using built-in specs.
COLLECT_GCC=gcc
COLLECT_LTO_WRAPPER=/usr/lib/gcc/i686-linux-gnu/4.6.1/lto-wrapper
Target: i686-linux-gnu
Configured with: ../src/configure -v --with-pkgversion='Ubuntu/Linaro 4.6.1-9ubuntu3' --with-bugurl=file:///usr/share/doc/gcc-4.6/README.Bugs --enable-languages=c,c++,fortran,objc,obj-c++,go --prefix=/usr --program-suffix=-4.6 --enable-shared --enable-linker-build-id --with-system-zlib --libexecdir=/usr/lib --without-included-gettext --enable-threads=posix --with-gxx-include-dir=/usr/include/c++/4.6 --libdir=/usr/lib --enable-nls --with-sysroot=/ --enable-clocale=gnu --enable-libstdcxx-debug --enable-libstdcxx-time=yes --enable-plugin --enable-objc-gc --enable-targets=all --disable-werror --with-arch-32=i686 --with-tune=generic --enable-checking=release --build=i686-linux-gnu --host=i686-linux-gnu --target=i686-linux-gnu
Thread model: posix
gcc version 4.6.1 (Ubuntu/Linaro 4.6.1-9ubuntu3) 
configure:3013: $? = 0
configure:3002: gcc -V >&5
gcc: error: unrecognized option '-V'
gcc: fatal error: no input files
compilation terminated.
configure:3013: $? = 4
configure:3002: gcc -qversion >&5
gcc: error: unrecognized option '-qversion'
gcc: fatal error: no input files
compilation terminated.
configure:3013: $? = 4
configure:3033: checking whether the C compiler works
configure:3055: gcc    conftest.c  >&5
configure:3059: $? = 0
configure:3107: result: yes
configure:3110: checking for C compiler default output file name
configure:3112: result: a.out
configure:3118: checking for suffix of executables
configure:3125: gcc -o conftest    conftest.c  >&5
configure:3129: $? = 0
configure:3151: result: 
configure:3173: checking whether we are cross compiling
configure:3181: gcc -o conftest    conftest.c  >&5
configure:3185: $? = 0
configure:3192: ./conftest
configure:3196: $? = 0
configure:3211: result: no
configure:3216: checking for suffix of object files
configure:3238: gcc -c   conftest.c >&5
configure:3242: $? = 0
configure:3263: result: o
configure:3267: checking whether we are using the GNU C compiler
configure:3286: gcc -c   conftest.c >&5
configure:3286: $? = 0
configure:3295: result: yes
configure:3304: checking whether gcc accepts -g
configure:3324: gcc -c -g  conftest.c >&5
configure:3324: $? = 0
configure:3365: result: yes
configure:3382: checking for gcc option to accept ISO C89
configure:3445: gcc  -c -g -O2  conftest.c >&5
configure:3445: $? = 0
configure:3458: result: none needed
configure:3480: checking dependency style of gcc
configure:3591: result: gcc3
configure:3607: checking whether gcc and cc understand -c and -o together
configure:3638: gcc -c conftest.cpp -o conftest2.o >&5
configure:3642: $? = 0
configure:3648: gcc -c conftest.cpp -o conftest2.o >&5
configure:3652: $? = 0
configure:3663: cc -c conftest.cpp >&5
configure:3667: $? = 0
configure:3675: cc -c conftest.cpp -o conftest2.o >&5
configure:3679: $? = 0
configure:3685: cc -c conftest.cpp -o conftest2.o >&5
configure:3689: $? = 0
configure:3707: result: yes
configure:3740: checking whether to enable maintainer-specific portions of Makefiles
configure:3749: result: no
configure:3833: checking for g++
configure:3849: found /usr/bin/g++
configure:3860: result: g++
configure:3887: checking for C++ compiler version
configure:3896: g++ --version >&5
g++ (Ubuntu/Linaro 4.6.1-9ubuntu3) 4.6.1
Copyright (C) 2011 Free Software Foundation, Inc.
This is free software; see the source for copying conditions.  There is NO
warranty; not even for MERCHANTABILITY or FITNESS FOR A PARTICULAR PURPOSE.

configure:3907: $? = 0
configure:3896: g++ -v >&5
Using built-in specs.
COLLECT_GCC=g++
COLLECT_LTO_WRAPPER=/usr/lib/gcc/i686-linux-gnu/4.6.1/lto-wrapper
Target: i686-linux-gnu
Configured with: ../src/configure -v --with-pkgversion='Ubuntu/Linaro 4.6.1-9ubuntu3' --with-bugurl=file:///usr/share/doc/gcc-4.6/README.Bugs --enable-languages=c,c++,fortran,objc,obj-c++,go --prefix=/usr --program-suffix=-4.6 --enable-shared --enable-linker-build-id --with-system-zlib --libexecdir=/usr/lib --without-included-gettext --enable-threads=posix --with-gxx-include-dir=/usr/include/c++/4.6 --libdir=/usr/lib --enable-nls --with-sysroot=/ --enable-clocale=gnu --enable-libstdcxx-debug --enable-libstdcxx-time=yes --enable-plugin --enable-objc-gc --enable-targets=all --disable-werror --with-arch-32=i686 --with-tune=generic --enable-checking=release --build=i686-linux-gnu --host=i686-linux-gnu --target=i686-linux-gnu
Thread model: posix
gcc version 4.6.1 (Ubuntu/Linaro 4.6.1-9ubuntu3) 
configure:3907: $? = 0
configure:3896: g++ -V >&5
g++: error: unrecognized option '-V'
g++: fatal error: no input files
compilation terminated.
configure:3907: $? = 4
configure:3896: g++ -qversion >&5
g++: error: unrecognized option '-qversion'
g++: fatal error: no input files
compilation terminated.
configure:3907: $? = 4
configure:3911: checking whether we are using the GNU C++ compiler
configure:3930: g++ -c   conftest.cpp >&5
configure:3930: $? = 0
configure:3939: result: yes
configure:3948: checking whether g++ accepts -g
configure:3968: g++ -c -g  conftest.cpp >&5
configure:3968: $? = 0
configure:4009: result: yes
configure:4034: checking dependency style of g++
configure:4145: result: gcc3
configure:4162: checking for __gmpz_init in -lgmp
configure:4187: g++ -o conftest -g -O2   conftest.cpp -lgmp   >&5
configure:4187: $? = 0
configure:4196: result: yes
configure:4210: checking for exit in -lgmpxx
configure:4235: g++ -o conftest -g -O2   conftest.cpp -lgmpxx  -lgmp  >&5
configure:4235: $? = 0
configure:4244: result: yes
configure:4258: checking for mpfr_init in -lmpfr
configure:4283: g++ -o conftest -g -O2   conftest.cpp -lmpfr  -lgmpxx -lgmp  >&5
configure:4283: $? = 0
configure:4292: result: yes
configure:4507: checking for pkg-config
configure:4525: found /usr/bin/pkg-config
configure:4537: result: /usr/bin/pkg-config
configure:4562: checking pkg-config is at least version 0.9.0
configure:4565: result: yes
configure:4574: $PKG_CONFIG --exists --print-errors "mpcapdAlg"
configure:4577: $? = 0
configure:4593: checking for mpcapdAlg
configure:4600: $PKG_CONFIG --exists --print-errors "mpcapdAlg >= 1.0"
configure:4603: $? = 0
configure:4617: $PKG_CONFIG --exists --print-errors "mpcapdAlg >= 1.0"
configure:4620: $? = 0
configure:4678: result: yes
configure:4881: checking for C++ compiler version
configure:4890: g++ --version >&5
g++ (Ubuntu/Linaro 4.6.1-9ubuntu3) 4.6.1
Copyright (C) 2011 Free Software Foundation, Inc.
This is free software; see the source for copying conditions.  There is NO
warranty; not even for MERCHANTABILITY or FITNESS FOR A PARTICULAR PURPOSE.

configure:4901: $? = 0
configure:4890: g++ -v >&5
Using built-in specs.
COLLECT_GCC=g++
COLLECT_LTO_WRAPPER=/usr/lib/gcc/i686-linux-gnu/4.6.1/lto-wrapper
Target: i686-linux-gnu
Configured with: ../src/configure -v --with-pkgversion='Ubuntu/Linaro 4.6.1-9ubuntu3' --with-bugurl=file:///usr/share/doc/gcc-4.6/README.Bugs --enable-languages=c,c++,fortran,objc,obj-c++,go --prefix=/usr --program-suffix=-4.6 --enable-shared --enable-linker-build-id --with-system-zlib --libexecdir=/usr/lib --without-included-gettext --enable-threads=posix --with-gxx-include-dir=/usr/include/c++/4.6 --libdir=/usr/lib --enable-nls --with-sysroot=/ --enable-clocale=gnu --enable-libstdcxx-debug --enable-libstdcxx-time=yes --enable-plugin --enable-objc-gc --enable-targets=all --disable-werror --with-arch-32=i686 --with-tune=generic --enable-checking=release --build=i686-linux-gnu --host=i686-linux-gnu --target=i686-linux-gnu
Thread model: posix
gcc version 4.6.1 (Ubuntu/Linaro 4.6.1-9ubuntu3) 
configure:4901: $? = 0
configure:4890: g++ -V >&5
g++: error: unrecognized option '-V'
g++: fatal error: no input files
compilation terminated.
configure:4901: $? = 4
configure:4890: g++ -qversion >&5
g++: error: unrecognized option '-qversion'
g++: fatal error: no input files
compilation terminated.
configure:4901: $? = 4
configure:4905: checking whether we are using the GNU C++ compiler
configure:4933: result: yes
configure:4942: checking whether g++ accepts -g
configure:5003: result: yes
configure:5028: checking dependency style of g++
configure:5139: result: gcc3
configure:5199: checking for ranlib
configure:5215: found /usr/bin/ranlib
configure:5226: result: ranlib
configure:5257: checking for capdAux
configure:5264: $PKG_CONFIG --exists --print-errors "capdAux >= 1.0"
configure:5267: $? = 0
configure:5281: $PKG_CONFIG --exists --print-errors "capdAux >= 1.0"
configure:5284: $? = 0
configure:5342: result: yes
configure:5348: checking for capdAlg
configure:5355: $PKG_CONFIG --exists --print-errors "capdAlg >= 1.0"
configure:5358: $? = 0
configure:5372: $PKG_CONFIG --exists --print-errors "capdAlg >= 1.0"
configure:5375: $? = 0
configure:5433: result: yes
configure:5439: checking for capdExt
configure:5446: $PKG_CONFIG --exists --print-errors "capdExt >= 1.0"
configure:5449: $? = 0
configure:5463: $PKG_CONFIG --exists --print-errors "capdExt >= 1.0"
configure:5466: $? = 0
configure:5524: result: yes
configure:5639: checking that generated files are newer than configure
configure:5645: result: done
configure:5692: creating ./config.status

## ---------------------- ##
## Running config.status. ##
## ---------------------- ##

This file was extended by capdDynSys config.status 1.0, which was
generated by GNU Autoconf 2.69.  Invocation command line was

  CONFIG_FILES    = 
  CONFIG_HEADERS  = 
  CONFIG_LINKS    = 
  CONFIG_COMMANDS = 
  $ ./config.status 

on parasara-HPENVY

config.status:984: creating ./../lib/pkgconfig-dev/capdDynSys.pc
config.status:984: creating src/capd/capdDynSys.pc
config.status:984: creating ./../lib/pkgconfig-dev/capdautodiff.pc
config.status:984: creating src/capd/autodiff/capdautodiff.pc
config.status:984: creating ./../lib/pkgconfig-dev/capdcovrel.pc
config.status:984: creating src/capd/covrel/capdcovrel.pc
config.status:984: creating ./../lib/pkgconfig-dev/capddiffIncl.pc
config.status:984: creating src/capd/diffIncl/capddiffIncl.pc
config.status:984: creating ./../lib/pkgconfig-dev/capddynsysm.pc
config.status:984: creating src/capd/dynsys/capddynsysm.pc
config.status:984: creating ./../lib/pkgconfig-dev/capdgeomset.pc
config.status:984: creating src/capd/geomset/capdgeomset.pc
config.status:984: creating ./../lib/pkgconfig-dev/capdmap.pc
config.status:984: creating src/capd/map/capdmap.pc
config.status:984: creating ./../lib/pkgconfig-dev/capddiffAlgebra.pc
config.status:984: creating src/capd/diffAlgebra/capddiffAlgebra.pc
config.status:984: creating ./../lib/pkgconfig-dev/capddynset.pc
config.status:984: creating src/capd/dynset/capddynset.pc
config.status:984: creating ./../lib/pkgconfig-dev/capdpoincare.pc
config.status:984: creating src/capd/poincare/capdpoincare.pc
config.status:984: creating Makefile
config.status:984: creating include/Makefile
config.status:984: creating src/Makefile
config.status:984: creating src/capd/Makefile
config.status:984: creating src/capd/autodiff/Makefile
config.status:984: creating src/capd/covrel/Makefile
config.status:984: creating src/capd/diffIncl/Makefile
config.status:984: creating src/capd/dynsys/Makefile
config.status:984: creating src/capd/geomset/Makefile
config.status:984: creating src/capd/map/Makefile
config.status:984: creating src/capd/diffAlgebra/Makefile
config.status:984: creating src/capd/dynset/Makefile
config.status:984: creating src/capd/poincare/Makefile
config.status:984: creating ./../lib/pkgconfig-dev/mpcapdDynSys.pc
config.status:984: creating src/mpcapd/mpcapdDynSys.pc
config.status:984: creating ./../lib/pkgconfig-dev/mpcapddiffIncl.pc
config.status:984: creating src/mpcapd/diffIncl/mpcapddiffIncl.pc
config.status:984: creating ./../lib/pkgconfig-dev/mpcapddynsysm.pc
config.status:984: creating src/mpcapd/dynsys/mpcapddynsysm.pc
config.status:984: creating ./../lib/pkgconfig-dev/mpcapdgeomset.pc
config.status:984: creating src/mpcapd/geomset/mpcapdgeomset.pc
config.status:984: creating ./../lib/pkgconfig-dev/mpcapdmap.pc
config.status:984: creating src/mpcapd/map/mpcapdmap.pc
config.status:984: creating ./../lib/pkgconfig-dev/mpcapddiffAlgebra.pc
config.status:984: creating src/mpcapd/diffAlgebra/mpcapddiffAlgebra.pc
config.status:984: creating ./../lib/pkgconfig-dev/mpcapddynset.pc
config.status:984: creating src/mpcapd/dynset/mpcapddynset.pc
config.status:984: creating src/mpcapd/Makefile
config.status:984: creating src/mpcapd/diffAlgebra/Makefile
config.status:984: creating src/mpcapd/diffIncl/Makefile
config.status:984: creating src/mpcapd/dynset/Makefile
config.status:984: creating src/mpcapd/dynsys/Makefile
config.status:984: creating src/mpcapd/geomset/Makefile
config.status:984: creating src/mpcapd/map/Makefile
config.status:984: creating include/capd/config-capdDynSys.h
config.status:1213: executing depfiles commands
configure:7127: === configuring in examples (/home/parasara/Documents/SimulinkSimulations/CAPD/newVer/DynSysNew/capd/capdDynSys4/examples)
configure:7190: running /bin/bash ./configure --disable-option-checking '--prefix=/usr/local'  'PKG_CONFIG_PATH=/home/parasara/Documents/SimulinkSimulations/CAPD/newVer/DynSysNew/capd/lib/pkgconfig-dev' --cache-file=/dev/null --srcdir=.
configure:7127: === configuring in tests (/home/parasara/Documents/SimulinkSimulations/CAPD/newVer/DynSysNew/capd/capdDynSys4/tests)
configure:7190: running /bin/bash ./configure --disable-option-checking '--prefix=/usr/local'  'PKG_CONFIG_PATH=/home/parasara/Documents/SimulinkSimulations/CAPD/newVer/DynSysNew/capd/lib/pkgconfig-dev' --cache-file=/dev/null --srcdir=.

## ---------------- ##
## Cache variables. ##
## ---------------- ##

ac_cv_c_compiler_gnu=yes
ac_cv_cxx_compiler_gnu=yes
ac_cv_env_CCC_set=
ac_cv_env_CCC_value=
ac_cv_env_CC_set=
ac_cv_env_CC_value=
ac_cv_env_CFLAGS_set=
ac_cv_env_CFLAGS_value=
ac_cv_env_CPPFLAGS_set=
ac_cv_env_CPPFLAGS_value=
ac_cv_env_CXXFLAGS_set=
ac_cv_env_CXXFLAGS_value=
ac_cv_env_CXX_set=
ac_cv_env_CXX_value=
ac_cv_env_LDFLAGS_set=
ac_cv_env_LDFLAGS_value=
ac_cv_env_LIBS_set=
ac_cv_env_LIBS_value=
ac_cv_env_PKG_CONFIG_LIBDIR_set=
ac_cv_env_PKG_CONFIG_LIBDIR_value=
ac_cv_env_PKG_CONFIG_PATH_set=set
ac_cv_env_PKG_CONFIG_PATH_value=/home/parasara/Documents/SimulinkSimulations/CAPD/newVer/DynSysNew/capd/lib/pkgconfig-dev
ac_cv_env_PKG_CONFIG_set=
ac_cv_env_PKG_CONFIG_value=
ac_cv_env_build_alias_set=
ac_cv_env_build_alias_value=
ac_cv_env_capdAlg_CFLAGS_set=
ac_cv_env_capdAlg_CFLAGS_value=
ac_cv_env_capdAlg_LIBS_set=
ac_cv_env_capdAlg_LIBS_value=
ac_cv_env_capdAux_CFLAGS_set=
ac_cv_env_capdAux_CFLAGS_value=
ac_cv_env_capdAux_LIBS_set=
ac_cv_env_capdAux_LIBS_value=
ac_cv_env_capdExt_CFLAGS_set=
ac_cv_env_capdExt_CFLAGS_value=
ac_cv_env_capdExt_LIBS_set=
ac_cv_env_capdExt_LIBS_value=
ac_cv_env_host_alias_set=
ac_cv_env_host_alias_value=
ac_cv_env_mpcapdAlg_CFLAGS_set=
ac_cv_env_mpcapdAlg_CFLAGS_value=
ac_cv_env_mpcapdAlg_LIBS_set=
ac_cv_env_mpcapdAlg_LIBS_value=
ac_cv_env_target_alias_set=
ac_cv_env_target_alias_value=
ac_cv_file__home_parasara_Documents_SimulinkSimulations_CAPD_newVer_DynSysNew_capd_capdDynSys4______capdMake=yes
ac_cv_lib_gmp___gmpz_init=yes
ac_cv_lib_gmpxx_exit=yes
ac_cv_lib_mpfr_mpfr_init=yes
ac_cv_objext=o
ac_cv_path_ac_pt_PKG_CONFIG=/usr/bin/pkg-config
ac_cv_path_install='/usr/bin/install -c'
ac_cv_path_mkdir=/bin/mkdir
ac_cv_prog_AWK=gawk
ac_cv_prog_ac_ct_CC=gcc
ac_cv_prog_ac_ct_CXX=g++
ac_cv_prog_ac_ct_RANLIB=ranlib
ac_cv_prog_cc_c89=
ac_cv_prog_cc_g=yes
ac_cv_prog_cc_gcc_c_o=yes
ac_cv_prog_cxx_g=yes
ac_cv_prog_make_make_set=yes
am_cv_CC_dependencies_compiler_type=gcc3
am_cv_CXX_dependencies_compiler_type=gcc3
am_cv_make_support_nested_variables=yes
pkg_cv_capdAlg_CFLAGS='-frounding-math -D__USE_FILIB__ -ffloat-store -I/home/parasara/Documents/SimulinkSimulations/CAPD/newVer/DynSysNew/capd/capdAlg/include -I/home/parasara/Documents/SimulinkSimulations/CAPD/newVer/DynSysNew/capd/capdExt/./filibsrc -I/home/parasara/Documents/SimulinkSimulations/CAPD/newVer/DynSysNew/capd/capdExt/filibsrc -I/home/parasara/Documents/SimulinkSimulations/CAPD/newVer/DynSysNew/capd/capdAux/include -I/home/parasara/Documents/SimulinkSimulations/CAPD/newVer/DynSysNew/capd/capdExt/include  '
pkg_cv_capdAlg_LIBS='/home/parasara/Documents/SimulinkSimulations/CAPD/newVer/DynSysNew/capd/capdAlg/src/capd/algfacade/libcapdalgfacade.a /home/parasara/Documents/SimulinkSimulations/CAPD/newVer/DynSysNew/capd/capdAlg/src/capd/matrixAlgorithms/libcapdmatrixAlgorithms.a /home/parasara/Documents/SimulinkSimulations/CAPD/newVer/DynSysNew/capd/capdAlg/src/capd/rounding/libcapdrounding.a /home/parasara/Documents/SimulinkSimulations/CAPD/newVer/DynSysNew/capd/capdAlg/src/capd/vectalg/libcapdvectalg.a /home/parasara/Documents/SimulinkSimulations/CAPD/newVer/DynSysNew/capd/capdAlg/src/capd/intervals/libcapdintervals.a /home/parasara/Documents/SimulinkSimulations/CAPD/newVer/DynSysNew/capd/capdAlg/src/capd/basicalg/libcapdbasicalg.a /home/parasara/Documents/SimulinkSimulations/CAPD/newVer/DynSysNew/capd/capdAux/src/capd/auxil/libcapdauxil.a /home/parasara/Documents/SimulinkSimulations/CAPD/newVer/DynSysNew/capd/capdExt/src/capd/alglib/libcapdalglib.a -L/home/parasara/Documents/SimulinkSimulations/CAPD/newVer/DynSysNew/capd/capdExt/filibsrc/libprim/.libs -lprim  '
pkg_cv_capdAux_CFLAGS='-I/home/parasara/Documents/SimulinkSimulations/CAPD/newVer/DynSysNew/capd/capdAux/include  '
pkg_cv_capdAux_LIBS='/home/parasara/Documents/SimulinkSimulations/CAPD/newVer/DynSysNew/capd/capdAux/src/capd/auxil/libcapdauxil.a  '
pkg_cv_capdExt_CFLAGS='-D__USE_FILIB__ -frounding-math -ffloat-store -I/home/parasara/Documents/SimulinkSimulations/CAPD/newVer/DynSysNew/capd/capdExt/./filibsrc -I/home/parasara/Documents/SimulinkSimulations/CAPD/newVer/DynSysNew/capd/capdExt/filibsrc -I/home/parasara/Documents/SimulinkSimulations/CAPD/newVer/DynSysNew/capd/capdExt/include  '
pkg_cv_capdExt_LIBS='/home/parasara/Documents/SimulinkSimulations/CAPD/newVer/DynSysNew/capd/capdExt/src/capd/alglib/libcapdalglib.a -L/home/parasara/Documents/SimulinkSimulations/CAPD/newVer/DynSysNew/capd/capdExt/filibsrc/libprim/.libs -lprim  '
pkg_cv_mpcapdAlg_CFLAGS='-D__HAVE_MPFR__ -frounding-math -D__USE_FILIB__ -ffloat-store -I/home/parasara/Documents/SimulinkSimulations/CAPD/newVer/DynSysNew/capd/capdAlg/include -I/home/parasara/Documents/SimulinkSimulations/CAPD/newVer/DynSysNew/capd/capdExt/./filibsrc -I/home/parasara/Documents/SimulinkSimulations/CAPD/newVer/DynSysNew/capd/capdExt/filibsrc -I/home/parasara/Documents/SimulinkSimulations/CAPD/newVer/DynSysNew/capd/capdAux/include -I/home/parasara/Documents/SimulinkSimulations/CAPD/newVer/DynSysNew/capd/capdExt/include  '
pkg_cv_mpcapdAlg_LIBS='/home/parasara/Documents/SimulinkSimulations/CAPD/newVer/DynSysNew/capd/capdAlg/src/mpcapd/intervals/libmpcapdintervals.a /home/parasara/Documents/SimulinkSimulations/CAPD/newVer/DynSysNew/capd/capdAlg/src/mpcapd/matrixAlgorithms/libmpcapdmatrixAlgorithms.a /home/parasara/Documents/SimulinkSimulations/CAPD/newVer/DynSysNew/capd/capdAlg/src/mpcapd/vectalg/libmpcapdvectalg.a /home/parasara/Documents/SimulinkSimulations/CAPD/newVer/DynSysNew/capd/capdAux/src/capd/auxil/libcapdauxil.a /home/parasara/Documents/SimulinkSimulations/CAPD/newVer/DynSysNew/capd/capdAlg/src/capd/algfacade/libcapdalgfacade.a /home/parasara/Documents/SimulinkSimulations/CAPD/newVer/DynSysNew/capd/capdAlg/src/capd/matrixAlgorithms/libcapdmatrixAlgorithms.a /home/parasara/Documents/SimulinkSimulations/CAPD/newVer/DynSysNew/capd/capdAlg/src/capd/rounding/libcapdrounding.a /home/parasara/Documents/SimulinkSimulations/CAPD/newVer/DynSysNew/capd/capdAlg/src/capd/vectalg/libcapdvectalg.a /home/parasara/Documents/SimulinkSimulations/CAPD/newVer/DynSysNew/capd/capdAlg/src/capd/intervals/libcapdintervals.a /home/parasara/Documents/SimulinkSimulations/CAPD/newVer/DynSysNew/capd/capdAlg/src/capd/basicalg/libcapdbasicalg.a /home/parasara/Documents/SimulinkSimulations/CAPD/newVer/DynSysNew/capd/capdExt/src/capd/alglib/libcapdalglib.a -L/home/parasara/Documents/SimulinkSimulations/CAPD/newVer/DynSysNew/capd/capdExt/filibsrc/libprim/.libs -lgmp -lgmpxx -lmpfr -lprim  '

## ----------------- ##
## Output variables. ##
## ----------------- ##

ACLOCAL='${SHELL} /home/parasara/Documents/SimulinkSimulations/CAPD/newVer/DynSysNew/capd/capdMake/missing aclocal-1.13'
AMDEPBACKSLASH='\'
AMDEP_FALSE='#'
AMDEP_TRUE=''
AMTAR='$${TAR-tar}'
AM_BACKSLASH='\'
AM_DEFAULT_V='$(AM_DEFAULT_VERBOSITY)'
AM_DEFAULT_VERBOSITY='1'
AM_V='$(V)'
AUTOCONF='${SHELL} /home/parasara/Documents/SimulinkSimulations/CAPD/newVer/DynSysNew/capd/capdMake/missing autoconf'
AUTOHEADER='${SHELL} /home/parasara/Documents/SimulinkSimulations/CAPD/newVer/DynSysNew/capd/capdMake/missing autoheader'
AUTOMAKE='${SHELL} /home/parasara/Documents/SimulinkSimulations/CAPD/newVer/DynSysNew/capd/capdMake/missing automake-1.13'
AWK='gawk'
CC='gcc'
CCDEPMODE='depmode=gcc3'
CFLAGS='-g -O2'
CPPFLAGS=''
CXX='g++'
CXXDEPMODE='depmode=gcc3'
CXXFLAGS='-g -O2'
CYGPATH_W='echo'
DEFS='-DHAVE_CONFIG_H'
DEPDIR='.deps'
ECHO_C=''
ECHO_N='-n'
ECHO_T=''
EXEEXT=''
HAVE_LIBmpfr_FALSE='#'
HAVE_LIBmpfr_TRUE=''
HAVE_MPCAPDALG_FALSE='#'
HAVE_MPCAPDALG_TRUE=''
INSTALL_DATA='${INSTALL} -m 644'
INSTALL_PROGRAM='${INSTALL}'
INSTALL_SCRIPT='${INSTALL}'
INSTALL_STRIP_PROGRAM='$(install_sh) -c -s'
LDFLAGS=''
LIBOBJS=''
LIBS='-lmpfr -lgmpxx -lgmp '
LTLIBOBJS=''
MAINT='#'
MAINTAINER_MODE_FALSE=''
MAINTAINER_MODE_TRUE='#'
MAKEINFO='${SHELL} /home/parasara/Documents/SimulinkSimulations/CAPD/newVer/DynSysNew/capd/capdMake/missing makeinfo'
MKDIR_P='/bin/mkdir -p'
OBJEXT='o'
PACKAGE='capddynsys'
PACKAGE_BUGREPORT='BUG-REPORT-ADDRESS'
PACKAGE_NAME='capdDynSys'
PACKAGE_STRING='capdDynSys 1.0'
PACKAGE_TARNAME='capddynsys'
PACKAGE_URL=''
PACKAGE_VERSION='1.0'
PATH_SEPARATOR=':'
PKG_CONFIG='/usr/bin/pkg-config'
PKG_CONFIG_DEV_DIR='/home/parasara/Documents/SimulinkSimulations/CAPD/newVer/DynSysNew/capd/lib/pkgconfig-dev'
PKG_CONFIG_DIR='${libdir}/pkgconfig'
PKG_CONFIG_LIBDIR=''
PKG_CONFIG_PATH='/home/parasara/Documents/SimulinkSimulations/CAPD/newVer/DynSysNew/capd/lib/pkgconfig-dev'
RANLIB='ranlib'
SET_MAKE=''
SHELL='/bin/bash'
STRIP=''
VERSION='1.0'
ac_ct_CC='gcc'
ac_ct_CXX='g++'
am__EXEEXT_FALSE=''
am__EXEEXT_TRUE='#'
am__fastdepCC_FALSE='#'
am__fastdepCC_TRUE=''
am__fastdepCXX_FALSE='#'
am__fastdepCXX_TRUE=''
am__include='include'
am__isrc=''
am__leading_dot='.'
am__nodep='_no'
am__quote=''
am__tar='$${TAR-tar} chof - "$$tardir"'
am__untar='$${TAR-tar} xf -'
bindir='${exec_prefix}/bin'
build_alias=''
capdAlg_CFLAGS='-frounding-math -D__USE_FILIB__ -ffloat-store -I/home/parasara/Documents/SimulinkSimulations/CAPD/newVer/DynSysNew/capd/capdAlg/include -I/home/parasara/Documents/SimulinkSimulations/CAPD/newVer/DynSysNew/capd/capdExt/./filibsrc -I/home/parasara/Documents/SimulinkSimulations/CAPD/newVer/DynSysNew/capd/capdExt/filibsrc -I/home/parasara/Documents/SimulinkSimulations/CAPD/newVer/DynSysNew/capd/capdAux/include -I/home/parasara/Documents/SimulinkSimulations/CAPD/newVer/DynSysNew/capd/capdExt/include  '
capdAlg_LIBS='/home/parasara/Documents/SimulinkSimulations/CAPD/newVer/DynSysNew/capd/capdAlg/src/capd/algfacade/libcapdalgfacade.a /home/parasara/Documents/SimulinkSimulations/CAPD/newVer/DynSysNew/capd/capdAlg/src/capd/matrixAlgorithms/libcapdmatrixAlgorithms.a /home/parasara/Documents/SimulinkSimulations/CAPD/newVer/DynSysNew/capd/capdAlg/src/capd/rounding/libcapdrounding.a /home/parasara/Documents/SimulinkSimulations/CAPD/newVer/DynSysNew/capd/capdAlg/src/capd/vectalg/libcapdvectalg.a /home/parasara/Documents/SimulinkSimulations/CAPD/newVer/DynSysNew/capd/capdAlg/src/capd/intervals/libcapdintervals.a /home/parasara/Documents/SimulinkSimulations/CAPD/newVer/DynSysNew/capd/capdAlg/src/capd/basicalg/libcapdbasicalg.a /home/parasara/Documents/SimulinkSimulations/CAPD/newVer/DynSysNew/capd/capdAux/src/capd/auxil/libcapdauxil.a /home/parasara/Documents/SimulinkSimulations/CAPD/newVer/DynSysNew/capd/capdExt/src/capd/alglib/libcapdalglib.a -L/home/parasara/Documents/SimulinkSimulations/CAPD/newVer/DynSysNew/capd/capdExt/filibsrc/libprim/.libs -lprim  '
capdAux_CFLAGS='-I/home/parasara/Documents/SimulinkSimulations/CAPD/newVer/DynSysNew/capd/capdAux/include  '
capdAux_LIBS='/home/parasara/Documents/SimulinkSimulations/CAPD/newVer/DynSysNew/capd/capdAux/src/capd/auxil/libcapdauxil.a  '
capdDynSys_CFLAGS=''
capdDynSys_LIBS=''
capdExt_CFLAGS='-D__USE_FILIB__ -frounding-math -ffloat-store -I/home/parasara/Documents/SimulinkSimulations/CAPD/newVer/DynSysNew/capd/capdExt/./filibsrc -I/home/parasara/Documents/SimulinkSimulations/CAPD/newVer/DynSysNew/capd/capdExt/filibsrc -I/home/parasara/Documents/SimulinkSimulations/CAPD/newVer/DynSysNew/capd/capdExt/include  '
capdExt_LIBS='/home/parasara/Documents/SimulinkSimulations/CAPD/newVer/DynSysNew/capd/capdExt/src/capd/alglib/libcapdalglib.a -L/home/parasara/Documents/SimulinkSimulations/CAPD/newVer/DynSysNew/capd/capdExt/filibsrc/libprim/.libs -lprim  '
capdMake='/home/parasara/Documents/SimulinkSimulations/CAPD/newVer/DynSysNew/capd/capdDynSys4/./../capdMake'
capdautodiff_CFLAGS=''
capdautodiff_LIBS=''
capdcovrel_CFLAGS=''
capdcovrel_LIBS=''
capddiffAlgebra_CFLAGS=''
capddiffAlgebra_LIBS=''
capddiffIncl_CFLAGS=''
capddiffIncl_LIBS=''
capddynset_CFLAGS=''
capddynset_LIBS=''
capddynsysm_CFLAGS=''
capddynsysm_LIBS=''
capdgeomset_CFLAGS=''
capdgeomset_LIBS=''
capdmap_CFLAGS=''
capdmap_LIBS=''
capdpoincare_CFLAGS=''
capdpoincare_LIBS=''
datadir='${datarootdir}'
datarootdir='${prefix}/share'
docdir='${datarootdir}/doc/${PACKAGE_TARNAME}'
dvidir='${docdir}'
exec_prefix='${prefix}'
host_alias=''
htmldir='${docdir}'
includedir='${prefix}/include'
infodir='${datarootdir}/info'
install_sh='${SHELL} /home/parasara/Documents/SimulinkSimulations/CAPD/newVer/DynSysNew/capd/capdMake/install-sh'
libdir='${exec_prefix}/lib'
libexecdir='${exec_prefix}/libexec'
localedir='${datarootdir}/locale'
localstatedir='${prefix}/var'
mandir='${datarootdir}/man'
mkdir_p='$(MKDIR_P)'
mpcapdAlg_CFLAGS='-D__HAVE_MPFR__ -frounding-math -D__USE_FILIB__ -ffloat-store -I/home/parasara/Documents/SimulinkSimulations/CAPD/newVer/DynSysNew/capd/capdAlg/include -I/home/parasara/Documents/SimulinkSimulations/CAPD/newVer/DynSysNew/capd/capdExt/./filibsrc -I/home/parasara/Documents/SimulinkSimulations/CAPD/newVer/DynSysNew/capd/capdExt/filibsrc -I/home/parasara/Documents/SimulinkSimulations/CAPD/newVer/DynSysNew/capd/capdAux/include -I/home/parasara/Documents/SimulinkSimulations/CAPD/newVer/DynSysNew/capd/capdExt/include  '
mpcapdAlg_LIBS='/home/parasara/Documents/SimulinkSimulations/CAPD/newVer/DynSysNew/capd/capdAlg/src/mpcapd/intervals/libmpcapdintervals.a /home/parasara/Documents/SimulinkSimulations/CAPD/newVer/DynSysNew/capd/capdAlg/src/mpcapd/matrixAlgorithms/libmpcapdmatrixAlgorithms.a /home/parasara/Documents/SimulinkSimulations/CAPD/newVer/DynSysNew/capd/capdAlg/src/mpcapd/vectalg/libmpcapdvectalg.a /home/parasara/Documents/SimulinkSimulations/CAPD/newVer/DynSysNew/capd/capdAux/src/capd/auxil/libcapdauxil.a /home/parasara/Documents/SimulinkSimulations/CAPD/newVer/DynSysNew/capd/capdAlg/src/capd/algfacade/libcapdalgfacade.a /home/parasara/Documents/SimulinkSimulations/CAPD/newVer/DynSysNew/capd/capdAlg/src/capd/matrixAlgorithms/libcapdmatrixAlgorithms.a /home/parasara/Documents/SimulinkSimulations/CAPD/newVer/DynSysNew/capd/capdAlg/src/capd/rounding/libcapdrounding.a /home/parasara/Documents/SimulinkSimulations/CAPD/newVer/DynSysNew/capd/capdAlg/src/capd/vectalg/libcapdvectalg.a /home/parasara/Documents/SimulinkSimulations/CAPD/newVer/DynSysNew/capd/capdAlg/src/capd/intervals/libcapdintervals.a /home/parasara/Documents/SimulinkSimulations/CAPD/newVer/DynSysNew/capd/capdAlg/src/capd/basicalg/libcapdbasicalg.a /home/parasara/Documents/SimulinkSimulations/CAPD/newVer/DynSysNew/capd/capdExt/src/capd/alglib/libcapdalglib.a -L/home/parasara/Documents/SimulinkSimulations/CAPD/newVer/DynSysNew/capd/capdExt/filibsrc/libprim/.libs -lgmp -lgmpxx -lmpfr -lprim  '
mpcapdDynSys_CFLAGS=''
mpcapdDynSys_LIBS=''
mpcapddiffAlgebra_CFLAGS='-D__HAVE_MPFR__ -frounding-math'
mpcapddiffAlgebra_LIBS='-lgmp -lgmpxx -lmpfr'
mpcapddiffIncl_CFLAGS='-D__HAVE_MPFR__ -frounding-math'
mpcapddiffIncl_LIBS='-lgmp -lgmpxx -lmpfr'
mpcapddynset_CFLAGS='-D__HAVE_MPFR__ -frounding-math'
mpcapddynset_LIBS='-lgmp -lgmpxx -lmpfr'
mpcapddynsysm_CFLAGS='-D__HAVE_MPFR__ -frounding-math'
mpcapddynsysm_LIBS='-lgmp -lgmpxx -lmpfr'
mpcapdgeomset_CFLAGS='-D__HAVE_MPFR__ -frounding-math'
mpcapdgeomset_LIBS='-lgmp -lgmpxx -lmpfr'
mpcapdmap_CFLAGS='-D__HAVE_MPFR__ -frounding-math'
mpcapdmap_LIBS='-lgmp -lgmpxx -lmpfr'
mpfr_CFLAGS='-D__HAVE_MPFR__'
mpfr_LIBS='-lgmp -lgmpxx -lmpfr'
oldincludedir='/usr/include'
pdfdir='${docdir}'
prefix='/usr/local'
program_transform_name='s,x,x,'
psdir='${docdir}'
sbindir='${exec_prefix}/sbin'
sharedstatedir='${prefix}/com'
subdirs=' examples tests'
sysconfdir='${prefix}/etc'
target_alias=''
top_capd='./..'

## ----------- ##
## confdefs.h. ##
## ----------- ##

/* confdefs.h */
#define PACKAGE_NAME "capdDynSys"
#define PACKAGE_TARNAME "capddynsys"
#define PACKAGE_VERSION "1.0"
#define PACKAGE_STRING "capdDynSys 1.0"
#define PACKAGE_BUGREPORT "BUG-REPORT-ADDRESS"
#define PACKAGE_URL ""
#define HAVE_LIBGMP 1
#define HAVE_LIBGMPXX 1
#define HAVE_LIBMPFR 1

configure: exit 0
