This file contains any messages produced by compilers while
running configure, to aid debugging if configure makes a mistake.

It was created by capdDynSys-examples configure 1.0, which was
generated by GNU Autoconf 2.69.  Invocation command line was

  $ ./configure --disable-option-checking --prefix=/usr/local PKG_CONFIG_PATH=/home/parasara/Documents/SimulinkSimulations/CAPD/newVer/DynSysNew/capd/lib/pkgconfig-dev --cache-file=/dev/null --srcdir=.

## --------- ##
## Platform. ##
## --------- ##

hostname = parasara-HPENVY
uname -m = i686
uname -r = 3.0.0-32-generic-pae
uname -s = Linux
uname -v = #51-Ubuntu SMP Thu Mar 21 16:09:48 UTC 2013

/usr/bin/uname -p = unknown
/bin/uname -X     = unknown

/bin/arch              = unknown
/usr/bin/arch -k       = unknown
/usr/convex/getsysinfo = unknown
/usr/bin/hostinfo      = unknown
/bin/machine           = unknown
/usr/bin/oslevel       = unknown
/bin/universe          = unknown

PATH: /usr/lib/lightdm/lightdm
PATH: /usr/local/sbin
PATH: /usr/local/bin
PATH: /usr/sbin
PATH: /usr/bin
PATH: /sbin
PATH: /bin
PATH: /usr/games


## ----------- ##
## Core tests. ##
## ----------- ##

configure:1955: checking for /home/parasara/Documents/SimulinkSimulations/CAPD/newVer/DynSysNew/capd/capdDynSys4/examples/./../../capdMake
configure:1969: result: yes
configure:2025: checking for a BSD-compatible install
configure:2093: result: /usr/bin/install -c
configure:2104: checking whether build environment is sane
configure:2159: result: yes
configure:2310: checking for a thread-safe mkdir -p
configure:2349: result: /bin/mkdir -p
configure:2356: checking for gawk
configure:2372: found /usr/bin/gawk
configure:2383: result: gawk
configure:2394: checking whether make sets $(MAKE)
configure:2416: result: yes
configure:2445: checking whether make supports nested variables
configure:2462: result: yes
configure:2549: checking for style of include used by make
configure:2577: result: GNU
configure:2648: checking for gcc
configure:2664: found /usr/bin/gcc
configure:2675: result: gcc
configure:2904: checking for C compiler version
configure:2913: gcc --version >&5
gcc (Ubuntu/Linaro 4.6.1-9ubuntu3) 4.6.1
Copyright (C) 2011 Free Software Foundation, Inc.
This is free software; see the source for copying conditions.  There is NO
warranty; not even for MERCHANTABILITY or FITNESS FOR A PARTICULAR PURPOSE.

configure:2924: $? = 0
configure:2913: gcc -v >&5
Using built-in specs.
COLLECT_GCC=gcc
COLLECT_LTO_WRAPPER=/usr/lib/gcc/i686-linux-gnu/4.6.1/lto-wrapper
Target: i686-linux-gnu
Configured with: ../src/configure -v --with-pkgversion='Ubuntu/Linaro 4.6.1-9ubuntu3' --with-bugurl=file:///usr/share/doc/gcc-4.6/README.Bugs --enable-languages=c,c++,fortran,objc,obj-c++,go --prefix=/usr --program-suffix=-4.6 --enable-shared --enable-linker-build-id --with-system-zlib --libexecdir=/usr/lib --without-included-gettext --enable-threads=posix --with-gxx-include-dir=/usr/include/c++/4.6 --libdir=/usr/lib --enable-nls --with-sysroot=/ --enable-clocale=gnu --enable-libstdcxx-debug --enable-libstdcxx-time=yes --enable-plugin --enable-objc-gc --enable-targets=all --disable-werror --with-arch-32=i686 --with-tune=generic --enable-checking=release --build=i686-linux-gnu --host=i686-linux-gnu --target=i686-linux-gnu
Thread model: posix
gcc version 4.6.1 (Ubuntu/Linaro 4.6.1-9ubuntu3) 
configure:2924: $? = 0
configure:2913: gcc -V >&5
gcc: error: unrecognized option '-V'
gcc: fatal error: no input files
compilation terminated.
configure:2924: $? = 4
configure:2913: gcc -qversion >&5
gcc: error: unrecognized option '-qversion'
gcc: fatal error: no input files
compilation terminated.
configure:2924: $? = 4
configure:2944: checking whether the C compiler works
configure:2966: gcc    conftest.c  >&5
configure:2970: $? = 0
configure:3018: result: yes
configure:3021: checking for C compiler default output file name
configure:3023: result: a.out
configure:3029: checking for suffix of executables
configure:3036: gcc -o conftest    conftest.c  >&5
configure:3040: $? = 0
configure:3062: result: 
configure:3084: checking whether we are cross compiling
configure:3092: gcc -o conftest    conftest.c  >&5
configure:3096: $? = 0
configure:3103: ./conftest
configure:3107: $? = 0
configure:3122: result: no
configure:3127: checking for suffix of object files
configure:3149: gcc -c   conftest.c >&5
configure:3153: $? = 0
configure:3174: result: o
configure:3178: checking whether we are using the GNU C compiler
configure:3197: gcc -c   conftest.c >&5
configure:3197: $? = 0
configure:3206: result: yes
configure:3215: checking whether gcc accepts -g
configure:3235: gcc -c -g  conftest.c >&5
configure:3235: $? = 0
configure:3276: result: yes
configure:3293: checking for gcc option to accept ISO C89
configure:3356: gcc  -c -g -O2  conftest.c >&5
configure:3356: $? = 0
configure:3369: result: none needed
configure:3391: checking dependency style of gcc
configure:3502: result: gcc3
configure:3518: checking whether gcc and cc understand -c and -o together
configure:3549: gcc -c conftest.cpp -o conftest2.o >&5
configure:3553: $? = 0
configure:3559: gcc -c conftest.cpp -o conftest2.o >&5
configure:3563: $? = 0
configure:3574: cc -c conftest.cpp >&5
configure:3578: $? = 0
configure:3586: cc -c conftest.cpp -o conftest2.o >&5
configure:3590: $? = 0
configure:3596: cc -c conftest.cpp -o conftest2.o >&5
configure:3600: $? = 0
configure:3618: result: yes
configure:3651: checking whether to enable maintainer-specific portions of Makefiles
configure:3660: result: no
configure:3772: checking for g++
configure:3788: found /usr/bin/g++
configure:3799: result: g++
configure:3826: checking for C++ compiler version
configure:3835: g++ --version >&5
g++ (Ubuntu/Linaro 4.6.1-9ubuntu3) 4.6.1
Copyright (C) 2011 Free Software Foundation, Inc.
This is free software; see the source for copying conditions.  There is NO
warranty; not even for MERCHANTABILITY or FITNESS FOR A PARTICULAR PURPOSE.

configure:3846: $? = 0
configure:3835: g++ -v >&5
Using built-in specs.
COLLECT_GCC=g++
COLLECT_LTO_WRAPPER=/usr/lib/gcc/i686-linux-gnu/4.6.1/lto-wrapper
Target: i686-linux-gnu
Configured with: ../src/configure -v --with-pkgversion='Ubuntu/Linaro 4.6.1-9ubuntu3' --with-bugurl=file:///usr/share/doc/gcc-4.6/README.Bugs --enable-languages=c,c++,fortran,objc,obj-c++,go --prefix=/usr --program-suffix=-4.6 --enable-shared --enable-linker-build-id --with-system-zlib --libexecdir=/usr/lib --without-included-gettext --enable-threads=posix --with-gxx-include-dir=/usr/include/c++/4.6 --libdir=/usr/lib --enable-nls --with-sysroot=/ --enable-clocale=gnu --enable-libstdcxx-debug --enable-libstdcxx-time=yes --enable-plugin --enable-objc-gc --enable-targets=all --disable-werror --with-arch-32=i686 --with-tune=generic --enable-checking=release --build=i686-linux-gnu --host=i686-linux-gnu --target=i686-linux-gnu
Thread model: posix
gcc version 4.6.1 (Ubuntu/Linaro 4.6.1-9ubuntu3) 
configure:3846: $? = 0
configure:3835: g++ -V >&5
g++: error: unrecognized option '-V'
g++: fatal error: no input files
compilation terminated.
configure:3846: $? = 4
configure:3835: g++ -qversion >&5
g++: error: unrecognized option '-qversion'
g++: fatal error: no input files
compilation terminated.
configure:3846: $? = 4
configure:3850: checking whether we are using the GNU C++ compiler
configure:3869: g++ -c   conftest.cpp >&5
configure:3869: $? = 0
configure:3878: result: yes
configure:3887: checking whether g++ accepts -g
configure:3907: g++ -c -g  conftest.cpp >&5
configure:3907: $? = 0
configure:3948: result: yes
configure:3973: checking dependency style of g++
configure:4084: result: gcc3
configure:4154: checking for pkg-config
configure:4172: found /usr/bin/pkg-config
configure:4184: result: /usr/bin/pkg-config
configure:4209: checking pkg-config is at least version 0.9.0
configure:4212: result: yes
configure:4222: checking for capdAux
configure:4229: $PKG_CONFIG --exists --print-errors "capdAux >= 1.0"
configure:4232: $? = 0
configure:4246: $PKG_CONFIG --exists --print-errors "capdAux >= 1.0"
configure:4249: $? = 0
configure:4307: result: yes
configure:4315: checking for capdkrak
configure:4322: $PKG_CONFIG --exists --print-errors "capdkrak >= 1.0"
configure:4325: $? = 0
configure:4339: $PKG_CONFIG --exists --print-errors "capdkrak >= 1.0"
configure:4342: $? = 0
configure:4380: result: yes
configure:4395: checking for capdExt
configure:4402: $PKG_CONFIG --exists --print-errors "capdExt >= 1.0"
configure:4405: $? = 0
configure:4419: $PKG_CONFIG --exists --print-errors "capdExt >= 1.0"
configure:4422: $? = 0
configure:4480: result: yes
configure:4486: checking for capdDynSys
configure:4493: $PKG_CONFIG --exists --print-errors "capdDynSys >= 1.0"
configure:4496: $? = 0
configure:4510: $PKG_CONFIG --exists --print-errors "capdDynSys >= 1.0"
configure:4513: $? = 0
configure:4571: result: yes
configure:4688: checking that generated files are newer than configure
configure:4694: result: done
configure:4729: creating ./config.status

## ---------------------- ##
## Running config.status. ##
## ---------------------- ##

This file was extended by capdDynSys-examples config.status 1.0, which was
generated by GNU Autoconf 2.69.  Invocation command line was

  CONFIG_FILES    = 
  CONFIG_HEADERS  = 
  CONFIG_LINKS    = 
  CONFIG_COMMANDS = 
  $ ./config.status 

on parasara-HPENVY

config.status:900: creating Makefile
config.status:900: creating maps/Makefile
config.status:900: creating odes/Makefile
config.status:900: creating odesrig/Makefile
config.status:900: creating cndemo/Makefile
config.status:900: creating coveringRelation/Makefile
config.status:900: creating diffIncldemo/Makefile
config.status:900: creating encloseTrajectory/Makefile
config.status:900: creating graphicalSet/Makefile
config.status:900: creating integrate/Makefile
config.status:900: creating multiPrecision/Makefile
config.status:900: creating newton/Makefile
config.status:900: creating poincare/Makefile
config.status:900: creating pointst/Makefile
config.status:900: creating RosslerPeriodicOrbit/Makefile
config.status:900: creating LorenzPeriodicOrbit/Makefile
config.status:900: creating taylor/Makefile
config.status:900: creating config.h
config.status:1129: executing depfiles commands

## ---------------- ##
## Cache variables. ##
## ---------------- ##

ac_cv_c_compiler_gnu=yes
ac_cv_cxx_compiler_gnu=yes
ac_cv_env_CCC_set=
ac_cv_env_CCC_value=
ac_cv_env_CC_set=
ac_cv_env_CC_value=
ac_cv_env_CFLAGS_set=
ac_cv_env_CFLAGS_value=
ac_cv_env_CPPFLAGS_set=
ac_cv_env_CPPFLAGS_value=
ac_cv_env_CXXFLAGS_set=
ac_cv_env_CXXFLAGS_value=
ac_cv_env_CXX_set=
ac_cv_env_CXX_value=
ac_cv_env_LDFLAGS_set=
ac_cv_env_LDFLAGS_value=
ac_cv_env_LIBS_set=
ac_cv_env_LIBS_value=
ac_cv_env_PKG_CONFIG_LIBDIR_set=
ac_cv_env_PKG_CONFIG_LIBDIR_value=
ac_cv_env_PKG_CONFIG_PATH_set=set
ac_cv_env_PKG_CONFIG_PATH_value=/home/parasara/Documents/SimulinkSimulations/CAPD/newVer/DynSysNew/capd/lib/pkgconfig-dev
ac_cv_env_PKG_CONFIG_set=
ac_cv_env_PKG_CONFIG_value=
ac_cv_env_build_alias_set=
ac_cv_env_build_alias_value=
ac_cv_env_capdAux_CFLAGS_set=
ac_cv_env_capdAux_CFLAGS_value=
ac_cv_env_capdAux_LIBS_set=
ac_cv_env_capdAux_LIBS_value=
ac_cv_env_capdDynSys_CFLAGS_set=
ac_cv_env_capdDynSys_CFLAGS_value=
ac_cv_env_capdDynSys_LIBS_set=
ac_cv_env_capdDynSys_LIBS_value=
ac_cv_env_capdExt_CFLAGS_set=
ac_cv_env_capdExt_CFLAGS_value=
ac_cv_env_capdExt_LIBS_set=
ac_cv_env_capdExt_LIBS_value=
ac_cv_env_capdkrak_CFLAGS_set=
ac_cv_env_capdkrak_CFLAGS_value=
ac_cv_env_capdkrak_LIBS_set=
ac_cv_env_capdkrak_LIBS_value=
ac_cv_env_host_alias_set=
ac_cv_env_host_alias_value=
ac_cv_env_target_alias_set=
ac_cv_env_target_alias_value=
ac_cv_file__home_parasara_Documents_SimulinkSimulations_CAPD_newVer_DynSysNew_capd_capdDynSys4_examples_________capdMake=yes
ac_cv_objext=o
ac_cv_path_ac_pt_PKG_CONFIG=/usr/bin/pkg-config
ac_cv_path_install='/usr/bin/install -c'
ac_cv_path_mkdir=/bin/mkdir
ac_cv_prog_AWK=gawk
ac_cv_prog_ac_ct_CC=gcc
ac_cv_prog_ac_ct_CXX=g++
ac_cv_prog_cc_c89=
ac_cv_prog_cc_g=yes
ac_cv_prog_cc_gcc_c_o=yes
ac_cv_prog_cxx_g=yes
ac_cv_prog_make_make_set=yes
am_cv_CC_dependencies_compiler_type=gcc3
am_cv_CXX_dependencies_compiler_type=gcc3
am_cv_make_support_nested_variables=yes
pkg_cv_capdAux_CFLAGS='-I/home/parasara/Documents/SimulinkSimulations/CAPD/newVer/DynSysNew/capd/capdAux/include  '
pkg_cv_capdAux_LIBS='/home/parasara/Documents/SimulinkSimulations/CAPD/newVer/DynSysNew/capd/capdAux/src/capd/auxil/libcapdauxil.a  '
pkg_cv_capdDynSys_CFLAGS='-D__USE_FILIB__ -frounding-math -ffloat-store -I/home/parasara/Documents/SimulinkSimulations/CAPD/newVer/DynSysNew/capd/capdDynSys4/include -I/home/parasara/Documents/SimulinkSimulations/CAPD/newVer/DynSysNew/capd/capdExt/./filibsrc -I/home/parasara/Documents/SimulinkSimulations/CAPD/newVer/DynSysNew/capd/capdExt/filibsrc -I/home/parasara/Documents/SimulinkSimulations/CAPD/newVer/DynSysNew/capd/capdAux/include -I/home/parasara/Documents/SimulinkSimulations/CAPD/newVer/DynSysNew/capd/capdAlg/include -I/home/parasara/Documents/SimulinkSimulations/CAPD/newVer/DynSysNew/capd/capdExt/include  '
pkg_cv_capdDynSys_LIBS='/home/parasara/Documents/SimulinkSimulations/CAPD/newVer/DynSysNew/capd/capdDynSys4/src/capd/covrel/libcapdcovrel.a /home/parasara/Documents/SimulinkSimulations/CAPD/newVer/DynSysNew/capd/capdDynSys4/src/capd/diffIncl/libcapddiffIncl.a /home/parasara/Documents/SimulinkSimulations/CAPD/newVer/DynSysNew/capd/capdDynSys4/src/capd/poincare/libcapdpoincare.a /home/parasara/Documents/SimulinkSimulations/CAPD/newVer/DynSysNew/capd/capdDynSys4/src/capd/diffAlgebra/libcapddiffAlgebra.a /home/parasara/Documents/SimulinkSimulations/CAPD/newVer/DynSysNew/capd/capdDynSys4/src/capd/dynsys/libcapddynsys.a /home/parasara/Documents/SimulinkSimulations/CAPD/newVer/DynSysNew/capd/capdDynSys4/src/capd/map/libcapdmap.a /home/parasara/Documents/SimulinkSimulations/CAPD/newVer/DynSysNew/capd/capdDynSys4/src/capd/autodiff/libcapdautodiff.a /home/parasara/Documents/SimulinkSimulations/CAPD/newVer/DynSysNew/capd/capdDynSys4/src/capd/dynset/libcapddynset.a /home/parasara/Documents/SimulinkSimulations/CAPD/newVer/DynSysNew/capd/capdDynSys4/src/capd/geomset/libcapdgeomset.a /home/parasara/Documents/SimulinkSimulations/CAPD/newVer/DynSysNew/capd/capdAux/src/capd/auxil/libcapdauxil.a /home/parasara/Documents/SimulinkSimulations/CAPD/newVer/DynSysNew/capd/capdAlg/src/capd/algfacade/libcapdalgfacade.a /home/parasara/Documents/SimulinkSimulations/CAPD/newVer/DynSysNew/capd/capdAlg/src/capd/matrixAlgorithms/libcapdmatrixAlgorithms.a /home/parasara/Documents/SimulinkSimulations/CAPD/newVer/DynSysNew/capd/capdAlg/src/capd/rounding/libcapdrounding.a /home/parasara/Documents/SimulinkSimulations/CAPD/newVer/DynSysNew/capd/capdAlg/src/capd/vectalg/libcapdvectalg.a /home/parasara/Documents/SimulinkSimulations/CAPD/newVer/DynSysNew/capd/capdAlg/src/capd/intervals/libcapdintervals.a /home/parasara/Documents/SimulinkSimulations/CAPD/newVer/DynSysNew/capd/capdAlg/src/capd/basicalg/libcapdbasicalg.a /home/parasara/Documents/SimulinkSimulations/CAPD/newVer/DynSysNew/capd/capdExt/src/capd/alglib/libcapdalglib.a -L/home/parasara/Documents/SimulinkSimulations/CAPD/newVer/DynSysNew/capd/capdExt/filibsrc/libprim/.libs -lprim  '
pkg_cv_capdExt_CFLAGS='-D__USE_FILIB__ -frounding-math -ffloat-store -I/home/parasara/Documents/SimulinkSimulations/CAPD/newVer/DynSysNew/capd/capdExt/./filibsrc -I/home/parasara/Documents/SimulinkSimulations/CAPD/newVer/DynSysNew/capd/capdExt/filibsrc -I/home/parasara/Documents/SimulinkSimulations/CAPD/newVer/DynSysNew/capd/capdExt/include  '
pkg_cv_capdExt_LIBS='/home/parasara/Documents/SimulinkSimulations/CAPD/newVer/DynSysNew/capd/capdExt/src/capd/alglib/libcapdalglib.a -L/home/parasara/Documents/SimulinkSimulations/CAPD/newVer/DynSysNew/capd/capdExt/filibsrc/libprim/.libs -lprim  '
pkg_cv_capdkrak_CFLAGS='-I/home/parasara/Documents/SimulinkSimulations/CAPD/newVer/DynSysNew/capd/capdAux/include  '
pkg_cv_capdkrak_LIBS='/home/parasara/Documents/SimulinkSimulations/CAPD/newVer/DynSysNew/capd/capdAux/src/capd/krak/libcapdkrak.a -lX11  '

## ----------------- ##
## Output variables. ##
## ----------------- ##

ACLOCAL='${SHELL} /home/parasara/Documents/SimulinkSimulations/CAPD/newVer/DynSysNew/capd/capdMake/missing aclocal-1.13'
AMDEPBACKSLASH='\'
AMDEP_FALSE='#'
AMDEP_TRUE=''
AMTAR='$${TAR-tar}'
AM_BACKSLASH='\'
AM_DEFAULT_V='$(AM_DEFAULT_VERBOSITY)'
AM_DEFAULT_VERBOSITY='1'
AM_V='$(V)'
AUTOCONF='${SHELL} /home/parasara/Documents/SimulinkSimulations/CAPD/newVer/DynSysNew/capd/capdMake/missing autoconf'
AUTOHEADER='${SHELL} /home/parasara/Documents/SimulinkSimulations/CAPD/newVer/DynSysNew/capd/capdMake/missing autoheader'
AUTOMAKE='${SHELL} /home/parasara/Documents/SimulinkSimulations/CAPD/newVer/DynSysNew/capd/capdMake/missing automake-1.13'
AWK='gawk'
CC='gcc'
CCDEPMODE='depmode=gcc3'
CFLAGS='-g -O2'
CPPFLAGS=''
CXX='g++'
CXXDEPMODE='depmode=gcc3'
CXXFLAGS='-g -O2'
CYGPATH_W='echo'
DEFS='-DHAVE_CONFIG_H'
DEPDIR='.deps'
ECHO_C=''
ECHO_N='-n'
ECHO_T=''
EXEEXT=''
HAVE_capdkrak_FALSE='#'
HAVE_capdkrak_TRUE=''
INSTALL_DATA='${INSTALL} -m 644'
INSTALL_PROGRAM='${INSTALL}'
INSTALL_SCRIPT='${INSTALL}'
INSTALL_STRIP_PROGRAM='$(install_sh) -c -s'
LDFLAGS=''
LIBOBJS=''
LIBS=''
LTLIBOBJS=''
MAINT='#'
MAINTAINER_MODE_FALSE=''
MAINTAINER_MODE_TRUE='#'
MAKEINFO='${SHELL} /home/parasara/Documents/SimulinkSimulations/CAPD/newVer/DynSysNew/capd/capdMake/missing makeinfo'
MKDIR_P='/bin/mkdir -p'
OBJEXT='o'
PACKAGE='capddynsys-examples'
PACKAGE_BUGREPORT='BUG-REPORT-ADDRESS'
PACKAGE_NAME='capdDynSys-examples'
PACKAGE_STRING='capdDynSys-examples 1.0'
PACKAGE_TARNAME='capddynsys-examples'
PACKAGE_URL=''
PACKAGE_VERSION='1.0'
PATH_SEPARATOR=':'
PKG_CONFIG='/usr/bin/pkg-config'
PKG_CONFIG_DEV_DIR='/home/parasara/Documents/SimulinkSimulations/CAPD/newVer/DynSysNew/capd/lib/pkgconfig-dev'
PKG_CONFIG_DIR='${libdir}/pkgconfig'
PKG_CONFIG_LIBDIR=''
PKG_CONFIG_PATH='/home/parasara/Documents/SimulinkSimulations/CAPD/newVer/DynSysNew/capd/lib/pkgconfig-dev'
SET_MAKE=''
SHELL='/bin/bash'
STRIP=''
VERSION='1.0'
ac_ct_CC='gcc'
ac_ct_CXX='g++'
am__EXEEXT_FALSE=''
am__EXEEXT_TRUE='#'
am__fastdepCC_FALSE='#'
am__fastdepCC_TRUE=''
am__fastdepCXX_FALSE='#'
am__fastdepCXX_TRUE=''
am__include='include'
am__isrc=''
am__leading_dot='.'
am__nodep='_no'
am__quote=''
am__tar='$${TAR-tar} chof - "$$tardir"'
am__untar='$${TAR-tar} xf -'
bindir='${exec_prefix}/bin'
build_alias=''
capdAux_CFLAGS='-I/home/parasara/Documents/SimulinkSimulations/CAPD/newVer/DynSysNew/capd/capdAux/include  '
capdAux_LIBS='/home/parasara/Documents/SimulinkSimulations/CAPD/newVer/DynSysNew/capd/capdAux/src/capd/auxil/libcapdauxil.a  '
capdDynSys_CFLAGS='-D__USE_FILIB__ -frounding-math -ffloat-store -I/home/parasara/Documents/SimulinkSimulations/CAPD/newVer/DynSysNew/capd/capdDynSys4/include -I/home/parasara/Documents/SimulinkSimulations/CAPD/newVer/DynSysNew/capd/capdExt/./filibsrc -I/home/parasara/Documents/SimulinkSimulations/CAPD/newVer/DynSysNew/capd/capdExt/filibsrc -I/home/parasara/Documents/SimulinkSimulations/CAPD/newVer/DynSysNew/capd/capdAux/include -I/home/parasara/Documents/SimulinkSimulations/CAPD/newVer/DynSysNew/capd/capdAlg/include -I/home/parasara/Documents/SimulinkSimulations/CAPD/newVer/DynSysNew/capd/capdExt/include  '
capdDynSys_LIBS='/home/parasara/Documents/SimulinkSimulations/CAPD/newVer/DynSysNew/capd/capdDynSys4/src/capd/covrel/libcapdcovrel.a /home/parasara/Documents/SimulinkSimulations/CAPD/newVer/DynSysNew/capd/capdDynSys4/src/capd/diffIncl/libcapddiffIncl.a /home/parasara/Documents/SimulinkSimulations/CAPD/newVer/DynSysNew/capd/capdDynSys4/src/capd/poincare/libcapdpoincare.a /home/parasara/Documents/SimulinkSimulations/CAPD/newVer/DynSysNew/capd/capdDynSys4/src/capd/diffAlgebra/libcapddiffAlgebra.a /home/parasara/Documents/SimulinkSimulations/CAPD/newVer/DynSysNew/capd/capdDynSys4/src/capd/dynsys/libcapddynsys.a /home/parasara/Documents/SimulinkSimulations/CAPD/newVer/DynSysNew/capd/capdDynSys4/src/capd/map/libcapdmap.a /home/parasara/Documents/SimulinkSimulations/CAPD/newVer/DynSysNew/capd/capdDynSys4/src/capd/autodiff/libcapdautodiff.a /home/parasara/Documents/SimulinkSimulations/CAPD/newVer/DynSysNew/capd/capdDynSys4/src/capd/dynset/libcapddynset.a /home/parasara/Documents/SimulinkSimulations/CAPD/newVer/DynSysNew/capd/capdDynSys4/src/capd/geomset/libcapdgeomset.a /home/parasara/Documents/SimulinkSimulations/CAPD/newVer/DynSysNew/capd/capdAux/src/capd/auxil/libcapdauxil.a /home/parasara/Documents/SimulinkSimulations/CAPD/newVer/DynSysNew/capd/capdAlg/src/capd/algfacade/libcapdalgfacade.a /home/parasara/Documents/SimulinkSimulations/CAPD/newVer/DynSysNew/capd/capdAlg/src/capd/matrixAlgorithms/libcapdmatrixAlgorithms.a /home/parasara/Documents/SimulinkSimulations/CAPD/newVer/DynSysNew/capd/capdAlg/src/capd/rounding/libcapdrounding.a /home/parasara/Documents/SimulinkSimulations/CAPD/newVer/DynSysNew/capd/capdAlg/src/capd/vectalg/libcapdvectalg.a /home/parasara/Documents/SimulinkSimulations/CAPD/newVer/DynSysNew/capd/capdAlg/src/capd/intervals/libcapdintervals.a /home/parasara/Documents/SimulinkSimulations/CAPD/newVer/DynSysNew/capd/capdAlg/src/capd/basicalg/libcapdbasicalg.a /home/parasara/Documents/SimulinkSimulations/CAPD/newVer/DynSysNew/capd/capdExt/src/capd/alglib/libcapdalglib.a -L/home/parasara/Documents/SimulinkSimulations/CAPD/newVer/DynSysNew/capd/capdExt/filibsrc/libprim/.libs -lprim  '
capdExt_CFLAGS='-D__USE_FILIB__ -frounding-math -ffloat-store -I/home/parasara/Documents/SimulinkSimulations/CAPD/newVer/DynSysNew/capd/capdExt/./filibsrc -I/home/parasara/Documents/SimulinkSimulations/CAPD/newVer/DynSysNew/capd/capdExt/filibsrc -I/home/parasara/Documents/SimulinkSimulations/CAPD/newVer/DynSysNew/capd/capdExt/include  '
capdExt_LIBS='/home/parasara/Documents/SimulinkSimulations/CAPD/newVer/DynSysNew/capd/capdExt/src/capd/alglib/libcapdalglib.a -L/home/parasara/Documents/SimulinkSimulations/CAPD/newVer/DynSysNew/capd/capdExt/filibsrc/libprim/.libs -lprim  '
capdMake='/home/parasara/Documents/SimulinkSimulations/CAPD/newVer/DynSysNew/capd/capdDynSys4/examples/./../../capdMake'
capdkrak_CFLAGS='-I/home/parasara/Documents/SimulinkSimulations/CAPD/newVer/DynSysNew/capd/capdAux/include  '
capdkrak_LIBS='/home/parasara/Documents/SimulinkSimulations/CAPD/newVer/DynSysNew/capd/capdAux/src/capd/krak/libcapdkrak.a -lX11  '
datadir='${datarootdir}'
datarootdir='${prefix}/share'
docdir='${datarootdir}/doc/${PACKAGE_TARNAME}'
dvidir='${docdir}'
exec_prefix='${prefix}'
host_alias=''
htmldir='${docdir}'
includedir='${prefix}/include'
infodir='${datarootdir}/info'
install_sh='${SHELL} /home/parasara/Documents/SimulinkSimulations/CAPD/newVer/DynSysNew/capd/capdMake/install-sh'
libdir='${exec_prefix}/lib'
libexecdir='${exec_prefix}/libexec'
localedir='${datarootdir}/locale'
localstatedir='${prefix}/var'
mandir='${datarootdir}/man'
mkdir_p='$(MKDIR_P)'
oldincludedir='/usr/include'
pdfdir='${docdir}'
prefix='/usr/local'
program_transform_name='s,x,x,'
psdir='${docdir}'
sbindir='${exec_prefix}/sbin'
sharedstatedir='${prefix}/com'
sysconfdir='${prefix}/etc'
target_alias=''
top_capd='./../..'

## ----------- ##
## confdefs.h. ##
## ----------- ##

/* confdefs.h */
#define PACKAGE_NAME "capdDynSys-examples"
#define PACKAGE_TARNAME "capddynsys-examples"
#define PACKAGE_VERSION "1.0"
#define PACKAGE_STRING "capdDynSys-examples 1.0"
#define PACKAGE_BUGREPORT "BUG-REPORT-ADDRESS"
#define PACKAGE_URL ""

configure: exit 0
