This file contains any messages produced by compilers while
running configure, to aid debugging if configure makes a mistake.

It was created by capdAux configure 1.0, which was
generated by GNU Autoconf 2.69.  Invocation command line was

  $ ./configure --disable-option-checking --prefix=/usr/local --cache-file=/dev/null --srcdir=.

## --------- ##
## Platform. ##
## --------- ##

hostname = parasara-HPENVY
uname -m = i686
uname -r = 3.0.0-32-generic-pae
uname -s = Linux
uname -v = #51-Ubuntu SMP Thu Mar 21 16:09:48 UTC 2013

/usr/bin/uname -p = unknown
/bin/uname -X     = unknown

/bin/arch              = unknown
/usr/bin/arch -k       = unknown
/usr/convex/getsysinfo = unknown
/usr/bin/hostinfo      = unknown
/bin/machine           = unknown
/usr/bin/oslevel       = unknown
/bin/universe          = unknown

PATH: /usr/lib/lightdm/lightdm
PATH: /usr/local/sbin
PATH: /usr/local/bin
PATH: /usr/sbin
PATH: /usr/bin
PATH: /sbin
PATH: /bin
PATH: /usr/games


## ----------- ##
## Core tests. ##
## ----------- ##

configure:1974: checking for /home/parasara/Documents/SimulinkSimulations/CAPD/newVer/DynSysNew/capd/capdAux/./../capdMake
configure:1988: result: yes
configure:2044: checking for a BSD-compatible install
configure:2112: result: /usr/bin/install -c
configure:2123: checking whether build environment is sane
configure:2178: result: yes
configure:2329: checking for a thread-safe mkdir -p
configure:2368: result: /bin/mkdir -p
configure:2375: checking for gawk
configure:2391: found /usr/bin/gawk
configure:2402: result: gawk
configure:2413: checking whether make sets $(MAKE)
configure:2435: result: yes
configure:2464: checking whether make supports nested variables
configure:2481: result: yes
configure:2568: checking for style of include used by make
configure:2596: result: GNU
configure:2667: checking for gcc
configure:2683: found /usr/bin/gcc
configure:2694: result: gcc
configure:2923: checking for C compiler version
configure:2932: gcc --version >&5
gcc (Ubuntu/Linaro 4.6.1-9ubuntu3) 4.6.1
Copyright (C) 2011 Free Software Foundation, Inc.
This is free software; see the source for copying conditions.  There is NO
warranty; not even for MERCHANTABILITY or FITNESS FOR A PARTICULAR PURPOSE.

configure:2943: $? = 0
configure:2932: gcc -v >&5
Using built-in specs.
COLLECT_GCC=gcc
COLLECT_LTO_WRAPPER=/usr/lib/gcc/i686-linux-gnu/4.6.1/lto-wrapper
Target: i686-linux-gnu
Configured with: ../src/configure -v --with-pkgversion='Ubuntu/Linaro 4.6.1-9ubuntu3' --with-bugurl=file:///usr/share/doc/gcc-4.6/README.Bugs --enable-languages=c,c++,fortran,objc,obj-c++,go --prefix=/usr --program-suffix=-4.6 --enable-shared --enable-linker-build-id --with-system-zlib --libexecdir=/usr/lib --without-included-gettext --enable-threads=posix --with-gxx-include-dir=/usr/include/c++/4.6 --libdir=/usr/lib --enable-nls --with-sysroot=/ --enable-clocale=gnu --enable-libstdcxx-debug --enable-libstdcxx-time=yes --enable-plugin --enable-objc-gc --enable-targets=all --disable-werror --with-arch-32=i686 --with-tune=generic --enable-checking=release --build=i686-linux-gnu --host=i686-linux-gnu --target=i686-linux-gnu
Thread model: posix
gcc version 4.6.1 (Ubuntu/Linaro 4.6.1-9ubuntu3) 
configure:2943: $? = 0
configure:2932: gcc -V >&5
gcc: error: unrecognized option '-V'
gcc: fatal error: no input files
compilation terminated.
configure:2943: $? = 4
configure:2932: gcc -qversion >&5
gcc: error: unrecognized option '-qversion'
gcc: fatal error: no input files
compilation terminated.
configure:2943: $? = 4
configure:2963: checking whether the C compiler works
configure:2985: gcc    conftest.c  >&5
configure:2989: $? = 0
configure:3037: result: yes
configure:3040: checking for C compiler default output file name
configure:3042: result: a.out
configure:3048: checking for suffix of executables
configure:3055: gcc -o conftest    conftest.c  >&5
configure:3059: $? = 0
configure:3081: result: 
configure:3103: checking whether we are cross compiling
configure:3111: gcc -o conftest    conftest.c  >&5
configure:3115: $? = 0
configure:3122: ./conftest
configure:3126: $? = 0
configure:3141: result: no
configure:3146: checking for suffix of object files
configure:3168: gcc -c   conftest.c >&5
configure:3172: $? = 0
configure:3193: result: o
configure:3197: checking whether we are using the GNU C compiler
configure:3216: gcc -c   conftest.c >&5
configure:3216: $? = 0
configure:3225: result: yes
configure:3234: checking whether gcc accepts -g
configure:3254: gcc -c -g  conftest.c >&5
configure:3254: $? = 0
configure:3295: result: yes
configure:3312: checking for gcc option to accept ISO C89
configure:3375: gcc  -c -g -O2  conftest.c >&5
configure:3375: $? = 0
configure:3388: result: none needed
configure:3410: checking dependency style of gcc
configure:3521: result: gcc3
configure:3537: checking whether gcc and cc understand -c and -o together
configure:3568: gcc -c conftest.cpp -o conftest2.o >&5
configure:3572: $? = 0
configure:3578: gcc -c conftest.cpp -o conftest2.o >&5
configure:3582: $? = 0
configure:3593: cc -c conftest.cpp >&5
configure:3597: $? = 0
configure:3605: cc -c conftest.cpp -o conftest2.o >&5
configure:3609: $? = 0
configure:3615: cc -c conftest.cpp -o conftest2.o >&5
configure:3619: $? = 0
configure:3637: result: yes
configure:3670: checking whether to enable maintainer-specific portions of Makefiles
configure:3679: result: no
configure:3753: checking build system type
configure:3767: result: i686-pc-linux-gnu
configure:3787: checking host system type
configure:3800: result: i686-pc-linux-gnu
configure:3881: checking for pkg-config
configure:3899: found /usr/bin/pkg-config
configure:3911: result: /usr/bin/pkg-config
configure:3936: checking pkg-config is at least version 0.9.0
configure:3939: result: yes
configure:3982: checking for wx-config
configure:4014: result: no
configure:4191: WARNING:
     "wxWidgets is recomended, but wx-config script couldn't be found.     Please check that wx-config is in path, the directory      where wxWidgets libraries are installed (returned by      'wx-config --libs' command) is in LD_LIBRARY_PATH or      equivalent variable and wxWidgets version is 2.8.0 or above. "
    		    
configure:4222: checking for X11
configure:4229: $PKG_CONFIG --exists --print-errors "x11"
configure:4232: $? = 0
configure:4246: $PKG_CONFIG --exists --print-errors "x11"
configure:4249: $? = 0
configure:4293: result: yes
configure:4465: checking for g++
configure:4481: found /usr/bin/g++
configure:4492: result: g++
configure:4519: checking for C++ compiler version
configure:4528: g++ --version >&5
g++ (Ubuntu/Linaro 4.6.1-9ubuntu3) 4.6.1
Copyright (C) 2011 Free Software Foundation, Inc.
This is free software; see the source for copying conditions.  There is NO
warranty; not even for MERCHANTABILITY or FITNESS FOR A PARTICULAR PURPOSE.

configure:4539: $? = 0
configure:4528: g++ -v >&5
Using built-in specs.
COLLECT_GCC=g++
COLLECT_LTO_WRAPPER=/usr/lib/gcc/i686-linux-gnu/4.6.1/lto-wrapper
Target: i686-linux-gnu
Configured with: ../src/configure -v --with-pkgversion='Ubuntu/Linaro 4.6.1-9ubuntu3' --with-bugurl=file:///usr/share/doc/gcc-4.6/README.Bugs --enable-languages=c,c++,fortran,objc,obj-c++,go --prefix=/usr --program-suffix=-4.6 --enable-shared --enable-linker-build-id --with-system-zlib --libexecdir=/usr/lib --without-included-gettext --enable-threads=posix --with-gxx-include-dir=/usr/include/c++/4.6 --libdir=/usr/lib --enable-nls --with-sysroot=/ --enable-clocale=gnu --enable-libstdcxx-debug --enable-libstdcxx-time=yes --enable-plugin --enable-objc-gc --enable-targets=all --disable-werror --with-arch-32=i686 --with-tune=generic --enable-checking=release --build=i686-linux-gnu --host=i686-linux-gnu --target=i686-linux-gnu
Thread model: posix
gcc version 4.6.1 (Ubuntu/Linaro 4.6.1-9ubuntu3) 
configure:4539: $? = 0
configure:4528: g++ -V >&5
g++: error: unrecognized option '-V'
g++: fatal error: no input files
compilation terminated.
configure:4539: $? = 4
configure:4528: g++ -qversion >&5
g++: error: unrecognized option '-qversion'
g++: fatal error: no input files
compilation terminated.
configure:4539: $? = 4
configure:4543: checking whether we are using the GNU C++ compiler
configure:4562: g++ -c   conftest.cpp >&5
configure:4562: $? = 0
configure:4571: result: yes
configure:4580: checking whether g++ accepts -g
configure:4600: g++ -c -g  conftest.cpp >&5
configure:4600: $? = 0
configure:4641: result: yes
configure:4666: checking dependency style of g++
configure:4777: result: gcc3
configure:4837: checking for ranlib
configure:4853: found /usr/bin/ranlib
configure:4864: result: ranlib
configure:5004: checking that generated files are newer than configure
configure:5010: result: done
configure:5045: creating ./config.status

## ---------------------- ##
## Running config.status. ##
## ---------------------- ##

This file was extended by capdAux config.status 1.0, which was
generated by GNU Autoconf 2.69.  Invocation command line was

  CONFIG_FILES    = 
  CONFIG_HEADERS  = 
  CONFIG_LINKS    = 
  CONFIG_COMMANDS = 
  $ ./config.status 

on parasara-HPENVY

config.status:894: creating ./../lib/pkgconfig-dev/capdauxil.pc
config.status:894: creating src/capd/auxil/capdauxil.pc
config.status:894: creating ./../lib/pkgconfig-dev/capdkrak.pc
config.status:894: creating src/capd/krak/capdkrak.pc
config.status:894: creating src/capd/krak/Makefile
config.status:894: creating ./../lib/pkgconfig-dev/capdAux.pc
config.status:894: creating src/capd/capdAux.pc
config.status:894: creating Makefile
config.status:894: creating include/Makefile
config.status:894: creating src/Makefile
config.status:894: creating src/capd/Makefile
config.status:894: creating src/capd/auxil/Makefile
config.status:894: creating include/capd/config-capdAux.h
config.status:1123: executing depfiles commands
configure:6438: === configuring in examples (/home/parasara/Documents/SimulinkSimulations/CAPD/newVer/DynSysNew/capd/capdAux/examples)
configure:6501: running /bin/bash ./configure --disable-option-checking '--prefix=/usr/local'  'PKG_CONFIG_PATH=/home/parasara/Documents/SimulinkSimulations/CAPD/newVer/DynSysNew/capd/lib/pkgconfig-dev' --cache-file=/dev/null --srcdir=.
configure:6438: === configuring in tests (/home/parasara/Documents/SimulinkSimulations/CAPD/newVer/DynSysNew/capd/capdAux/tests)
configure:6501: running /bin/bash ./configure --disable-option-checking '--prefix=/usr/local'  'PKG_CONFIG_PATH=/home/parasara/Documents/SimulinkSimulations/CAPD/newVer/DynSysNew/capd/lib/pkgconfig-dev' --cache-file=/dev/null --srcdir=.

## ---------------- ##
## Cache variables. ##
## ---------------- ##

ac_cv_build=i686-pc-linux-gnu
ac_cv_c_compiler_gnu=yes
ac_cv_cxx_compiler_gnu=yes
ac_cv_env_CCC_set=
ac_cv_env_CCC_value=
ac_cv_env_CC_set=
ac_cv_env_CC_value=
ac_cv_env_CFLAGS_set=
ac_cv_env_CFLAGS_value=
ac_cv_env_CPPFLAGS_set=
ac_cv_env_CPPFLAGS_value=
ac_cv_env_CXXFLAGS_set=
ac_cv_env_CXXFLAGS_value=
ac_cv_env_CXX_set=
ac_cv_env_CXX_value=
ac_cv_env_LDFLAGS_set=
ac_cv_env_LDFLAGS_value=
ac_cv_env_LIBS_set=
ac_cv_env_LIBS_value=
ac_cv_env_PKG_CONFIG_LIBDIR_set=
ac_cv_env_PKG_CONFIG_LIBDIR_value=
ac_cv_env_PKG_CONFIG_PATH_set=set
ac_cv_env_PKG_CONFIG_PATH_value=/home/parasara/Documents/SimulinkSimulations/CAPD/newVer/DynSysNew/capd/lib/pkgconfig-dev
ac_cv_env_PKG_CONFIG_set=
ac_cv_env_PKG_CONFIG_value=
ac_cv_env_X11_CFLAGS_set=
ac_cv_env_X11_CFLAGS_value=
ac_cv_env_X11_LIBS_set=
ac_cv_env_X11_LIBS_value=
ac_cv_env_build_alias_set=
ac_cv_env_build_alias_value=
ac_cv_env_host_alias_set=
ac_cv_env_host_alias_value=
ac_cv_env_target_alias_set=
ac_cv_env_target_alias_value=
ac_cv_file__home_parasara_Documents_SimulinkSimulations_CAPD_newVer_DynSysNew_capd_capdAux______capdMake=yes
ac_cv_host=i686-pc-linux-gnu
ac_cv_objext=o
ac_cv_path_WX_CONFIG_PATH=no
ac_cv_path_ac_pt_PKG_CONFIG=/usr/bin/pkg-config
ac_cv_path_install='/usr/bin/install -c'
ac_cv_path_mkdir=/bin/mkdir
ac_cv_prog_AWK=gawk
ac_cv_prog_ac_ct_CC=gcc
ac_cv_prog_ac_ct_CXX=g++
ac_cv_prog_ac_ct_RANLIB=ranlib
ac_cv_prog_cc_c89=
ac_cv_prog_cc_g=yes
ac_cv_prog_cc_gcc_c_o=yes
ac_cv_prog_cxx_g=yes
ac_cv_prog_make_make_set=yes
am_cv_CC_dependencies_compiler_type=gcc3
am_cv_CXX_dependencies_compiler_type=gcc3
am_cv_make_support_nested_variables=yes
pkg_cv_X11_CFLAGS=' '
pkg_cv_X11_LIBS='-lX11  '

## ----------------- ##
## Output variables. ##
## ----------------- ##

ACLOCAL='${SHELL} /home/parasara/Documents/SimulinkSimulations/CAPD/newVer/DynSysNew/capd/capdMake/missing aclocal-1.13'
AMDEPBACKSLASH='\'
AMDEP_FALSE='#'
AMDEP_TRUE=''
AMTAR='$${TAR-tar}'
AM_BACKSLASH='\'
AM_DEFAULT_V='$(AM_DEFAULT_VERBOSITY)'
AM_DEFAULT_VERBOSITY='1'
AM_V='$(V)'
AUTOCONF='${SHELL} /home/parasara/Documents/SimulinkSimulations/CAPD/newVer/DynSysNew/capd/capdMake/missing autoconf'
AUTOHEADER='${SHELL} /home/parasara/Documents/SimulinkSimulations/CAPD/newVer/DynSysNew/capd/capdMake/missing autoheader'
AUTOMAKE='${SHELL} /home/parasara/Documents/SimulinkSimulations/CAPD/newVer/DynSysNew/capd/capdMake/missing automake-1.13'
AWK='gawk'
CAPD_MODULES='capdauxil '
CC='gcc'
CCDEPMODE='depmode=gcc3'
CFLAGS='-g -O2'
CPPFLAGS=''
CXX='g++'
CXXDEPMODE='depmode=gcc3'
CXXFLAGS='-g -O2'
CYGPATH_W='echo'
DEFS='-DHAVE_CONFIG_H'
DEPDIR='.deps'
ECHO_C=''
ECHO_N='-n'
ECHO_T=''
EXEEXT=''
HAVE_capdkrak_FALSE='#'
HAVE_capdkrak_TRUE=''
INSTALL_DATA='${INSTALL} -m 644'
INSTALL_PROGRAM='${INSTALL}'
INSTALL_SCRIPT='${INSTALL}'
INSTALL_STRIP_PROGRAM='$(install_sh) -c -s'
LDFLAGS=''
LIBOBJS=''
LIBS=''
LTLIBOBJS=''
MAINT='#'
MAINTAINER_MODE_FALSE=''
MAINTAINER_MODE_TRUE='#'
MAKEINFO='${SHELL} /home/parasara/Documents/SimulinkSimulations/CAPD/newVer/DynSysNew/capd/capdMake/missing makeinfo'
MKDIR_P='/bin/mkdir -p'
OBJEXT='o'
PACKAGE='capdaux'
PACKAGE_BUGREPORT='BUG-REPORT-ADDRESS'
PACKAGE_NAME='capdAux'
PACKAGE_STRING='capdAux 1.0'
PACKAGE_TARNAME='capdaux'
PACKAGE_URL=''
PACKAGE_VERSION='1.0'
PATH_SEPARATOR=':'
PKG_CONFIG='/usr/bin/pkg-config'
PKG_CONFIG_DEV_DIR='/home/parasara/Documents/SimulinkSimulations/CAPD/newVer/DynSysNew/capd/lib/pkgconfig-dev'
PKG_CONFIG_DIR='${libdir}/pkgconfig'
PKG_CONFIG_LIBDIR=''
PKG_CONFIG_PATH='/home/parasara/Documents/SimulinkSimulations/CAPD/newVer/DynSysNew/capd/lib/pkgconfig-dev'
RANLIB='ranlib'
SET_MAKE=''
SHELL='/bin/bash'
STRIP=''
VERSION='1.0'
WX_CFLAGS=''
WX_CFLAGS_ONLY=''
WX_CONFIG_PATH='no'
WX_CPPFLAGS=''
WX_CXXFLAGS=''
WX_CXXFLAGS_ONLY=''
WX_LIBS=''
WX_LIBS_STATIC=''
WX_RESCOMP=''
WX_VERSION=''
X11_CFLAGS=' '
X11_LIBS='-lX11  '
ac_ct_CC='gcc'
ac_ct_CXX='g++'
am__EXEEXT_FALSE=''
am__EXEEXT_TRUE='#'
am__fastdepCC_FALSE='#'
am__fastdepCC_TRUE=''
am__fastdepCXX_FALSE='#'
am__fastdepCXX_TRUE=''
am__include='include'
am__isrc=''
am__leading_dot='.'
am__nodep='_no'
am__quote=''
am__tar='$${TAR-tar} chof - "$$tardir"'
am__untar='$${TAR-tar} xf -'
bindir='${exec_prefix}/bin'
build='i686-pc-linux-gnu'
build_alias=''
build_cpu='i686'
build_os='linux-gnu'
build_vendor='pc'
capdAux_CFLAGS=''
capdMake='/home/parasara/Documents/SimulinkSimulations/CAPD/newVer/DynSysNew/capd/capdAux/./../capdMake'
capdauxil_CFLAGS=''
capdkrak_CFLAGS=''
capdkrak_LIBS=''
capdkrak_REQUIRES='x11'
datadir='${datarootdir}'
datarootdir='${prefix}/share'
docdir='${datarootdir}/doc/${PACKAGE_TARNAME}'
dvidir='${docdir}'
exec_prefix='${prefix}'
host='i686-pc-linux-gnu'
host_alias=''
host_cpu='i686'
host_os='linux-gnu'
host_vendor='pc'
htmldir='${docdir}'
includedir='${prefix}/include'
infodir='${datarootdir}/info'
install_sh='${SHELL} /home/parasara/Documents/SimulinkSimulations/CAPD/newVer/DynSysNew/capd/capdMake/install-sh'
libdir='${exec_prefix}/lib'
libexecdir='${exec_prefix}/libexec'
localedir='${datarootdir}/locale'
localstatedir='${prefix}/var'
mandir='${datarootdir}/man'
mkdir_p='$(MKDIR_P)'
oldincludedir='/usr/include'
pdfdir='${docdir}'
prefix='/usr/local'
program_transform_name='s,x,x,'
psdir='${docdir}'
sbindir='${exec_prefix}/sbin'
sharedstatedir='${prefix}/com'
subdirs=' examples tests'
sysconfdir='${prefix}/etc'
target_alias=''
top_capd='./..'

## ----------- ##
## confdefs.h. ##
## ----------- ##

/* confdefs.h */
#define PACKAGE_NAME "capdAux"
#define PACKAGE_TARNAME "capdaux"
#define PACKAGE_VERSION "1.0"
#define PACKAGE_STRING "capdAux 1.0"
#define PACKAGE_BUGREPORT "BUG-REPORT-ADDRESS"
#define PACKAGE_URL ""

configure: exit 0
